#
# A fatal error has been detected by the Java Runtime Environment:
#
#  EXCEPTION_ACCESS_VIOLATION (0xc0000005) at pc=0x00007ff901593856, pid=860, tid=0x00000000000020b4
#
# JRE version: Java(TM) SE Runtime Environment (8.0_261-b12) (build 1.8.0_261-b12)
# Java VM: Java HotSpot(TM) 64-Bit Server VM (25.261-b12 mixed mode windows-amd64 compressed oops)
# Problematic frame:
# C  0x00007ff901593856
#
# Failed to write core dump. Minidumps are not enabled by default on client versions of Windows
#
# If you would like to submit a bug report, please visit:
#   http://bugreport.java.com/bugreport/crash.jsp
# The crash happened outside the Java Virtual Machine in native code.
# See problematic frame for where to report the bug.
#

---------------  T H R E A D  ---------------

Current thread (0x0000019c3c3f1800):  JavaThread "JavaFX Application Thread" [_thread_in_native, id=8372, stack(0x00000035a2900000,0x00000035a2a00000)]

siginfo: ExceptionCode=0xc0000005, reading address 0x0000019c0000004e

Registers:
RAX=0x0000019c0000000e, RBX=0x0000000000000004, RCX=0x00000000000000f3, RDX=0x7a00000000000000
RSP=0x00000035a29fbfb0, RBP=0x00000035a29fc089, RSI=0x0000019c45151640, RDI=0x0000000000000000
R8 =0x0000000000000004, R9 =0x0000019c8ab3e1c0, R10=0x00000035a29fc030, R11=0x0000000000000008
R12=0x0000000000000006, R13=0x0000019c8b356790, R14=0x00000035a29fc130, R15=0x0000019c45866f50
RIP=0x00007ff901593856, EFLAGS=0x0000000000010202

Top of Stack: (sp=0x00000035a29fbfb0)
0x00000035a29fbfb0:   0000019c8a64fd20 00007ff90133bf98
0x00000035a29fbfc0:   0000019c45151640 00000000ffffffff
0x00000035a29fbfd0:   0000019c452546c0 00007ff9015f53b5
0x00000035a29fbfe0:   0000019c8adec730 00000035a29fc078
0x00000035a29fbff0:   0000019c8ab3fc90 00004fa474b64b62
0x00000035a29fc000:   0000019c8a64fd20 0000019c8a9c9230
0x00000035a29fc010:   0000019c45151640 0000019c8b356b10
0x00000035a29fc020:   00000004a29fc000 0000019c00000008
0x00000035a29fc030:   0000019c8b3ac580 0000019c8b3511e0
0x00000035a29fc040:   0000019c8b3ac590 0000019c456e0900
0x00000035a29fc050:   000000000000000c 00000035a29fc1d8
0x00000035a29fc060:   0000019c3c3f1800 000000005be66e4e
0x00000035a29fc070:   00000035a29fc030 0000000000000000
0x00000035a29fc080:   00004fa474b634a2 0000000000000030
0x00000035a29fc090:   00004fa474b64b02 00007ff9006b02d4
0x00000035a29fc0a0:   00000035a29fc1d0 0000000000000006 

Instructions: (pc=0x00007ff901593856)
0x00007ff901593836:   ff 8b ca 48 c1 e9 07 48 c1 e2 39 48 8b 80 d8 3e
0x00007ff901593846:   00 00 48 8b 80 c8 00 00 00 48 8b 04 c8 48 33 c2
0x00007ff901593856:   48 8b 40 40 48 83 c0 20 0f 84 ef 01 00 00 45 3b
0x00007ff901593866:   c3 74 22 48 8d 45 a7 4c 3b d0 74 05 4d 85 d2 75 


Register to memory mapping:

RAX=0x0000019c0000000e is an unknown value
RBX=0x0000000000000004 is an unknown value
RCX=0x00000000000000f3 is an unknown value
RDX=0x7a00000000000000 is an unknown value
RSP=0x00000035a29fbfb0 is pointing into the stack for thread: 0x0000019c3c3f1800
RBP=0x00000035a29fc089 is pointing into the stack for thread: 0x0000019c3c3f1800
RSI=0x0000019c45151640 is an unknown value
RDI=0x0000000000000000 is an unknown value
R8 =0x0000000000000004 is an unknown value
R9 =0x0000019c8ab3e1c0 is an unknown value
R10=0x00000035a29fc030 is pointing into the stack for thread: 0x0000019c3c3f1800
R11=0x0000000000000008 is an unknown value
R12=0x0000000000000006 is an unknown value
R13=0x0000019c8b356790 is an unknown value
R14=0x00000035a29fc130 is pointing into the stack for thread: 0x0000019c3c3f1800
R15=0x0000019c45866f50 is an unknown value


Stack: [0x00000035a2900000,0x00000035a2a00000],  sp=0x00000035a29fbfb0,  free space=1007k
Native frames: (J=compiled Java code, j=interpreted, Vv=VM code, C=native code)
C  0x00007ff901593856
C  0x00007ff900b55b03
C  0x0000019c259a97af

Java frames: (J=compiled Java code, j=interpreted, Vv=VM code)
J 2928  com.sun.webkit.dom.JSObject.callImpl(JILjava/lang/String;[Ljava/lang/Object;Ljava/security/AccessControlContext;)Ljava/lang/Object; (0 bytes) @ 0x0000019c259a9712 [0x0000019c259a9680+0x92]
J 3805 C2 com.sun.webkit.dom.JSObject.call(Ljava/lang/String;[Ljava/lang/Object;)Ljava/lang/Object; (23 bytes) @ 0x0000019c26280920 [0x0000019c26280240+0x6e0]
J 2940 C1 org.netbeans.html.boot.fx.AbstractFXPresenter$JSFn.invokeImpl(Ljava/lang/Object;Z[Ljava/lang/Object;)Ljava/lang/Object; (264 bytes) @ 0x0000019c25a30e64 [0x0000019c25a2e880+0x25e4]
J 2943 C1 org.netbeans.html.boot.fx.AbstractFXPresenter$JSFn.invoke(Ljava/lang/Object;[Ljava/lang/Object;)Ljava/lang/Object; (8 bytes) @ 0x0000019c25b7a144 [0x0000019c25b7a040+0x104]
j  net.java.html.leaflet.EventMethodsHelper.addMouseListenerImpl(Ljava/lang/Object;Ljava/lang/String;Lnet/java/html/leaflet/event/MouseListener;Ljava/lang/Object;)Ljava/lang/Object;+111
j  net.java.html.leaflet.EventMethodsHelper.addMouseListener(Ljava/lang/Object;Lnet/java/html/leaflet/event/MouseEvent$Type;Lnet/java/html/leaflet/event/MouseListener;)V+12
j  net.java.html.leaflet.Marker.addMouseListener(Lnet/java/html/leaflet/event/MouseEvent$Type;Lnet/java/html/leaflet/event/MouseListener;)Lnet/java/html/leaflet/Marker;+6
j  com.gianmarco.merletti.progetto_ispw.logic.view.javafx.MapController.loadMarkers(Ljava/util/List;Lnet/java/html/leaflet/MarkerOptions;)V+173
j  com.gianmarco.merletti.progetto_ispw.logic.view.javafx.MapController.addEventFromCity(Lnet/java/html/leaflet/Map;Lcom/gianmarco/merletti/progetto_ispw/logic/util/CityEnum;)V+17
j  com.gianmarco.merletti.progetto_ispw.logic.view.javafx.MapController$1.run()V+562
j  org.netbeans.html.boot.fx.InitializeWebView.run()V+20
j  net.java.html.boot.BrowserBuilder$1OnPageLoad$1CallInitMethod.run()V+33
j  net.java.html.BrwsrCtx$1Wrap.run()V+24
j  org.netbeans.html.boot.fx.AbstractFXPresenter.execute(Ljava/lang/Runnable;)V+12
j  net.java.html.BrwsrCtx.execute(Ljava/lang/Runnable;)V+33
j  net.java.html.boot.BrowserBuilder$1OnPageLoad.run()V+146
j  org.netbeans.html.boot.fx.AbstractFXPresenter.onPageLoad()V+12
j  org.netbeans.html.boot.fx.InitializeWebView$FindViewListener.changed(Ljavafx/beans/value/ObservableValue;Ljavafx/concurrent/Worker$State;Ljavafx/concurrent/Worker$State;)V+49
j  org.netbeans.html.boot.fx.InitializeWebView$FindViewListener.changed(Ljavafx/beans/value/ObservableValue;Ljava/lang/Object;Ljava/lang/Object;)V+10
j  com.sun.javafx.binding.ExpressionHelper$Generic.fireValueChangedEvent()V+167
J 2752 C1 javafx.beans.property.ReadOnlyObjectWrapper.fireValueChangedEvent()V (19 bytes) @ 0x0000019c260c9944 [0x0000019c260c9540+0x404]
J 1562 C1 javafx.beans.property.ObjectPropertyBase.set(Ljava/lang/Object;)V (110 bytes) @ 0x0000019c25d5ec24 [0x0000019c25d5e460+0x7c4]
j  javafx.scene.web.WebEngine$LoadWorker.updateState(Ljavafx/concurrent/Worker$State;)V+8
j  javafx.scene.web.WebEngine$LoadWorker.dispatchLoadEvent(JILjava/lang/String;Ljava/lang/String;DI)V+309
j  javafx.scene.web.WebEngine$LoadWorker.access$1200(Ljavafx/scene/web/WebEngine$LoadWorker;JILjava/lang/String;Ljava/lang/String;DI)V+11
j  javafx.scene.web.WebEngine$PageLoadListener.dispatchLoadEvent(JILjava/lang/String;Ljava/lang/String;DI)V+32
j  com.sun.webkit.WebPage.fireLoadEvent(JILjava/lang/String;Ljava/lang/String;DI)V+45
j  com.sun.webkit.WebPage.fwkFireLoadEvent(JILjava/lang/String;Ljava/lang/String;DI)V+94
v  ~StubRoutines::call_stub
j  com.sun.webkit.Timer.twkFireTimerEvent()V+0
j  com.sun.webkit.Timer.fireTimerEvent(J)V+45
j  com.sun.webkit.Timer.notifyTick()V+25
j  javafx.scene.web.WebEngine$PulseTimer.lambda$null$0()V+3
j  javafx.scene.web.WebEngine$PulseTimer$$Lambda$305.run()V+0
j  com.sun.javafx.application.PlatformImpl.lambda$null$5(Ljava/lang/Runnable;)Ljava/lang/Void;+1
j  com.sun.javafx.application.PlatformImpl$$Lambda$50.run()Ljava/lang/Object;+4
v  ~StubRoutines::call_stub
J 1219  java.security.AccessController.doPrivileged(Ljava/security/PrivilegedAction;Ljava/security/AccessControlContext;)Ljava/lang/Object; (0 bytes) @ 0x0000019c25cc1e26 [0x0000019c25cc1dc0+0x66]
j  com.sun.javafx.application.PlatformImpl.lambda$runLater$6(Ljava/lang/Runnable;Ljava/security/AccessControlContext;)V+7
j  com.sun.javafx.application.PlatformImpl$$Lambda$49.run()V+8
J 1428 C1 com.sun.glass.ui.InvokeLaterDispatcher$Future.run()V (91 bytes) @ 0x0000019c25d1e0cc [0x0000019c25d1dfc0+0x10c]
v  ~StubRoutines::call_stub
j  com.sun.glass.ui.win.WinApplication._runLoop(Ljava/lang/Runnable;)V+0
j  com.sun.glass.ui.win.WinApplication.lambda$null$4(ILjava/lang/Runnable;)V+8
j  com.sun.glass.ui.win.WinApplication$$Lambda$38.run()V+12
j  java.lang.Thread.run()V+11
v  ~StubRoutines::call_stub

---------------  P R O C E S S  ---------------

Java Threads: ( => current thread )
  0x0000019c8a856800 JavaThread "URL-Loader-20" daemon [_thread_blocked, id=14460, stack(0x00000035a5b00000,0x00000035a5c00000)]
  0x0000019c8a852800 JavaThread "URL-Loader-19" daemon [_thread_blocked, id=14852, stack(0x00000035a5a00000,0x00000035a5b00000)]
  0x0000019c8a855800 JavaThread "URL-Loader-18" daemon [_thread_blocked, id=12248, stack(0x00000035a5900000,0x00000035a5a00000)]
  0x0000019c8a858000 JavaThread "URL-Loader-17" daemon [_thread_blocked, id=1712, stack(0x00000035a5800000,0x00000035a5900000)]
  0x0000019c8a857000 JavaThread "URL-Loader-16" daemon [_thread_blocked, id=12224, stack(0x00000035a5700000,0x00000035a5800000)]
  0x0000019c8a852000 JavaThread "URL-Loader-15" daemon [_thread_blocked, id=608, stack(0x00000035a5600000,0x00000035a5700000)]
  0x0000019c8a855000 JavaThread "URL-Loader-14" daemon [_thread_blocked, id=8628, stack(0x00000035a5500000,0x00000035a5600000)]
  0x0000019c8a851000 JavaThread "URL-Loader-13" daemon [_thread_blocked, id=13320, stack(0x00000035a5400000,0x00000035a5500000)]
  0x0000019c8a849800 JavaThread "URL-Loader-12" daemon [_thread_blocked, id=12476, stack(0x00000035a5300000,0x00000035a5400000)]
  0x0000019c8a850800 JavaThread "URL-Loader-11" daemon [_thread_blocked, id=13548, stack(0x00000035a5200000,0x00000035a5300000)]
  0x0000019c8a84f000 JavaThread "URL-Loader-10" daemon [_thread_blocked, id=14240, stack(0x00000035a5100000,0x00000035a5200000)]
  0x0000019c8a849000 JavaThread "Keep-Alive-Timer" daemon [_thread_blocked, id=9360, stack(0x00000035a5000000,0x00000035a5100000)]
  0x0000019c8a84c000 JavaThread "URL-Loader-9" daemon [_thread_blocked, id=9480, stack(0x00000035a4e00000,0x00000035a4f00000)]
  0x0000019c8a84d800 JavaThread "URL-Loader-8" daemon [_thread_blocked, id=13348, stack(0x00000035a4d00000,0x00000035a4e00000)]
  0x0000019c8a84f800 JavaThread "URL-Loader-7" daemon [_thread_blocked, id=8020, stack(0x00000035a4c00000,0x00000035a4d00000)]
  0x0000019c8a84e000 JavaThread "URL-Loader-6" daemon [_thread_blocked, id=12496, stack(0x00000035a4b00000,0x00000035a4c00000)]
  0x0000019c8a84c800 JavaThread "URL-Loader-5" daemon [_thread_blocked, id=11532, stack(0x00000035a4a00000,0x00000035a4b00000)]
  0x0000019c8a84a800 JavaThread "URL-Loader-4" daemon [_thread_blocked, id=2664, stack(0x00000035a4700000,0x00000035a4800000)]
  0x0000019c3a9ac800 JavaThread "URL-Loader-3" daemon [_thread_blocked, id=13732, stack(0x00000035a4300000,0x00000035a4400000)]
  0x0000019c3a9b2000 JavaThread "URL-Loader-2" daemon [_thread_blocked, id=14092, stack(0x00000035a4200000,0x00000035a4300000)]
  0x0000019c3a9b1000 JavaThread "Thread-5" daemon [_thread_in_native, id=14604, stack(0x00000035a4100000,0x00000035a4200000)]
  0x0000019c3a9ae000 JavaThread "URL-Loader-1" daemon [_thread_blocked, id=10896, stack(0x00000035a3900000,0x00000035a3a00000)]
  0x0000019c44a07000 JavaThread "Disposer" daemon [_thread_blocked, id=14244, stack(0x00000035a3800000,0x00000035a3900000)]
  0x0000019c454e4800 JavaThread "mysql-cj-abandoned-connection-cleanup" daemon [_thread_blocked, id=2348, stack(0x00000035a3700000,0x00000035a3800000)]
  0x0000019c3c856800 JavaThread "Prism Font Disposer" daemon [_thread_blocked, id=9968, stack(0x00000035a2f00000,0x00000035a3000000)]
  0x0000019c3c5ae000 JavaThread "Thread-3" daemon [_thread_in_native, id=11732, stack(0x00000035a2d00000,0x00000035a2e00000)]
  0x0000019c3c598800 JavaThread "JavaFX-Launcher" [_thread_blocked, id=13984, stack(0x00000035a2e00000,0x00000035a2f00000)]
=>0x0000019c3c3f1800 JavaThread "JavaFX Application Thread" [_thread_in_native, id=8372, stack(0x00000035a2900000,0x00000035a2a00000)]
  0x0000019c3c3e4000 JavaThread "Thread-1" daemon [_thread_blocked, id=7788, stack(0x00000035a2800000,0x00000035a2900000)]
  0x0000019c3c137800 JavaThread "QuantumRenderer-0" daemon [_thread_blocked, id=13964, stack(0x00000035a2700000,0x00000035a2800000)]
  0x0000019c3bd78800 JavaThread "Service Thread" daemon [_thread_blocked, id=6188, stack(0x00000035a2500000,0x00000035a2600000)]
  0x0000019c3a9b0800 JavaThread "C1 CompilerThread3" daemon [_thread_blocked, id=2188, stack(0x00000035a2400000,0x00000035a2500000)]
  0x0000019c3a9a8800 JavaThread "C2 CompilerThread2" daemon [_thread_blocked, id=11960, stack(0x00000035a2300000,0x00000035a2400000)]
  0x0000019c3a99f000 JavaThread "C2 CompilerThread1" daemon [_thread_blocked, id=13212, stack(0x00000035a2200000,0x00000035a2300000)]
  0x0000019c3a99c000 JavaThread "C2 CompilerThread0" daemon [_thread_blocked, id=14040, stack(0x00000035a2100000,0x00000035a2200000)]
  0x0000019c3a99a800 JavaThread "Attach Listener" daemon [_thread_blocked, id=9736, stack(0x00000035a2000000,0x00000035a2100000)]
  0x0000019c3a998800 JavaThread "Signal Dispatcher" daemon [_thread_blocked, id=15056, stack(0x00000035a1f00000,0x00000035a2000000)]
  0x0000019c39d7c000 JavaThread "Finalizer" daemon [_thread_blocked, id=12988, stack(0x00000035a1e00000,0x00000035a1f00000)]
  0x0000019c3a969800 JavaThread "Reference Handler" daemon [_thread_blocked, id=2100, stack(0x00000035a1d00000,0x00000035a1e00000)]
  0x0000019c23f27000 JavaThread "main" [_thread_blocked, id=9668, stack(0x00000035a1300000,0x00000035a1400000)]

Other Threads:
  0x0000019c3a942800 VMThread [stack: 0x00000035a1c00000,0x00000035a1d00000] [id=13508]
  0x0000019c3aa1b800 WatcherThread [stack: 0x00000035a2600000,0x00000035a2700000] [id=992]

VM state:not at safepoint (normal execution)

VM Mutex/Monitor currently owned by a thread: None

heap address: 0x0000000084400000, size: 1980 MB, Compressed Oops mode: 32-bit
Narrow klass base: 0x0000000000000000, Narrow klass shift: 3
Compressed class space size: 1073741824 Address: 0x0000000100000000

Heap:
 PSYoungGen      total 49152K, used 36018K [0x00000000d6c00000, 0x00000000da380000, 0x0000000100000000)
  eden space 44032K, 70% used [0x00000000d6c00000,0x00000000d8a2e118,0x00000000d9700000)
  from space 5120K, 99% used [0x00000000d9c00000,0x00000000da0fea48,0x00000000da100000)
  to   space 5120K, 0% used [0x00000000d9700000,0x00000000d9700000,0x00000000d9c00000)
 ParOldGen       total 75776K, used 22527K [0x0000000084400000, 0x0000000088e00000, 0x00000000d6c00000)
  object space 75776K, 29% used [0x0000000084400000,0x00000000859ffd18,0x0000000088e00000)
 Metaspace       used 29598K, capacity 30748K, committed 30976K, reserved 1075200K
  class space    used 4041K, capacity 4305K, committed 4352K, reserved 1048576K

Card table byte_map: [0x0000019c34c40000,0x0000019c35020000] byte_map_base: 0x0000019c3481e000

Marking Bits: (ParMarkBitMap*) 0x000000005c504fb0
 Begin Bits: [0x0000019c352c0000, 0x0000019c371b0000)
 End Bits:   [0x0000019c371b0000, 0x0000019c390a0000)

Polling page: 0x0000019c24030000

CodeCache: size=245760Kb used=10212Kb max_used=10230Kb free=235547Kb
 bounds [0x0000019c25880000, 0x0000019c26290000, 0x0000019c34880000]
 total_blobs=4258 nmethods=3398 adapters=772
 compilation: enabled

Compilation events (10 events):
Event: 13.911 Thread 0x0000019c3a9b0800 3814       3       com.mysql.cj.protocol.AbstractSocketConnection::getMysqlInput (25 bytes)
Event: 13.912 Thread 0x0000019c3a9b0800 nmethod 3814 0x0000019c26275950 code [0x0000019c26275ae0, 0x0000019c26275de0]
Event: 13.912 Thread 0x0000019c3a9b0800 3816       3       com.mysql.cj.protocol.FullReadInputStream::readFully (86 bytes)
Event: 13.913 Thread 0x0000019c3a9b0800 nmethod 3816 0x0000019c2627e750 code [0x0000019c2627e980, 0x0000019c2627f7c0]
Event: 13.913 Thread 0x0000019c3a9b0800 3818       3       java.lang.String$CaseInsensitiveComparator::compare (13 bytes)
Event: 13.913 Thread 0x0000019c3a9b0800 nmethod 3818 0x0000019c26275390 code [0x0000019c26275500, 0x0000019c26275870]
Event: 13.913 Thread 0x0000019c3a9b0800 3817       1       com.mysql.cj.conf.AbstractRuntimeProperty::getInitialValue (5 bytes)
Event: 13.913 Thread 0x0000019c3a9b0800 nmethod 3817 0x0000019c262750d0 code [0x0000019c26275220, 0x0000019c26275338]
Event: 13.913 Thread 0x0000019c3a9b0800 3815       1       com.mysql.cj.protocol.a.NativePacketHeader::getBuffer (5 bytes)
Event: 13.914 Thread 0x0000019c3a9b0800 nmethod 3815 0x0000019c26274e10 code [0x0000019c26274f60, 0x0000019c26275078]

GC Heap History (10 events):
Event: 1.715 GC heap before
{Heap before GC invocations=1 (full 0):
 PSYoungGen      total 36864K, used 31744K [0x00000000d6c00000, 0x00000000d9500000, 0x0000000100000000)
  eden space 31744K, 100% used [0x00000000d6c00000,0x00000000d8b00000,0x00000000d8b00000)
  from space 5120K, 0% used [0x00000000d9000000,0x00000000d9000000,0x00000000d9500000)
  to   space 5120K, 0% used [0x00000000d8b00000,0x00000000d8b00000,0x00000000d9000000)
 ParOldGen       total 84992K, used 0K [0x0000000084400000, 0x0000000089700000, 0x00000000d6c00000)
  object space 84992K, 0% used [0x0000000084400000,0x0000000084400000,0x0000000089700000)
 Metaspace       used 12699K, capacity 13102K, committed 13184K, reserved 1060864K
  class space    used 1780K, capacity 1919K, committed 1920K, reserved 1048576K
Event: 1.728 GC heap after
Heap after GC invocations=1 (full 0):
 PSYoungGen      total 36864K, used 3795K [0x00000000d6c00000, 0x00000000d9500000, 0x0000000100000000)
  eden space 31744K, 0% used [0x00000000d6c00000,0x00000000d6c00000,0x00000000d8b00000)
  from space 5120K, 74% used [0x00000000d8b00000,0x00000000d8eb4df0,0x00000000d9000000)
  to   space 5120K, 0% used [0x00000000d9000000,0x00000000d9000000,0x00000000d9500000)
 ParOldGen       total 84992K, used 5840K [0x0000000084400000, 0x0000000089700000, 0x00000000d6c00000)
  object space 84992K, 6% used [0x0000000084400000,0x00000000849b4020,0x0000000089700000)
 Metaspace       used 12699K, capacity 13102K, committed 13184K, reserved 1060864K
  class space    used 1780K, capacity 1919K, committed 1920K, reserved 1048576K
}
Event: 8.174 GC heap before
{Heap before GC invocations=2 (full 0):
 PSYoungGen      total 36864K, used 27854K [0x00000000d6c00000, 0x00000000d9500000, 0x0000000100000000)
  eden space 31744K, 75% used [0x00000000d6c00000,0x00000000d837ebb8,0x00000000d8b00000)
  from space 5120K, 74% used [0x00000000d8b00000,0x00000000d8eb4df0,0x00000000d9000000)
  to   space 5120K, 0% used [0x00000000d9000000,0x00000000d9000000,0x00000000d9500000)
 ParOldGen       total 84992K, used 5840K [0x0000000084400000, 0x0000000089700000, 0x00000000d6c00000)
  object space 84992K, 6% used [0x0000000084400000,0x00000000849b4020,0x0000000089700000)
 Metaspace       used 20331K, capacity 21074K, committed 21248K, reserved 1067008K
  class space    used 2821K, capacity 3026K, committed 3072K, reserved 1048576K
Event: 8.190 GC heap after
Heap after GC invocations=2 (full 0):
 PSYoungGen      total 36864K, used 5104K [0x00000000d6c00000, 0x00000000d9500000, 0x0000000100000000)
  eden space 31744K, 0% used [0x00000000d6c00000,0x00000000d6c00000,0x00000000d8b00000)
  from space 5120K, 99% used [0x00000000d9000000,0x00000000d94fc060,0x00000000d9500000)
  to   space 5120K, 0% used [0x00000000d8b00000,0x00000000d8b00000,0x00000000d9000000)
 ParOldGen       total 84992K, used 13490K [0x0000000084400000, 0x0000000089700000, 0x00000000d6c00000)
  object space 84992K, 15% used [0x0000000084400000,0x000000008512c988,0x0000000089700000)
 Metaspace       used 20331K, capacity 21074K, committed 21248K, reserved 1067008K
  class space    used 2821K, capacity 3026K, committed 3072K, reserved 1048576K
}
Event: 8.190 GC heap before
{Heap before GC invocations=3 (full 1):
 PSYoungGen      total 36864K, used 5104K [0x00000000d6c00000, 0x00000000d9500000, 0x0000000100000000)
  eden space 31744K, 0% used [0x00000000d6c00000,0x00000000d6c00000,0x00000000d8b00000)
  from space 5120K, 99% used [0x00000000d9000000,0x00000000d94fc060,0x00000000d9500000)
  to   space 5120K, 0% used [0x00000000d8b00000,0x00000000d8b00000,0x00000000d9000000)
 ParOldGen       total 84992K, used 13490K [0x0000000084400000, 0x0000000089700000, 0x00000000d6c00000)
  object space 84992K, 15% used [0x0000000084400000,0x000000008512c988,0x0000000089700000)
 Metaspace       used 20331K, capacity 21074K, committed 21248K, reserved 1067008K
  class space    used 2821K, capacity 3026K, committed 3072K, reserved 1048576K
Event: 8.246 GC heap after
Heap after GC invocations=3 (full 1):
 PSYoungGen      total 36864K, used 0K [0x00000000d6c00000, 0x00000000d9500000, 0x0000000100000000)
  eden space 31744K, 0% used [0x00000000d6c00000,0x00000000d6c00000,0x00000000d8b00000)
  from space 5120K, 0% used [0x00000000d9000000,0x00000000d9000000,0x00000000d9500000)
  to   space 5120K, 0% used [0x00000000d8b00000,0x00000000d8b00000,0x00000000d9000000)
 ParOldGen       total 75776K, used 16548K [0x0000000084400000, 0x0000000088e00000, 0x00000000d6c00000)
  object space 75776K, 21% used [0x0000000084400000,0x00000000854290d8,0x0000000088e00000)
 Metaspace       used 20331K, capacity 21074K, committed 21248K, reserved 1067008K
  class space    used 2821K, capacity 3026K, committed 3072K, reserved 1048576K
}
Event: 9.985 GC heap before
{Heap before GC invocations=4 (full 1):
 PSYoungGen      total 36864K, used 26897K [0x00000000d6c00000, 0x00000000d9500000, 0x0000000100000000)
  eden space 31744K, 84% used [0x00000000d6c00000,0x00000000d8644438,0x00000000d8b00000)
  from space 5120K, 0% used [0x00000000d9000000,0x00000000d9000000,0x00000000d9500000)
  to   space 5120K, 0% used [0x00000000d8b00000,0x00000000d8b00000,0x00000000d9000000)
 ParOldGen       total 75776K, used 16548K [0x0000000084400000, 0x0000000088e00000, 0x00000000d6c00000)
  object space 75776K, 21% used [0x0000000084400000,0x00000000854290d8,0x0000000088e00000)
 Metaspace       used 25840K, capacity 26692K, committed 26880K, reserved 1073152K
  class space    used 3571K, capacity 3781K, committed 3840K, reserved 1048576K
Event: 9.992 GC heap after
Heap after GC invocations=4 (full 1):
 PSYoungGen      total 36864K, used 4665K [0x00000000d6c00000, 0x00000000da100000, 0x0000000100000000)
  eden space 31744K, 0% used [0x00000000d6c00000,0x00000000d6c00000,0x00000000d8b00000)
  from space 5120K, 91% used [0x00000000d8b00000,0x00000000d8f8e5e0,0x00000000d9000000)
  to   space 5120K, 0% used [0x00000000d9c00000,0x00000000d9c00000,0x00000000da100000)
 ParOldGen       total 75776K, used 16556K [0x0000000084400000, 0x0000000088e00000, 0x00000000d6c00000)
  object space 75776K, 21% used [0x0000000084400000,0x000000008542b0d8,0x0000000088e00000)
 Metaspace       used 25840K, capacity 26692K, committed 26880K, reserved 1073152K
  class space    used 3571K, capacity 3781K, committed 3840K, reserved 1048576K
}
Event: 11.159 GC heap before
{Heap before GC invocations=5 (full 1):
 PSYoungGen      total 36864K, used 36409K [0x00000000d6c00000, 0x00000000da100000, 0x0000000100000000)
  eden space 31744K, 100% used [0x00000000d6c00000,0x00000000d8b00000,0x00000000d8b00000)
  from space 5120K, 91% used [0x00000000d8b00000,0x00000000d8f8e5e0,0x00000000d9000000)
  to   space 5120K, 0% used [0x00000000d9c00000,0x00000000d9c00000,0x00000000da100000)
 ParOldGen       total 75776K, used 16556K [0x0000000084400000, 0x0000000088e00000, 0x00000000d6c00000)
  object space 75776K, 21% used [0x0000000084400000,0x000000008542b0d8,0x0000000088e00000)
 Metaspace       used 28891K, capacity 29964K, committed 30208K, reserved 1075200K
  class space    used 4003K, capacity 4267K, committed 4352K, reserved 1048576K
Event: 11.171 GC heap after
Heap after GC invocations=5 (full 1):
 PSYoungGen      total 49152K, used 5114K [0x00000000d6c00000, 0x00000000da380000, 0x0000000100000000)
  eden space 44032K, 0% used [0x00000000d6c00000,0x00000000d6c00000,0x00000000d9700000)
  from space 5120K, 99% used [0x00000000d9c00000,0x00000000da0fea48,0x00000000da100000)
  to   space 5120K, 0% used [0x00000000d9700000,0x00000000d9700000,0x00000000d9c00000)
 ParOldGen       total 75776K, used 22527K [0x0000000084400000, 0x0000000088e00000, 0x00000000d6c00000)
  object space 75776K, 29% used [0x0000000084400000,0x00000000859ffd18,0x0000000088e00000)
 Metaspace       used 28891K, capacity 29964K, committed 30208K, reserved 1075200K
  class space    used 4003K, capacity 4267K, committed 4352K, reserved 1048576K
}

Deoptimization events (10 events):
Event: 10.944 Thread 0x0000019c3c3f1800 Uncommon trap: reason=unstable_if action=reinterpret pc=0x0000019c25af8eb0 method=java.security.AccessControlContext.combine([Ljava/security/ProtectionDomain;[Ljava/security/ProtectionDomain;)[Ljava/security/ProtectionDomain; @ 39
Event: 11.030 Thread 0x0000019c8a84a800 Uncommon trap: reason=unstable_if action=reinterpret pc=0x0000019c26112fe4 method=java.util.Arrays.equals([B[B)Z @ 23
Event: 11.055 Thread 0x0000019c8a84a800 Uncommon trap: reason=unstable_if action=reinterpret pc=0x0000019c25faa370 method=java.lang.String.indexOf([CII[CIII)I @ 27
Event: 11.106 Thread 0x0000019c8a84e000 Uncommon trap: reason=unstable_if action=reinterpret pc=0x0000019c25d917c0 method=java.lang.String.indexOf([CII[CIII)I @ 27
Event: 11.326 Thread 0x0000019c8a84c000 Uncommon trap: reason=class_check action=maybe_recompile pc=0x0000019c25e0b3b4 method=java.util.HashMap.putVal(ILjava/lang/Object;Ljava/lang/Object;ZZ)Ljava/lang/Object; @ 253
Event: 11.328 Thread 0x0000019c8a84d800 Uncommon trap: reason=class_check action=maybe_recompile pc=0x0000019c25e0b3b4 method=java.util.HashMap.putVal(ILjava/lang/Object;Ljava/lang/Object;ZZ)Ljava/lang/Object; @ 253
Event: 11.328 Thread 0x0000019c8a84e000 Uncommon trap: reason=class_check action=maybe_recompile pc=0x0000019c25e0b3b4 method=java.util.HashMap.putVal(ILjava/lang/Object;Ljava/lang/Object;ZZ)Ljava/lang/Object; @ 253
Event: 11.328 Thread 0x0000019c8a84f800 Uncommon trap: reason=class_check action=maybe_recompile pc=0x0000019c25e0b3b4 method=java.util.HashMap.putVal(ILjava/lang/Object;Ljava/lang/Object;ZZ)Ljava/lang/Object; @ 253
Event: 13.762 Thread 0x0000019c3c3f1800 Uncommon trap: reason=unstable_if action=reinterpret pc=0x0000019c25a9730c method=org.netbeans.html.boot.fx.AbstractFXPresenter.toJavaScript(Ljava/lang/Object;Z)Ljava/lang/Object; @ 10
Event: 13.766 Thread 0x0000019c3c3f1800 Uncommon trap: reason=predicate action=maybe_recompile pc=0x0000019c26267788 method=java.util.AbstractCollection.toArray([Ljava/lang/Object;)[Ljava/lang/Object; @ 49

Classes redefined (0 events):
No events

Internal exceptions (10 events):
Event: 9.890 Thread 0x0000019c3c3f1800 Exception <a 'java/io/FileNotFoundException'> (0x00000000d8301490) thrown at [C:\jenkins\workspace\8-2-build-windows-amd64-cygwin\jdk8u261\295\hotspot\src\share\vm\prims\jni.cpp, line 710]
Event: 9.985 Thread 0x0000019c3c3f1800 Exception <a 'java/io/FileNotFoundException'> (0x00000000d85d6d50) thrown at [C:\jenkins\workspace\8-2-build-windows-amd64-cygwin\jdk8u261\295\hotspot\src\share\vm\prims\jni.cpp, line 710]
Event: 10.238 Thread 0x0000019c3c3f1800 Exception <a 'sun/nio/fs/WindowsException'> (0x00000000d77efb58) thrown at [C:\jenkins\workspace\8-2-build-windows-amd64-cygwin\jdk8u261\295\hotspot\src\share\vm\prims\jni.cpp, line 710]
Event: 10.241 Thread 0x0000019c3c3f1800 Exception <a 'sun/nio/fs/WindowsException'> (0x00000000d77f2318) thrown at [C:\jenkins\workspace\8-2-build-windows-amd64-cygwin\jdk8u261\295\hotspot\src\share\vm\prims\jni.cpp, line 710]
Event: 10.409 Thread 0x0000019c3c3f1800 Implicit null exception at 0x0000019c25fcec16 to 0x0000019c25fcedfa
Event: 10.474 Thread 0x0000019c3a9b1000 Exception <a 'sun/nio/fs/WindowsException'> (0x00000000d7c74778) thrown at [C:\jenkins\workspace\8-2-build-windows-amd64-cygwin\jdk8u261\295\hotspot\src\share\vm\prims\jni.cpp, line 710]
Event: 10.481 Thread 0x0000019c3a9ac800 Exception <a 'java/io/FileNotFoundException'> (0x00000000d7cc0308) thrown at [C:\jenkins\workspace\8-2-build-windows-amd64-cygwin\jdk8u261\295\hotspot\src\share\vm\prims\jni.cpp, line 710]
Event: 10.481 Thread 0x0000019c3a9ac800 Exception <a 'java/io/FileNotFoundException'> (0x00000000d7cc0cb8) thrown at [C:\jenkins\workspace\8-2-build-windows-amd64-cygwin\jdk8u261\295\hotspot\src\share\vm\prims\jni.cpp, line 710]
Event: 13.735 Thread 0x0000019c8a84c800 Exception <a 'java/io/FileNotFoundException'> (0x00000000d85f94c8) thrown at [C:\jenkins\workspace\8-2-build-windows-amd64-cygwin\jdk8u261\295\hotspot\src\share\vm\prims\jni.cpp, line 710]
Event: 13.735 Thread 0x0000019c8a84c800 Exception <a 'java/io/FileNotFoundException'> (0x00000000d85f9e78) thrown at [C:\jenkins\workspace\8-2-build-windows-amd64-cygwin\jdk8u261\295\hotspot\src\share\vm\prims\jni.cpp, line 710]

Events (10 events):
Event: 13.752 Thread 0x0000019c3c3f1800 DEOPT PACKING pc=0x0000019c25e2cbdb sp=0x00000035a29fbd80
Event: 13.752 Thread 0x0000019c3c3f1800 DEOPT UNPACKING pc=0x0000019c258c7898 sp=0x00000035a29fbb98 mode 0
Event: 13.752 Thread 0x0000019c3c3f1800 DEOPT PACKING pc=0x0000019c25e2cbdb sp=0x00000035a29fbd80
Event: 13.752 Thread 0x0000019c3c3f1800 DEOPT UNPACKING pc=0x0000019c258c7898 sp=0x00000035a29fbb98 mode 0
Event: 13.762 Thread 0x0000019c3c3f1800 Uncommon trap: trap_request=0xffffff65 fr.pc=0x0000019c25a9730c
Event: 13.762 Thread 0x0000019c3c3f1800 DEOPT PACKING pc=0x0000019c25a9730c sp=0x00000035a29fc2e0
Event: 13.762 Thread 0x0000019c3c3f1800 DEOPT UNPACKING pc=0x0000019c258c5843 sp=0x00000035a29fc318 mode 2
Event: 13.765 Thread 0x0000019c3c3f1800 Uncommon trap: trap_request=0xffffff86 fr.pc=0x0000019c26267788
Event: 13.766 Thread 0x0000019c3c3f1800 DEOPT PACKING pc=0x0000019c26267788 sp=0x00000035a29fc550
Event: 13.766 Thread 0x0000019c3c3f1800 DEOPT UNPACKING pc=0x0000019c258c5843 sp=0x00000035a29fc510 mode 2


Dynamic libraries:
0x00007ff6e7aa0000 - 0x00007ff6e7ae7000 	C:\Program Files\Java\jdk1.8.0_261\bin\javaw.exe
0x00007ff969ba0000 - 0x00007ff969d90000 	C:\WINDOWS\SYSTEM32\ntdll.dll
0x00007ff969420000 - 0x00007ff9694d2000 	C:\WINDOWS\System32\KERNEL32.DLL
0x00007ff966d40000 - 0x00007ff966fe5000 	C:\WINDOWS\System32\KERNELBASE.dll
0x00007ff967fe0000 - 0x00007ff968083000 	C:\WINDOWS\System32\ADVAPI32.dll
0x00007ff967c50000 - 0x00007ff967cee000 	C:\WINDOWS\System32\msvcrt.dll
0x00007ff968280000 - 0x00007ff968317000 	C:\WINDOWS\System32\sechost.dll
0x00007ff967dc0000 - 0x00007ff967ee0000 	C:\WINDOWS\System32\RPCRT4.dll
0x00007ff969280000 - 0x00007ff969414000 	C:\WINDOWS\System32\USER32.dll
0x00007ff967a00000 - 0x00007ff967a21000 	C:\WINDOWS\System32\win32u.dll
0x00007ff9685c0000 - 0x00007ff9685e6000 	C:\WINDOWS\System32\GDI32.dll
0x00007ff966b10000 - 0x00007ff966ca6000 	C:\WINDOWS\System32\gdi32full.dll
0x00007ff967a30000 - 0x00007ff967ace000 	C:\WINDOWS\System32\msvcp_win.dll
0x00007ff9670a0000 - 0x00007ff96719a000 	C:\WINDOWS\System32\ucrtbase.dll
0x00007ff95d060000 - 0x00007ff95d2e4000 	C:\WINDOWS\WinSxS\amd64_microsoft.windows.common-controls_6595b64144ccf1df_6.0.18362.1256_none_9e7e379be45e40e2\COMCTL32.dll
0x00007ff968e90000 - 0x00007ff9691c6000 	C:\WINDOWS\System32\combase.dll
0x00007ff966cb0000 - 0x00007ff966d31000 	C:\WINDOWS\System32\bcryptPrimitives.dll
0x00007ff967fb0000 - 0x00007ff967fde000 	C:\WINDOWS\System32\IMM32.DLL
0x00007ff961a00000 - 0x00007ff961a15000 	C:\Program Files\Java\jdk1.8.0_261\jre\bin\vcruntime140.dll
0x00007ff933380000 - 0x00007ff93341b000 	C:\Program Files\Java\jdk1.8.0_261\jre\bin\msvcp140.dll
0x000000005bd10000 - 0x000000005c57c000 	C:\Program Files\Java\jdk1.8.0_261\jre\bin\server\jvm.dll
0x00007ff9691f0000 - 0x00007ff9691f8000 	C:\WINDOWS\System32\PSAPI.DLL
0x00007ff960d70000 - 0x00007ff960d7a000 	C:\WINDOWS\SYSTEM32\VERSION.dll
0x00007ff95bef0000 - 0x00007ff95bf14000 	C:\WINDOWS\SYSTEM32\WINMM.dll
0x00007ff95aa30000 - 0x00007ff95aa39000 	C:\WINDOWS\SYSTEM32\WSOCK32.dll
0x00007ff968380000 - 0x00007ff9683ef000 	C:\WINDOWS\System32\WS2_32.dll
0x00007ff95bec0000 - 0x00007ff95beed000 	C:\WINDOWS\SYSTEM32\winmmbase.dll
0x00007ff9671a0000 - 0x00007ff9671ea000 	C:\WINDOWS\System32\cfgmgr32.dll
0x00007ff966a50000 - 0x00007ff966a61000 	C:\WINDOWS\System32\kernel.appcore.dll
0x00007ff961c90000 - 0x00007ff961ca0000 	C:\Program Files\Java\jdk1.8.0_261\jre\bin\verify.dll
0x00007ff9602e0000 - 0x00007ff96030b000 	C:\Program Files\Java\jdk1.8.0_261\jre\bin\java.dll
0x00007ff9605c0000 - 0x00007ff9605d8000 	C:\Program Files\Java\jdk1.8.0_261\jre\bin\zip.dll
0x00007ff9687a0000 - 0x00007ff968e87000 	C:\WINDOWS\System32\SHELL32.dll
0x00007ff9681c0000 - 0x00007ff968269000 	C:\WINDOWS\System32\shcore.dll
0x00007ff967270000 - 0x00007ff9679f1000 	C:\WINDOWS\System32\windows.storage.dll
0x00007ff966a90000 - 0x00007ff966ab3000 	C:\WINDOWS\System32\profapi.dll
0x00007ff966ac0000 - 0x00007ff966b0a000 	C:\WINDOWS\System32\powrprof.dll
0x00007ff966a40000 - 0x00007ff966a50000 	C:\WINDOWS\System32\UMPDC.dll
0x00007ff969af0000 - 0x00007ff969b42000 	C:\WINDOWS\System32\shlwapi.dll
0x00007ff967250000 - 0x00007ff967267000 	C:\WINDOWS\System32\cryptsp.dll
0x0000019c240a0000 - 0x0000019c240a3000 	C:\Program Files\Java\jdk1.8.0_261\jre\bin\api-ms-win-core-console-l1-1-0.dll
0x0000019c240b0000 - 0x0000019c240b3000 	C:\Program Files\Java\jdk1.8.0_261\jre\bin\api-ms-win-core-datetime-l1-1-0.dll
0x0000019c240c0000 - 0x0000019c240c3000 	C:\Program Files\Java\jdk1.8.0_261\jre\bin\api-ms-win-core-debug-l1-1-0.dll
0x0000019c3c160000 - 0x0000019c3c163000 	C:\Program Files\Java\jdk1.8.0_261\jre\bin\api-ms-win-core-errorhandling-l1-1-0.dll
0x0000019c3c170000 - 0x0000019c3c174000 	C:\Program Files\Java\jdk1.8.0_261\jre\bin\api-ms-win-core-file-l1-1-0.dll
0x0000019c3c180000 - 0x0000019c3c183000 	C:\Program Files\Java\jdk1.8.0_261\jre\bin\api-ms-win-core-file-l1-2-0.dll
0x0000019c3c190000 - 0x0000019c3c193000 	C:\Program Files\Java\jdk1.8.0_261\jre\bin\api-ms-win-core-file-l2-1-0.dll
0x0000019c3c1a0000 - 0x0000019c3c1a3000 	C:\Program Files\Java\jdk1.8.0_261\jre\bin\api-ms-win-core-handle-l1-1-0.dll
0x0000019c3c1b0000 - 0x0000019c3c1b3000 	C:\Program Files\Java\jdk1.8.0_261\jre\bin\api-ms-win-core-heap-l1-1-0.dll
0x0000019c3c1c0000 - 0x0000019c3c1c3000 	C:\Program Files\Java\jdk1.8.0_261\jre\bin\api-ms-win-core-interlocked-l1-1-0.dll
0x0000019c3c1d0000 - 0x0000019c3c1d3000 	C:\Program Files\Java\jdk1.8.0_261\jre\bin\api-ms-win-core-libraryloader-l1-1-0.dll
0x0000019c3c1e0000 - 0x0000019c3c1e3000 	C:\Program Files\Java\jdk1.8.0_261\jre\bin\api-ms-win-core-localization-l1-2-0.dll
0x0000019c3c1f0000 - 0x0000019c3c1f3000 	C:\Program Files\Java\jdk1.8.0_261\jre\bin\api-ms-win-core-memory-l1-1-0.dll
0x0000019c3c200000 - 0x0000019c3c203000 	C:\Program Files\Java\jdk1.8.0_261\jre\bin\api-ms-win-core-namedpipe-l1-1-0.dll
0x0000019c3c210000 - 0x0000019c3c213000 	C:\Program Files\Java\jdk1.8.0_261\jre\bin\api-ms-win-core-processenvironment-l1-1-0.dll
0x0000019c3c220000 - 0x0000019c3c223000 	C:\Program Files\Java\jdk1.8.0_261\jre\bin\api-ms-win-core-processthreads-l1-1-0.dll
0x0000019c3c230000 - 0x0000019c3c233000 	C:\Program Files\Java\jdk1.8.0_261\jre\bin\api-ms-win-core-processthreads-l1-1-1.dll
0x0000019c3c240000 - 0x0000019c3c243000 	C:\Program Files\Java\jdk1.8.0_261\jre\bin\api-ms-win-core-profile-l1-1-0.dll
0x0000019c3c250000 - 0x0000019c3c253000 	C:\Program Files\Java\jdk1.8.0_261\jre\bin\api-ms-win-core-rtlsupport-l1-1-0.dll
0x0000019c3c260000 - 0x0000019c3c263000 	C:\Program Files\Java\jdk1.8.0_261\jre\bin\api-ms-win-core-string-l1-1-0.dll
0x0000019c3c270000 - 0x0000019c3c273000 	C:\Program Files\Java\jdk1.8.0_261\jre\bin\api-ms-win-core-synch-l1-1-0.dll
0x0000019c3c280000 - 0x0000019c3c283000 	C:\Program Files\Java\jdk1.8.0_261\jre\bin\api-ms-win-core-synch-l1-2-0.dll
0x0000019c3c290000 - 0x0000019c3c293000 	C:\Program Files\Java\jdk1.8.0_261\jre\bin\api-ms-win-core-sysinfo-l1-1-0.dll
0x0000019c3c2a0000 - 0x0000019c3c2a3000 	C:\Program Files\Java\jdk1.8.0_261\jre\bin\api-ms-win-core-timezone-l1-1-0.dll
0x0000019c3c2b0000 - 0x0000019c3c2b3000 	C:\Program Files\Java\jdk1.8.0_261\jre\bin\api-ms-win-core-util-l1-1-0.dll
0x0000019c3c2c0000 - 0x0000019c3c2c3000 	C:\Program Files\Java\jdk1.8.0_261\jre\bin\api-ms-win-crt-conio-l1-1-0.dll
0x0000019c3c2d0000 - 0x0000019c3c2d4000 	C:\Program Files\Java\jdk1.8.0_261\jre\bin\api-ms-win-crt-convert-l1-1-0.dll
0x0000019c3c2e0000 - 0x0000019c3c2e3000 	C:\Program Files\Java\jdk1.8.0_261\jre\bin\api-ms-win-crt-environment-l1-1-0.dll
0x0000019c3c2f0000 - 0x0000019c3c2f3000 	C:\Program Files\Java\jdk1.8.0_261\jre\bin\api-ms-win-crt-filesystem-l1-1-0.dll
0x0000019c3c300000 - 0x0000019c3c303000 	C:\Program Files\Java\jdk1.8.0_261\jre\bin\api-ms-win-crt-heap-l1-1-0.dll
0x0000019c3c310000 - 0x0000019c3c313000 	C:\Program Files\Java\jdk1.8.0_261\jre\bin\api-ms-win-crt-locale-l1-1-0.dll
0x0000019c3c320000 - 0x0000019c3c325000 	C:\Program Files\Java\jdk1.8.0_261\jre\bin\api-ms-win-crt-math-l1-1-0.dll
0x0000019c3c330000 - 0x0000019c3c335000 	C:\Program Files\Java\jdk1.8.0_261\jre\bin\api-ms-win-crt-multibyte-l1-1-0.dll
0x0000019c3c340000 - 0x0000019c3c350000 	C:\Program Files\Java\jdk1.8.0_261\jre\bin\api-ms-win-crt-private-l1-1-0.dll
0x0000019c3c350000 - 0x0000019c3c353000 	C:\Program Files\Java\jdk1.8.0_261\jre\bin\api-ms-win-crt-process-l1-1-0.dll
0x0000019c3c360000 - 0x0000019c3c364000 	C:\Program Files\Java\jdk1.8.0_261\jre\bin\api-ms-win-crt-runtime-l1-1-0.dll
0x0000019c3c370000 - 0x0000019c3c374000 	C:\Program Files\Java\jdk1.8.0_261\jre\bin\api-ms-win-crt-stdio-l1-1-0.dll
0x0000019c3c380000 - 0x0000019c3c384000 	C:\Program Files\Java\jdk1.8.0_261\jre\bin\api-ms-win-crt-string-l1-1-0.dll
0x0000019c3c390000 - 0x0000019c3c393000 	C:\Program Files\Java\jdk1.8.0_261\jre\bin\api-ms-win-crt-time-l1-1-0.dll
0x0000019c3c3a0000 - 0x0000019c3c3a3000 	C:\Program Files\Java\jdk1.8.0_261\jre\bin\api-ms-win-crt-utility-l1-1-0.dll
0x00007ff928bb0000 - 0x00007ff928cac000 	C:\Program Files\Java\jdk1.8.0_261\jre\bin\ucrtbase.dll
0x00007ff934610000 - 0x00007ff934661000 	C:\Program Files\Java\jdk1.8.0_261\jre\bin\concrt140.dll
0x00007ff950d20000 - 0x00007ff950d43000 	C:\Program Files\Java\jdk1.8.0_261\jre\bin\prism_d3d.dll
0x00007ff925070000 - 0x00007ff925237000 	C:\WINDOWS\system32\d3d9.dll
0x00007ff964cf0000 - 0x00007ff964d1d000 	C:\WINDOWS\SYSTEM32\dwmapi.dll
0x00007ff965660000 - 0x00007ff965680000 	C:\WINDOWS\SYSTEM32\dxcore.dll
0x00007ff964970000 - 0x00007ff964a09000 	C:\WINDOWS\system32\uxtheme.dll
0x00007ff924850000 - 0x00007ff9249b4000 	C:\WINDOWS\System32\DriverStore\FileRepository\igdlh64.inf_amd64_ec9080124e70d178\igdumdim64.dll
0x00007ff903ff0000 - 0x00007ff907fca000 	C:\WINDOWS\System32\DriverStore\FileRepository\igdlh64.inf_amd64_ec9080124e70d178\igd9dxva64.dll
0x00007ff968460000 - 0x00007ff9685b7000 	C:\WINDOWS\System32\ole32.dll
0x00007ff967ee0000 - 0x00007ff967fa5000 	C:\WINDOWS\System32\OLEAUT32.dll
0x00007ff94e1e0000 - 0x00007ff94e384000 	C:\WINDOWS\System32\DriverStore\FileRepository\igdlh64.inf_amd64_ec9080124e70d178\igdgmm64.dll
0x00007ff9406d0000 - 0x00007ff940715000 	C:\Program Files\Java\jdk1.8.0_261\jre\bin\glass.dll
0x00007ff967cf0000 - 0x00007ff967dc0000 	C:\WINDOWS\System32\COMDLG32.dll
0x00007ff969950000 - 0x00007ff969a85000 	C:\WINDOWS\System32\MSCTF.dll
0x00007ff9605e0000 - 0x00007ff960606000 	C:\WINDOWS\System32\DriverStore\FileRepository\igdlh64.inf_amd64_ec9080124e70d178\igdinfo64.dll
0x00007ff94a310000 - 0x00007ff94c7ab000 	C:\WINDOWS\System32\DriverStore\FileRepository\igdlh64.inf_amd64_ec9080124e70d178\igc64.dll
0x00007ff950a60000 - 0x00007ff950a74000 	C:\Program Files\Java\jdk1.8.0_261\jre\bin\javafx_font.dll
0x00007ff94cd20000 - 0x00007ff94d01e000 	C:\WINDOWS\SYSTEM32\dwrite.dll
0x00007ff968090000 - 0x00007ff968132000 	C:\WINDOWS\System32\clbcatq.dll
0x00007ff952c50000 - 0x00007ff952dff000 	C:\WINDOWS\SYSTEM32\WindowsCodecs.dll
0x00007ff95b5b0000 - 0x00007ff95b5ea000 	C:\WINDOWS\system32\dataexchange.dll
0x00007ff963990000 - 0x00007ff963beb000 	C:\WINDOWS\system32\d3d11.dll
0x00007ff964050000 - 0x00007ff96422d000 	C:\WINDOWS\system32\dcomp.dll
0x00007ff9656f0000 - 0x00007ff9657db000 	C:\WINDOWS\system32\dxgi.dll
0x00007ff964a60000 - 0x00007ff964cc2000 	C:\WINDOWS\system32\twinapi.appcore.dll
0x00007ff964f80000 - 0x00007ff964fa9000 	C:\WINDOWS\system32\RMCLIENT.dll
0x00007ff9510f0000 - 0x00007ff951123000 	C:\Program Files\Common Files\Microsoft Shared\Ink\rtscom.dll
0x00007ff954120000 - 0x00007ff9541be000 	C:\WINDOWS\System32\TextInputFramework.dll
0x00007ff951bd0000 - 0x00007ff951efa000 	C:\WINDOWS\System32\CoreUIComponents.dll
0x00007ff9645a0000 - 0x00007ff964674000 	C:\WINDOWS\System32\CoreMessaging.dll
0x00007ff965a60000 - 0x00007ff965a91000 	C:\WINDOWS\SYSTEM32\ntmarta.dll
0x00007ff9624d0000 - 0x00007ff962623000 	C:\WINDOWS\SYSTEM32\wintypes.dll
0x00007ff95ae40000 - 0x00007ff95b0e7000 	C:\WINDOWS\System32\iertutil.dll
0x00007ff9633d0000 - 0x00007ff963990000 	C:\WINDOWS\SYSTEM32\d2d1.dll
0x00007ff946e50000 - 0x00007ff947591000 	C:\WINDOWS\SYSTEM32\D3D10Warp.dll
0x00007ff950a40000 - 0x00007ff950a52000 	C:\Program Files\Java\jdk1.8.0_261\jre\bin\prism_common.dll
0x00007ff9604e0000 - 0x00007ff9604fc000 	C:\Program Files\Java\jdk1.8.0_261\jre\bin\net.dll
0x00007ff966230000 - 0x00007ff966297000 	C:\WINDOWS\system32\mswsock.dll
0x00007ff965f80000 - 0x00007ff96604b000 	C:\WINDOWS\SYSTEM32\DNSAPI.dll
0x00007ff969b50000 - 0x00007ff969b58000 	C:\WINDOWS\System32\NSI.dll
0x00007ff965f40000 - 0x00007ff965f7a000 	C:\WINDOWS\SYSTEM32\IPHLPAPI.DLL
0x00007ff95e890000 - 0x00007ff95e89a000 	C:\Windows\System32\rasadhlp.dll
0x00007ff95e570000 - 0x00007ff95e5e7000 	C:\WINDOWS\System32\fwpuclnt.dll
0x00007ff967ad0000 - 0x00007ff967af6000 	C:\WINDOWS\System32\bcrypt.dll
0x00007ff9512d0000 - 0x00007ff9512f4000 	C:\Program Files\Java\jdk1.8.0_261\jre\bin\sunec.dll
0x00007ff95eb80000 - 0x00007ff95eb96000 	C:\WINDOWS\SYSTEM32\dhcpcsvc6.DLL
0x00007ff95f4b0000 - 0x00007ff95f4cc000 	C:\WINDOWS\SYSTEM32\dhcpcsvc.DLL

VM Arguments:
jvm_args: -Dfile.encoding=UTF-8 
java_command: com.gianmarco.merletti.progetto_ispw.logic.app.App
java_class_path (initial): C:\Users\giamp\git\ProgettoISPW\target\classes;C:\Users\giamp\.m2\repository\org\openjfx\javafx-controls\11.0.1\javafx-controls-11.0.1.jar;C:\Users\giamp\.m2\repository\org\openjfx\javafx-controls\11.0.1\javafx-controls-11.0.1-win.jar;C:\Users\giamp\.m2\repository\org\openjfx\javafx-graphics\11.0.1\javafx-graphics-11.0.1.jar;C:\Users\giamp\.m2\repository\org\openjfx\javafx-graphics\11.0.1\javafx-graphics-11.0.1-win.jar;C:\Users\giamp\.m2\repository\org\openjfx\javafx-base\11.0.1\javafx-base-11.0.1.jar;C:\Users\giamp\.m2\repository\org\openjfx\javafx-base\11.0.1\javafx-base-11.0.1-win.jar;C:\Users\giamp\.m2\repository\org\openjfx\javafx-fxml\11.0.1\javafx-fxml-11.0.1.jar;C:\Users\giamp\.m2\repository\org\openjfx\javafx-fxml\11.0.1\javafx-fxml-11.0.1-win.jar;C:\Users\giamp\.m2\repository\org\openjfx\javafx-web\11.0.1\javafx-web-11.0.1.jar;C:\Users\giamp\.m2\repository\org\openjfx\javafx-web\11.0.1\javafx-web-11.0.1-win.jar;C:\Users\giamp\.m2\repository\org\openjfx\javafx-media\11.0.1\javafx-media-11.0.1.jar;C:\Users\giamp\.m2\repository\org\openjfx\javafx-media\11.0.1\javafx-media-11.0.1-win.jar;C:\Users\giamp\.m2\repository\com\jfoenix\jfoenix\8.0.10\jfoenix-8.0.10.jar;C:\Users\giamp\.m2\repository\javax\servlet\jsp-api\2.0\jsp-api-2.0.jar;C:\Users\giamp\.m2\repository\javax\servlet\servlet-api\2.4\servlet-api-2.4.jar;C:\Users\giamp\.m2\repository\com\dukescript\api\leaflet4j\0.7.7\leaflet4j-0.7.7.jar;C:\Users\giamp\.m2\repository\org\netbeans\html\net.java.html.boot\1.7\net.java.html.boot-1.7.jar;C:\Users\giamp\.m2\repository\org\netbeans\html\net.java.html\1.7\net.java.html-1.7.jar;C:\Users\giamp\.m2\repository\org\netbeans\html\net.java.html.boot.fx\1.7\net.java.html.boot.fx-1.7.jar;C:\Users\giamp\.m2\repository\javax\servlet\javax.servlet-api\3.0.1\javax.servlet-api-3.0.1.jar;C:\Users\giamp\.m2\repository\commons-codec\commons-codec\1.14\commons-codec-1.14.jar;C:\Users\giamp\.m2\repository\mysql\mysql-connector-java\8.0.22\mysql-conne
Launcher Type: SUN_STANDARD

Environment Variables:
PATH=C:/Program Files/Java/jdk1.8.0_261/bin/../jre/bin/server;C:/Program Files/Java/jdk1.8.0_261/bin/../jre/bin;C:/Program Files/Java/jdk1.8.0_261/bin/../jre/lib/amd64;C:\Program Files\Intel\iCLS Client\;C:\WINDOWS\system32;C:\WINDOWS;C:\WINDOWS\System32\Wbem;C:\WINDOWS\System32\WindowsPowerShell\v1.0\;C:\Program Files\mingw-w64\x86_64-7.1.0-posix-seh-rt_v5-rev2\mingw64\bin;C:\WINDOWS\System32\OpenSSH\;C:\Program Files\Java\jdk1.8.0_261\bin;C:\MinGW\bin;C:\Program Files (x86)\Intel\Intel(R) Management Engine Components\DAL;C:\Program Files\Intel\Intel(R) Management Engine Components\DAL;C:\Users\giamp\AppData\Local\Microsoft\WindowsApps;C:\Program Files\Java\jdk1.8.0_181\bin;C:\MinGW\bin;C:\cygwin64\bin;C:\Program Files\eclipse_neon;
USERNAME=giamp
OS=Windows_NT
PROCESSOR_IDENTIFIER=Intel64 Family 6 Model 142 Stepping 10, GenuineIntel



---------------  S Y S T E M  ---------------

OS: Windows 10.0 , 64 bit Build 18362 (10.0.18362.1110)

CPU:total 8 (initial active 8) (4 cores per cpu, 2 threads per core) family 6 model 142 stepping 10, cmov, cx8, fxsr, mmx, sse, sse2, sse3, ssse3, sse4.1, sse4.2, popcnt, avx, avx2, aes, clmul, erms, 3dnowpref, lzcnt, ht, tsc, tscinvbit, bmi1, bmi2, adx

Memory: 4k page, physical 8105832k(3061928k free), swap 9437292k(1808800k free)

vm_info: Java HotSpot(TM) 64-Bit Server VM (25.261-b12) for windows-amd64 JRE (1.8.0_261-b12), built on Jun 18 2020 06:56:32 by "" with unknown MS VC++:1916

time: Sun Dec 20 17:20:48 2020
timezone: ora solare Europa occidentale
elapsed time: 14 seconds (0d 0h 0m 14s)

