#
# A fatal error has been detected by the Java Runtime Environment:
#
#  EXCEPTION_ACCESS_VIOLATION (0xc0000005) at pc=0x00007ff901593856, pid=1532, tid=0x000000000000144c
#
# JRE version: Java(TM) SE Runtime Environment (8.0_261-b12) (build 1.8.0_261-b12)
# Java VM: Java HotSpot(TM) 64-Bit Server VM (25.261-b12 mixed mode windows-amd64 compressed oops)
# Problematic frame:
# C  0x00007ff901593856
#
# Failed to write core dump. Minidumps are not enabled by default on client versions of Windows
#
# If you would like to submit a bug report, please visit:
#   http://bugreport.java.com/bugreport/crash.jsp
# The crash happened outside the Java Virtual Machine in native code.
# See problematic frame for where to report the bug.
#

---------------  T H R E A D  ---------------

Current thread (0x00000148c00cc800):  JavaThread "JavaFX Application Thread" [_thread_in_native, id=5196, stack(0x0000003522d00000,0x0000003522e00000)]

siginfo: ExceptionCode=0xc0000005, reading address 0x00000148000000c6

Registers:
RAX=0x0000014800000086, RBX=0x0000000000000004, RCX=0x000000000000008e, RDX=0x5e00000000000000
RSP=0x0000003522dfba80, RBP=0x0000003522dfbb59, RSI=0x00000148c1e3f110, RDI=0x0000000000000000
R8 =0x0000000000000004, R9 =0x00000148c098a1c0, R10=0x0000003522dfbb00, R11=0x0000000000000008
R12=0x0000000000000006, R13=0x00000148ca7c74a0, R14=0x0000003522dfbc00, R15=0x00000148c1b9af50
RIP=0x00007ff901593856, EFLAGS=0x0000000000010202

Top of Stack: (sp=0x0000003522dfba80)
0x0000003522dfba80:   00000148c1aa3d20 00007ff90133bf98
0x0000003522dfba90:   00000148c1e3f110 00000000ffffffff
0x0000003522dfbaa0:   00000148c19b51c0 00007ff9015f53b5
0x0000003522dfbab0:   00000148c204f050 0000003522dfbb48
0x0000003522dfbac0:   00000148c098bdb0 0000df62269d730a
0x0000003522dfbad0:   00000148c1aa3d20 00000148ca6b1230
0x0000003522dfbae0:   00000148c1e3f110 00000148ca7c7820
0x0000003522dfbaf0:   0000000422dfbb00 0000014800000008
0x0000003522dfbb00:   00000148c0d905a0 00000148c16891e0
0x0000003522dfbb10:   00000148c0d905b0 00000148c2160900
0x0000003522dfbb20:   00000000dd291188 0000003522dfbca8
0x0000003522dfbb30:   00000148c00cc800 000000005be66e4e
0x0000003522dfbb40:   0000003522dfbb00 0000000000000000
0x0000003522dfbb50:   0000df62269d734a 0000000000000030
0x0000003522dfbb60:   0000df62269d732a 00007ff9006b02d4
0x0000003522dfbb70:   0000003522dfbca0 0000000000000006 

Instructions: (pc=0x00007ff901593856)
0x00007ff901593836:   ff 8b ca 48 c1 e9 07 48 c1 e2 39 48 8b 80 d8 3e
0x00007ff901593846:   00 00 48 8b 80 c8 00 00 00 48 8b 04 c8 48 33 c2
0x00007ff901593856:   48 8b 40 40 48 83 c0 20 0f 84 ef 01 00 00 45 3b
0x00007ff901593866:   c3 74 22 48 8d 45 a7 4c 3b d0 74 05 4d 85 d2 75 


Register to memory mapping:

RAX=0x0000014800000086 is an unknown value
RBX=0x0000000000000004 is an unknown value
RCX=0x000000000000008e is an unknown value
RDX=0x5e00000000000000 is an unknown value
RSP=0x0000003522dfba80 is pointing into the stack for thread: 0x00000148c00cc800
RBP=0x0000003522dfbb59 is pointing into the stack for thread: 0x00000148c00cc800
RSI=0x00000148c1e3f110 is an unknown value
RDI=0x0000000000000000 is an unknown value
R8 =0x0000000000000004 is an unknown value
R9 =0x00000148c098a1c0 is an unknown value
R10=0x0000003522dfbb00 is pointing into the stack for thread: 0x00000148c00cc800
R11=0x0000000000000008 is an unknown value
R12=0x0000000000000006 is an unknown value
R13=0x00000148ca7c74a0 is an unknown value
R14=0x0000003522dfbc00 is pointing into the stack for thread: 0x00000148c00cc800
R15=0x00000148c1b9af50 is an unknown value


Stack: [0x0000003522d00000,0x0000003522e00000],  sp=0x0000003522dfba80,  free space=1006k
Native frames: (J=compiled Java code, j=interpreted, Vv=VM code, C=native code)
C  0x00007ff901593856
C  0x00007ff900b55b03
C  0x00000148aa69c6ef

Java frames: (J=compiled Java code, j=interpreted, Vv=VM code)
J 3925  com.sun.webkit.dom.JSObject.callImpl(JILjava/lang/String;[Ljava/lang/Object;Ljava/security/AccessControlContext;)Ljava/lang/Object; (0 bytes) @ 0x00000148aa69c652 [0x00000148aa69c5c0+0x92]
J 4963 C2 com.sun.webkit.dom.JSObject.call(Ljava/lang/String;[Ljava/lang/Object;)Ljava/lang/Object; (42 bytes) @ 0x00000148aaa5b9e4 [0x00000148aaa5b1e0+0x804]
J 3944 C1 org.netbeans.html.boot.fx.AbstractFXPresenter$JSFn.invokeImpl(Ljava/lang/Object;Z[Ljava/lang/Object;)Ljava/lang/Object; (448 bytes) @ 0x00000148a9e4a8f4 [0x00000148a9e48640+0x22b4]
J 3945 C1 org.netbeans.html.boot.fx.AbstractFXPresenter$JSFn.invoke(Ljava/lang/Object;[Ljava/lang/Object;)Ljava/lang/Object; (16 bytes) @ 0x00000148a9d493fc [0x00000148a9d492c0+0x13c]
j  net.java.html.leaflet.EventMethodsHelper.addMouseListenerImpl(Ljava/lang/Object;Ljava/lang/String;Lnet/java/html/leaflet/event/MouseListener;Ljava/lang/Object;)Ljava/lang/Object;+131
j  net.java.html.leaflet.EventMethodsHelper.addMouseListener(Ljava/lang/Object;Lnet/java/html/leaflet/event/MouseEvent$Type;Lnet/java/html/leaflet/event/MouseListener;)V+23
j  net.java.html.leaflet.Marker.addMouseListener(Lnet/java/html/leaflet/event/MouseEvent$Type;Lnet/java/html/leaflet/event/MouseListener;)Lnet/java/html/leaflet/Marker;+10
j  com.gianmarco.merletti.progetto_ispw.logic.view.javafx.MapController.loadMarkers(Ljava/util/List;Lnet/java/html/leaflet/MarkerOptions;)V+235
j  com.gianmarco.merletti.progetto_ispw.logic.view.javafx.MapController.addEventFromCity(Lnet/java/html/leaflet/Map;Lcom/gianmarco/merletti/progetto_ispw/logic/util/CityEnum;)V+28
j  com.gianmarco.merletti.progetto_ispw.logic.view.javafx.MapController$1.run()V+715
j  org.netbeans.html.boot.fx.InitializeWebView.run()V+35
j  net.java.html.boot.BrowserBuilder$1OnPageLoad$1CallInitMethod.run()V+56
j  net.java.html.BrwsrCtx$1Wrap.run()V+36
j  org.netbeans.html.boot.fx.AbstractFXPresenter.execute(Ljava/lang/Runnable;)V+26
j  net.java.html.BrwsrCtx.execute(Ljava/lang/Runnable;)V+55
j  net.java.html.boot.BrowserBuilder$1OnPageLoad.run()V+240
j  org.netbeans.html.boot.fx.AbstractFXPresenter.onPageLoad()V+21
j  org.netbeans.html.boot.fx.InitializeWebView$FindViewListener.changed(Ljavafx/beans/value/ObservableValue;Ljavafx/concurrent/Worker$State;Ljavafx/concurrent/Worker$State;)V+91
j  org.netbeans.html.boot.fx.InitializeWebView$FindViewListener.changed(Ljavafx/beans/value/ObservableValue;Ljava/lang/Object;Ljava/lang/Object;)V+15
j  com.sun.javafx.binding.ExpressionHelper$Generic.fireValueChangedEvent()V+272
J 1713 C1 com.sun.javafx.binding.ExpressionHelper.fireValueChangedEvent(Lcom/sun/javafx/binding/ExpressionHelper;)V (36 bytes) @ 0x00000148aa272fdc [0x00000148aa272e60+0x17c]
J 3725 C1 javafx.beans.property.ReadOnlyObjectWrapper.fireValueChangedEvent()V (46 bytes) @ 0x00000148aa531994 [0x00000148aa5316e0+0x2b4]
J 3533 C1 javafx.beans.property.ObjectPropertyBase.markInvalid()V (53 bytes) @ 0x00000148aa08f384 [0x00000148aa08f120+0x264]
J 2403 C1 javafx.beans.property.ObjectPropertyBase.set(Ljava/lang/Object;)V (178 bytes) @ 0x00000148aa47f04c [0x00000148aa47e900+0x74c]
j  javafx.scene.web.WebEngine$LoadWorker.updateState(Ljavafx/concurrent/Worker$State;)V+17
j  javafx.scene.web.WebEngine$LoadWorker.dispatchLoadEvent(JILjava/lang/String;Ljava/lang/String;DI)V+396
j  javafx.scene.web.WebEngine$LoadWorker.access$1200(Ljavafx/scene/web/WebEngine$LoadWorker;JILjava/lang/String;Ljava/lang/String;DI)V+16
j  javafx.scene.web.WebEngine$PageLoadListener.dispatchLoadEvent(JILjava/lang/String;Ljava/lang/String;DI)V+50
j  com.sun.webkit.WebPage.fireLoadEvent(JILjava/lang/String;Ljava/lang/String;DI)V+64
j  com.sun.webkit.WebPage.fwkFireLoadEvent(JILjava/lang/String;Ljava/lang/String;DI)V+106
v  ~StubRoutines::call_stub
j  com.sun.webkit.Timer.twkFireTimerEvent()V+0
j  com.sun.webkit.Timer.fireTimerEvent(J)V+93
j  com.sun.webkit.Timer.notifyTick()V+50
j  javafx.scene.web.WebEngine$PulseTimer.lambda$null$0()V+7
j  javafx.scene.web.WebEngine$PulseTimer$$Lambda$305.run()V+0
j  com.sun.javafx.application.PlatformImpl.lambda$null$5(Ljava/lang/Runnable;)Ljava/lang/Void;+5
j  com.sun.javafx.application.PlatformImpl$$Lambda$50.run()Ljava/lang/Object;+4
v  ~StubRoutines::call_stub
J 1985  java.security.AccessController.doPrivileged(Ljava/security/PrivilegedAction;Ljava/security/AccessControlContext;)Ljava/lang/Object; (0 bytes) @ 0x00000148aa35cf26 [0x00000148aa35cec0+0x66]
j  com.sun.javafx.application.PlatformImpl.lambda$runLater$6(Ljava/lang/Runnable;Ljava/security/AccessControlContext;)V+11
J 4730 C1 com.sun.javafx.application.PlatformImpl$$Lambda$49.run()V (12 bytes) @ 0x00000148aa93c244 [0x00000148aa93c1c0+0x84]
J 2209 C1 com.sun.glass.ui.InvokeLaterDispatcher$Future.run()V (138 bytes) @ 0x00000148aa3fb31c [0x00000148aa3fb1e0+0x13c]
v  ~StubRoutines::call_stub
j  com.sun.glass.ui.win.WinApplication._runLoop(Ljava/lang/Runnable;)V+0
j  com.sun.glass.ui.win.WinApplication.lambda$null$4(ILjava/lang/Runnable;)V+17
j  com.sun.glass.ui.win.WinApplication$$Lambda$38.run()V+12
j  java.lang.Thread.run()V+11
v  ~StubRoutines::call_stub

---------------  P R O C E S S  ---------------

Java Threads: ( => current thread )
  0x0000014911787800 JavaThread "URL-Loader-20" daemon [_thread_blocked, id=2620, stack(0x0000003525e00000,0x0000003525f00000)]
  0x0000014911786800 JavaThread "URL-Loader-19" daemon [_thread_blocked, id=8188, stack(0x0000003525d00000,0x0000003525e00000)]
  0x0000014911785000 JavaThread "URL-Loader-18" daemon [_thread_blocked, id=13544, stack(0x0000003525c00000,0x0000003525d00000)]
  0x0000014911780000 JavaThread "URL-Loader-17" daemon [_thread_blocked, id=5800, stack(0x0000003525b00000,0x0000003525c00000)]
  0x0000014911784800 JavaThread "URL-Loader-16" daemon [_thread_blocked, id=12296, stack(0x0000003525a00000,0x0000003525b00000)]
  0x0000014911783800 JavaThread "URL-Loader-15" daemon [_thread_blocked, id=5228, stack(0x0000003525900000,0x0000003525a00000)]
  0x0000014911783000 JavaThread "URL-Loader-14" daemon [_thread_blocked, id=11360, stack(0x0000003525800000,0x0000003525900000)]
  0x0000014911786000 JavaThread "URL-Loader-13" daemon [_thread_blocked, id=5724, stack(0x0000003525700000,0x0000003525800000)]
  0x0000014911782000 JavaThread "URL-Loader-12" daemon [_thread_blocked, id=13632, stack(0x0000003525600000,0x0000003525700000)]
  0x00000148ca698000 JavaThread "URL-Loader-11" daemon [_thread_blocked, id=14880, stack(0x0000003525500000,0x0000003525600000)]
  0x00000148ca697000 JavaThread "URL-Loader-10" daemon [_thread_blocked, id=4088, stack(0x0000003525400000,0x0000003525500000)]
  0x00000148ca695000 JavaThread "Keep-Alive-Timer" daemon [_thread_blocked, id=9956, stack(0x0000003525300000,0x0000003525400000)]
  0x00000148ca693800 JavaThread "URL-Loader-9" daemon [_thread_blocked, id=12916, stack(0x0000003525200000,0x0000003525300000)]
  0x00000148ca699800 JavaThread "URL-Loader-8" daemon [_thread_blocked, id=6948, stack(0x0000003525100000,0x0000003525200000)]
  0x00000148ca698800 JavaThread "URL-Loader-7" daemon [_thread_blocked, id=14476, stack(0x0000003525000000,0x0000003525100000)]
  0x00000148ca69a000 JavaThread "URL-Loader-6" daemon [_thread_blocked, id=2280, stack(0x0000003524f00000,0x0000003525000000)]
  0x00000148ca694000 JavaThread "URL-Loader-5" daemon [_thread_blocked, id=15260, stack(0x0000003524e00000,0x0000003524f00000)]
  0x00000148ca695800 JavaThread "URL-Loader-4" daemon [_thread_blocked, id=8492, stack(0x0000003524b00000,0x0000003524c00000)]
  0x00000148c2b83800 JavaThread "URL-Loader-3" daemon [_thread_blocked, id=11500, stack(0x0000003524000000,0x0000003524100000)]
  0x00000148c2b80800 JavaThread "URL-Loader-2" daemon [_thread_blocked, id=12376, stack(0x0000003523f00000,0x0000003524000000)]
  0x00000148c2b83000 JavaThread "Thread-7" daemon [_thread_in_native, id=5316, stack(0x0000003523e00000,0x0000003523f00000)]
  0x00000148c2b85000 JavaThread "URL-Loader-1" daemon [_thread_blocked, id=9092, stack(0x0000003523d00000,0x0000003523e00000)]
  0x00000148c15e7000 JavaThread "Disposer" daemon [_thread_blocked, id=12372, stack(0x0000003523c00000,0x0000003523d00000)]
  0x00000148c1ca0000 JavaThread "mysql-cj-abandoned-connection-cleanup" daemon [_thread_blocked, id=3180, stack(0x0000003523b00000,0x0000003523c00000)]
  0x00000148c2f4f000 JavaThread "Prism Font Disposer" daemon [_thread_blocked, id=4104, stack(0x0000003523300000,0x0000003523400000)]
  0x00000148c2831000 JavaThread "JavaFX-Launcher" [_thread_blocked, id=9036, stack(0x0000003523200000,0x0000003523300000)]
  0x00000148c27ff800 JavaThread "Thread-4" daemon [_thread_in_native, id=7896, stack(0x0000003523100000,0x0000003523200000)]
=>0x00000148c00cc800 JavaThread "JavaFX Application Thread" [_thread_in_native, id=5196, stack(0x0000003522d00000,0x0000003522e00000)]
  0x00000148be29a800 JavaThread "Thread-3" daemon [_thread_blocked, id=11104, stack(0x0000003522c00000,0x0000003522d00000)]
  0x00000148c1bda800 JavaThread "QuantumRenderer-0" daemon [_thread_blocked, id=9428, stack(0x0000003522b00000,0x0000003522c00000)]
  0x00000148c02bf000 JavaThread "Service Thread" daemon [_thread_blocked, id=10404, stack(0x0000003522900000,0x0000003522a00000)]
  0x00000148c0268000 JavaThread "C1 CompilerThread3" daemon [_thread_blocked, id=7228, stack(0x0000003522800000,0x0000003522900000)]
  0x00000148c01f1000 JavaThread "C2 CompilerThread2" daemon [_thread_blocked, id=8112, stack(0x0000003522700000,0x0000003522800000)]
  0x00000148c01f0800 JavaThread "C2 CompilerThread1" daemon [_thread_blocked, id=4236, stack(0x0000003522600000,0x0000003522700000)]
  0x00000148c02fe800 JavaThread "C2 CompilerThread0" daemon [_thread_blocked, id=8724, stack(0x0000003522500000,0x0000003522600000)]
  0x00000148c01e4800 JavaThread "org.jacoco.agent.rt.internal_14f7ee5.output.TcpClientOutput" daemon [_thread_in_native, id=13480, stack(0x0000003522400000,0x0000003522500000)]
  0x00000148be223800 JavaThread "Attach Listener" daemon [_thread_blocked, id=6620, stack(0x0000003522300000,0x0000003522400000)]
  0x00000148be222800 JavaThread "Signal Dispatcher" daemon [_thread_blocked, id=6684, stack(0x0000003522200000,0x0000003522300000)]
  0x00000148be1f7000 JavaThread "Finalizer" daemon [_thread_blocked, id=5764, stack(0x0000003522100000,0x0000003522200000)]
  0x00000148be1f0000 JavaThread "Reference Handler" daemon [_thread_blocked, id=14516, stack(0x0000003522000000,0x0000003522100000)]
  0x00000148a818e800 JavaThread "main" [_thread_blocked, id=14632, stack(0x0000003521600000,0x0000003521700000)]

Other Threads:
  0x00000148be1c7800 VMThread [stack: 0x0000003521f00000,0x0000003522000000] [id=15248]
  0x00000148c0250000 WatcherThread [stack: 0x0000003522a00000,0x0000003522b00000] [id=15092]

VM state:not at safepoint (normal execution)

VM Mutex/Monitor currently owned by a thread: None

heap address: 0x0000000084400000, size: 1980 MB, Compressed Oops mode: 32-bit
Narrow klass base: 0x0000000000000000, Narrow klass shift: 3
Compressed class space size: 1073741824 Address: 0x0000000100000000

Heap:
 PSYoungGen      total 92672K, used 32374K [0x00000000d6c00000, 0x00000000ddb80000, 0x0000000100000000)
  eden space 81408K, 25% used [0x00000000d6c00000,0x00000000d809f5d8,0x00000000dbb80000)
  from space 11264K, 99% used [0x00000000dca00000,0x00000000dd4fe568,0x00000000dd500000)
  to   space 14848K, 0% used [0x00000000dbb80000,0x00000000dbb80000,0x00000000dca00000)
 ParOldGen       total 62976K, used 21899K [0x0000000084400000, 0x0000000088180000, 0x00000000d6c00000)
  object space 62976K, 34% used [0x0000000084400000,0x0000000085962dd0,0x0000000088180000)
 Metaspace       used 33573K, capacity 34664K, committed 34944K, reserved 1079296K
  class space    used 4114K, capacity 4369K, committed 4480K, reserved 1048576K

Card table byte_map: [0x00000148b8f60000,0x00000148b9340000] byte_map_base: 0x00000148b8b3e000

Marking Bits: (ParMarkBitMap*) 0x000000005c504fb0
 Begin Bits: [0x00000148b95e0000, 0x00000148bb4d0000)
 End Bits:   [0x00000148bb4d0000, 0x00000148bd3c0000)

Polling page: 0x00000148a8360000

CodeCache: size=245760Kb used=15032Kb max_used=15048Kb free=230727Kb
 bounds [0x00000148a9ba0000, 0x00000148aaa70000, 0x00000148b8ba0000]
 total_blobs=5026 nmethods=4162 adapters=775
 compilation: enabled

Compilation events (10 events):
Event: 18.105 Thread 0x00000148c0268000 nmethod 4978 0x00000148aaa4ae90 code [0x00000148aaa4afe0, 0x00000148aaa4b158]
Event: 18.106 Thread 0x00000148c0268000 4979       3       com.mysql.cj.result.DefaultColumnDefinition::getFields (13 bytes)
Event: 18.106 Thread 0x00000148c0268000 nmethod 4979 0x00000148aaa4aa50 code [0x00000148aaa4abc0, 0x00000148aaa4ad90]
Event: 18.106 Thread 0x00000148c0268000 4980       3       com.mysql.cj.protocol.AbstractSocketConnection::getMysqlInput (37 bytes)
Event: 18.107 Thread 0x00000148c0268000 nmethod 4980 0x00000148aaa59a50 code [0x00000148aaa59c00, 0x00000148aaa5a000]
Event: 18.107 Thread 0x00000148c0268000 4982       3       com.mysql.cj.protocol.FullReadInputStream::readFully (136 bytes)
Event: 18.109 Thread 0x00000148c0268000 nmethod 4982 0x00000148aaa57d50 code [0x00000148aaa57fc0, 0x00000148aaa58f50]
Event: 18.109 Thread 0x00000148c0268000 4983       3       java.lang.String$CaseInsensitiveComparator::compare (13 bytes)
Event: 18.109 Thread 0x00000148c0268000 nmethod 4983 0x00000148aaa57790 code [0x00000148aaa57900, 0x00000148aaa57c70]
Event: 18.109 Thread 0x00000148c0268000 4981       3       com.mysql.cj.protocol.FullReadInputStream::$jacocoInit (52 bytes)

GC Heap History (10 events):
Event: 10.259 GC heap before
{Heap before GC invocations=7 (full 0):
 PSYoungGen      total 67072K, used 53692K [0x00000000d6c00000, 0x00000000db300000, 0x0000000100000000)
  eden space 62976K, 78% used [0x00000000d6c00000,0x00000000d9c73210,0x00000000da980000)
  from space 4096K, 99% used [0x00000000dae00000,0x00000000db1fc030,0x00000000db200000)
  to   space 4608K, 0% used [0x00000000da980000,0x00000000da980000,0x00000000dae00000)
 ParOldGen       total 84992K, used 5936K [0x0000000084400000, 0x0000000089700000, 0x00000000d6c00000)
  object space 84992K, 6% used [0x0000000084400000,0x00000000849cc020,0x0000000089700000)
 Metaspace       used 20505K, capacity 21216K, committed 21248K, reserved 1067008K
  class space    used 2601K, capacity 2791K, committed 2816K, reserved 1048576K
Event: 10.272 GC heap after
Heap after GC invocations=7 (full 0):
 PSYoungGen      total 65536K, used 4576K [0x00000000d6c00000, 0x00000000db780000, 0x0000000100000000)
  eden space 60928K, 0% used [0x00000000d6c00000,0x00000000d6c00000,0x00000000da780000)
  from space 4608K, 99% used [0x00000000da980000,0x00000000dadf8010,0x00000000dae00000)
  to   space 8192K, 0% used [0x00000000daf80000,0x00000000daf80000,0x00000000db780000)
 ParOldGen       total 84992K, used 11910K [0x0000000084400000, 0x0000000089700000, 0x00000000d6c00000)
  object space 84992K, 14% used [0x0000000084400000,0x0000000084fa1930,0x0000000089700000)
 Metaspace       used 20505K, capacity 21216K, committed 21248K, reserved 1067008K
  class space    used 2601K, capacity 2791K, committed 2816K, reserved 1048576K
}
Event: 10.272 GC heap before
{Heap before GC invocations=8 (full 1):
 PSYoungGen      total 65536K, used 4576K [0x00000000d6c00000, 0x00000000db780000, 0x0000000100000000)
  eden space 60928K, 0% used [0x00000000d6c00000,0x00000000d6c00000,0x00000000da780000)
  from space 4608K, 99% used [0x00000000da980000,0x00000000dadf8010,0x00000000dae00000)
  to   space 8192K, 0% used [0x00000000daf80000,0x00000000daf80000,0x00000000db780000)
 ParOldGen       total 84992K, used 11910K [0x0000000084400000, 0x0000000089700000, 0x00000000d6c00000)
  object space 84992K, 14% used [0x0000000084400000,0x0000000084fa1930,0x0000000089700000)
 Metaspace       used 20505K, capacity 21216K, committed 21248K, reserved 1067008K
  class space    used 2601K, capacity 2791K, committed 2816K, reserved 1048576K
Event: 10.315 GC heap after
Heap after GC invocations=8 (full 1):
 PSYoungGen      total 65536K, used 0K [0x00000000d6c00000, 0x00000000db780000, 0x0000000100000000)
  eden space 60928K, 0% used [0x00000000d6c00000,0x00000000d6c00000,0x00000000da780000)
  from space 4608K, 0% used [0x00000000da980000,0x00000000da980000,0x00000000dae00000)
  to   space 8192K, 0% used [0x00000000daf80000,0x00000000daf80000,0x00000000db780000)
 ParOldGen       total 62976K, used 14486K [0x0000000084400000, 0x0000000088180000, 0x00000000d6c00000)
  object space 62976K, 23% used [0x0000000084400000,0x0000000085225910,0x0000000088180000)
 Metaspace       used 20505K, capacity 21216K, committed 21248K, reserved 1067008K
  class space    used 2601K, capacity 2791K, committed 2816K, reserved 1048576K
}
Event: 12.208 GC heap before
{Heap before GC invocations=9 (full 1):
 PSYoungGen      total 65536K, used 60928K [0x00000000d6c00000, 0x00000000db780000, 0x0000000100000000)
  eden space 60928K, 100% used [0x00000000d6c00000,0x00000000da780000,0x00000000da780000)
  from space 4608K, 0% used [0x00000000da980000,0x00000000da980000,0x00000000dae00000)
  to   space 8192K, 0% used [0x00000000daf80000,0x00000000daf80000,0x00000000db780000)
 ParOldGen       total 62976K, used 14486K [0x0000000084400000, 0x0000000088180000, 0x00000000d6c00000)
  object space 62976K, 23% used [0x0000000084400000,0x0000000085225910,0x0000000088180000)
 Metaspace       used 26640K, capacity 27390K, committed 27648K, reserved 1073152K
  class space    used 3313K, capacity 3494K, committed 3584K, reserved 1048576K
Event: 12.217 GC heap after
Heap after GC invocations=9 (full 1):
 PSYoungGen      total 68608K, used 5998K [0x00000000d6c00000, 0x00000000de000000, 0x0000000100000000)
  eden space 60416K, 0% used [0x00000000d6c00000,0x00000000d6c00000,0x00000000da700000)
  from space 8192K, 73% used [0x00000000daf80000,0x00000000db55bb00,0x00000000db780000)
  to   space 8704K, 0% used [0x00000000da700000,0x00000000da700000,0x00000000daf80000)
 ParOldGen       total 62976K, used 14502K [0x0000000084400000, 0x0000000088180000, 0x00000000d6c00000)
  object space 62976K, 23% used [0x0000000084400000,0x0000000085229910,0x0000000088180000)
 Metaspace       used 26640K, capacity 27390K, committed 27648K, reserved 1073152K
  class space    used 3313K, capacity 3494K, committed 3584K, reserved 1048576K
}
Event: 13.226 GC heap before
{Heap before GC invocations=10 (full 1):
 PSYoungGen      total 68608K, used 66414K [0x00000000d6c00000, 0x00000000de000000, 0x0000000100000000)
  eden space 60416K, 100% used [0x00000000d6c00000,0x00000000da700000,0x00000000da700000)
  from space 8192K, 73% used [0x00000000daf80000,0x00000000db55bb00,0x00000000db780000)
  to   space 8704K, 0% used [0x00000000da700000,0x00000000da700000,0x00000000daf80000)
 ParOldGen       total 62976K, used 14502K [0x0000000084400000, 0x0000000088180000, 0x00000000d6c00000)
  object space 62976K, 23% used [0x0000000084400000,0x0000000085229910,0x0000000088180000)
 Metaspace       used 30331K, capacity 31248K, committed 31488K, reserved 1077248K
  class space    used 3805K, capacity 4033K, committed 4096K, reserved 1048576K
Event: 13.234 GC heap after
Heap after GC invocations=10 (full 1):
 PSYoungGen      total 69120K, used 8688K [0x00000000d6c00000, 0x00000000dd500000, 0x0000000100000000)
  eden space 60416K, 0% used [0x00000000d6c00000,0x00000000d6c00000,0x00000000da700000)
  from space 8704K, 99% used [0x00000000da700000,0x00000000daf7c098,0x00000000daf80000)
  to   space 11264K, 0% used [0x00000000dca00000,0x00000000dca00000,0x00000000dd500000)
 ParOldGen       total 62976K, used 17382K [0x0000000084400000, 0x0000000088180000, 0x00000000d6c00000)
  object space 62976K, 27% used [0x0000000084400000,0x00000000854f9a68,0x0000000088180000)
 Metaspace       used 30331K, capacity 31248K, committed 31488K, reserved 1077248K
  class space    used 3805K, capacity 4033K, committed 4096K, reserved 1048576K
}
Event: 15.073 GC heap before
{Heap before GC invocations=11 (full 1):
 PSYoungGen      total 69120K, used 69104K [0x00000000d6c00000, 0x00000000dd500000, 0x0000000100000000)
  eden space 60416K, 100% used [0x00000000d6c00000,0x00000000da700000,0x00000000da700000)
  from space 8704K, 99% used [0x00000000da700000,0x00000000daf7c098,0x00000000daf80000)
  to   space 11264K, 0% used [0x00000000dca00000,0x00000000dca00000,0x00000000dd500000)
 ParOldGen       total 62976K, used 17382K [0x0000000084400000, 0x0000000088180000, 0x00000000d6c00000)
  object space 62976K, 27% used [0x0000000084400000,0x00000000854f9a68,0x0000000088180000)
 Metaspace       used 32955K, capacity 34016K, committed 34304K, reserved 1079296K
  class space    used 4090K, capacity 4331K, committed 4352K, reserved 1048576K
Event: 15.086 GC heap after
Heap after GC invocations=11 (full 1):
 PSYoungGen      total 92672K, used 11257K [0x00000000d6c00000, 0x00000000ddb80000, 0x0000000100000000)
  eden space 81408K, 0% used [0x00000000d6c00000,0x00000000d6c00000,0x00000000dbb80000)
  from space 11264K, 99% used [0x00000000dca00000,0x00000000dd4fe568,0x00000000dd500000)
  to   space 14848K, 0% used [0x00000000dbb80000,0x00000000dbb80000,0x00000000dca00000)
 ParOldGen       total 62976K, used 21899K [0x0000000084400000, 0x0000000088180000, 0x00000000d6c00000)
  object space 62976K, 34% used [0x0000000084400000,0x0000000085962dd0,0x0000000088180000)
 Metaspace       used 32955K, capacity 34016K, committed 34304K, reserved 1079296K
  class space    used 4090K, capacity 4331K, committed 4352K, reserved 1048576K
}

Deoptimization events (10 events):
Event: 13.811 Thread 0x00000148ca695800 Uncommon trap: reason=unstable_if action=reinterpret pc=0x00000148aa5e13b0 method=java.lang.CharacterDataLatin1.digit(II)I @ 60
Event: 13.907 Thread 0x00000148ca695800 Uncommon trap: reason=unstable_if action=reinterpret pc=0x00000148aa56e3e4 method=java.util.Arrays.equals([B[B)Z @ 23
Event: 13.922 Thread 0x00000148c00cc800 Uncommon trap: reason=unstable_if action=reinterpret pc=0x00000148aa64ff2c method=org.netbeans.html.boot.fx.AbstractFXPresenter.toJavaScript(Ljava/lang/Object;Z)Ljava/lang/Object; @ 19
Event: 13.936 Thread 0x00000148ca695800 Uncommon trap: reason=unstable_if action=reinterpret pc=0x00000148aa5569c0 method=java.lang.String.indexOf([CII[CIII)I @ 27
Event: 13.989 Thread 0x00000148c00cc800 Uncommon trap: reason=unstable_if action=reinterpret pc=0x00000148aa0b75f0 method=java.security.AccessControlContext.combine([Ljava/security/ProtectionDomain;[Ljava/security/ProtectionDomain;)[Ljava/security/ProtectionDomain; @ 39
Event: 14.318 Thread 0x00000148ca693800 Uncommon trap: reason=class_check action=maybe_recompile pc=0x00000148aa5dd9fc method=java.util.HashMap.putVal(ILjava/lang/Object;Ljava/lang/Object;ZZ)Ljava/lang/Object; @ 253
Event: 14.318 Thread 0x00000148ca69a000 Uncommon trap: reason=class_check action=maybe_recompile pc=0x00000148aa5dd9fc method=java.util.HashMap.putVal(ILjava/lang/Object;Ljava/lang/Object;ZZ)Ljava/lang/Object; @ 253
Event: 14.318 Thread 0x00000148ca699800 Uncommon trap: reason=class_check action=maybe_recompile pc=0x00000148aa64c340 method=java.util.HashMap.putVal(ILjava/lang/Object;Ljava/lang/Object;ZZ)Ljava/lang/Object; @ 253
Event: 17.935 Thread 0x00000148c00cc800 Uncommon trap: reason=unstable_if action=reinterpret pc=0x00000148a9ffdcec method=org.netbeans.html.boot.fx.AbstractFXPresenter.undefined()Ljava/lang/Object; @ 8
Event: 17.941 Thread 0x00000148c00cc800 Uncommon trap: reason=predicate action=maybe_recompile pc=0x00000148aaa352c8 method=java.util.AbstractCollection.toArray([Ljava/lang/Object;)[Ljava/lang/Object; @ 49

Classes redefined (0 events):
No events

Internal exceptions (10 events):
Event: 16.833 Thread 0x00000148c1bda800 Implicit null exception at 0x00000148a9ebd730 to 0x00000148a9ebdf36
Event: 16.833 Thread 0x00000148c1bda800 Exception <a 'java/lang/NullPointerException'> (0x00000000d6f6a7f0) thrown at [C:\jenkins\workspace\8-2-build-windows-amd64-cygwin\jdk8u261\295\hotspot\src\share\vm\runtime\sharedRuntime.cpp, line 605]
Event: 17.788 Thread 0x00000148c00cc800 Implicit null exception at 0x00000148a9ebd730 to 0x00000148a9ebdf36
Event: 17.788 Thread 0x00000148c00cc800 Exception <a 'java/lang/NullPointerException'> (0x00000000d78f8f80) thrown at [C:\jenkins\workspace\8-2-build-windows-amd64-cygwin\jdk8u261\295\hotspot\src\share\vm\runtime\sharedRuntime.cpp, line 605]
Event: 17.790 Thread 0x00000148c00cc800 Implicit null exception at 0x00000148a9ebd730 to 0x00000148a9ebdf36
Event: 17.790 Thread 0x00000148c00cc800 Exception <a 'java/lang/NullPointerException'> (0x00000000d78fc4c8) thrown at [C:\jenkins\workspace\8-2-build-windows-amd64-cygwin\jdk8u261\295\hotspot\src\share\vm\runtime\sharedRuntime.cpp, line 605]
Event: 17.791 Thread 0x00000148c00cc800 Implicit null exception at 0x00000148a9ebd730 to 0x00000148a9ebdf36
Event: 17.791 Thread 0x00000148c00cc800 Exception <a 'java/lang/NullPointerException'> (0x00000000d78ffb80) thrown at [C:\jenkins\workspace\8-2-build-windows-amd64-cygwin\jdk8u261\295\hotspot\src\share\vm\runtime\sharedRuntime.cpp, line 605]
Event: 17.843 Thread 0x00000148ca694000 Exception <a 'java/io/FileNotFoundException'> (0x00000000d7b97ef0) thrown at [C:\jenkins\workspace\8-2-build-windows-amd64-cygwin\jdk8u261\295\hotspot\src\share\vm\prims\jni.cpp, line 710]
Event: 17.844 Thread 0x00000148ca694000 Exception <a 'java/io/FileNotFoundException'> (0x00000000d7b988a0) thrown at [C:\jenkins\workspace\8-2-build-windows-amd64-cygwin\jdk8u261\295\hotspot\src\share\vm\prims\jni.cpp, line 710]

Events (10 events):
Event: 17.925 Thread 0x00000148c00cc800 DEOPT PACKING pc=0x00000148aa76a99b sp=0x0000003522dfb890
Event: 17.925 Thread 0x00000148c00cc800 DEOPT UNPACKING pc=0x00000148a9be7898 sp=0x0000003522dfb6a8 mode 0
Event: 17.926 Thread 0x00000148c00cc800 DEOPT PACKING pc=0x00000148aa76a99b sp=0x0000003522dfb890
Event: 17.926 Thread 0x00000148c00cc800 DEOPT UNPACKING pc=0x00000148a9be7898 sp=0x0000003522dfb6a8 mode 0
Event: 17.935 Thread 0x00000148c00cc800 Uncommon trap: trap_request=0xffffff65 fr.pc=0x00000148a9ffdcec
Event: 17.935 Thread 0x00000148c00cc800 DEOPT PACKING pc=0x00000148a9ffdcec sp=0x0000003522dfbd40
Event: 17.935 Thread 0x00000148c00cc800 DEOPT UNPACKING pc=0x00000148a9be5843 sp=0x0000003522dfbcd8 mode 2
Event: 17.941 Thread 0x00000148c00cc800 Uncommon trap: trap_request=0xffffff86 fr.pc=0x00000148aaa352c8
Event: 17.941 Thread 0x00000148c00cc800 DEOPT PACKING pc=0x00000148aaa352c8 sp=0x0000003522dfc080
Event: 17.941 Thread 0x00000148c00cc800 DEOPT UNPACKING pc=0x00000148a9be5843 sp=0x0000003522dfc040 mode 2


Dynamic libraries:
0x00007ff6e7aa0000 - 0x00007ff6e7ae7000 	C:\Program Files\Java\jdk1.8.0_261\bin\javaw.exe
0x00007ff969ba0000 - 0x00007ff969d90000 	C:\WINDOWS\SYSTEM32\ntdll.dll
0x00007ff969420000 - 0x00007ff9694d2000 	C:\WINDOWS\System32\KERNEL32.DLL
0x00007ff966d40000 - 0x00007ff966fe5000 	C:\WINDOWS\System32\KERNELBASE.dll
0x00007ff967fe0000 - 0x00007ff968083000 	C:\WINDOWS\System32\ADVAPI32.dll
0x00007ff967c50000 - 0x00007ff967cee000 	C:\WINDOWS\System32\msvcrt.dll
0x00007ff968280000 - 0x00007ff968317000 	C:\WINDOWS\System32\sechost.dll
0x00007ff967dc0000 - 0x00007ff967ee0000 	C:\WINDOWS\System32\RPCRT4.dll
0x00007ff969280000 - 0x00007ff969414000 	C:\WINDOWS\System32\USER32.dll
0x00007ff967a00000 - 0x00007ff967a21000 	C:\WINDOWS\System32\win32u.dll
0x00007ff9685c0000 - 0x00007ff9685e6000 	C:\WINDOWS\System32\GDI32.dll
0x00007ff966b10000 - 0x00007ff966ca6000 	C:\WINDOWS\System32\gdi32full.dll
0x00007ff967a30000 - 0x00007ff967ace000 	C:\WINDOWS\System32\msvcp_win.dll
0x00007ff9670a0000 - 0x00007ff96719a000 	C:\WINDOWS\System32\ucrtbase.dll
0x00007ff95d060000 - 0x00007ff95d2e4000 	C:\WINDOWS\WinSxS\amd64_microsoft.windows.common-controls_6595b64144ccf1df_6.0.18362.1256_none_9e7e379be45e40e2\COMCTL32.dll
0x00007ff968e90000 - 0x00007ff9691c6000 	C:\WINDOWS\System32\combase.dll
0x00007ff966cb0000 - 0x00007ff966d31000 	C:\WINDOWS\System32\bcryptPrimitives.dll
0x00007ff967fb0000 - 0x00007ff967fde000 	C:\WINDOWS\System32\IMM32.DLL
0x00007ff961a00000 - 0x00007ff961a15000 	C:\Program Files\Java\jdk1.8.0_261\jre\bin\vcruntime140.dll
0x00007ff933380000 - 0x00007ff93341b000 	C:\Program Files\Java\jdk1.8.0_261\jre\bin\msvcp140.dll
0x000000005bd10000 - 0x000000005c57c000 	C:\Program Files\Java\jdk1.8.0_261\jre\bin\server\jvm.dll
0x00007ff9691f0000 - 0x00007ff9691f8000 	C:\WINDOWS\System32\PSAPI.DLL
0x00007ff95bef0000 - 0x00007ff95bf14000 	C:\WINDOWS\SYSTEM32\WINMM.dll
0x00007ff95aa30000 - 0x00007ff95aa39000 	C:\WINDOWS\SYSTEM32\WSOCK32.dll
0x00007ff960d70000 - 0x00007ff960d7a000 	C:\WINDOWS\SYSTEM32\VERSION.dll
0x00007ff968380000 - 0x00007ff9683ef000 	C:\WINDOWS\System32\WS2_32.dll
0x00007ff95bec0000 - 0x00007ff95beed000 	C:\WINDOWS\SYSTEM32\winmmbase.dll
0x00007ff9671a0000 - 0x00007ff9671ea000 	C:\WINDOWS\System32\cfgmgr32.dll
0x00007ff966a50000 - 0x00007ff966a61000 	C:\WINDOWS\System32\kernel.appcore.dll
0x00007ff961c90000 - 0x00007ff961ca0000 	C:\Program Files\Java\jdk1.8.0_261\jre\bin\verify.dll
0x00007ff9602e0000 - 0x00007ff96030b000 	C:\Program Files\Java\jdk1.8.0_261\jre\bin\java.dll
0x00007ff950d10000 - 0x00007ff950d42000 	C:\Program Files\Java\jdk1.8.0_261\jre\bin\instrument.dll
0x00007ff9605c0000 - 0x00007ff9605d8000 	C:\Program Files\Java\jdk1.8.0_261\jre\bin\zip.dll
0x00007ff9687a0000 - 0x00007ff968e87000 	C:\WINDOWS\System32\SHELL32.dll
0x00007ff9681c0000 - 0x00007ff968269000 	C:\WINDOWS\System32\shcore.dll
0x00007ff967270000 - 0x00007ff9679f1000 	C:\WINDOWS\System32\windows.storage.dll
0x00007ff966a90000 - 0x00007ff966ab3000 	C:\WINDOWS\System32\profapi.dll
0x00007ff966ac0000 - 0x00007ff966b0a000 	C:\WINDOWS\System32\powrprof.dll
0x00007ff966a40000 - 0x00007ff966a50000 	C:\WINDOWS\System32\UMPDC.dll
0x00007ff969af0000 - 0x00007ff969b42000 	C:\WINDOWS\System32\shlwapi.dll
0x00007ff967250000 - 0x00007ff967267000 	C:\WINDOWS\System32\cryptsp.dll
0x00007ff9604e0000 - 0x00007ff9604fc000 	C:\Program Files\Java\jdk1.8.0_261\jre\bin\net.dll
0x00007ff966230000 - 0x00007ff966297000 	C:\WINDOWS\system32\mswsock.dll
0x00007ff9562c0000 - 0x00007ff9562d6000 	C:\WINDOWS\system32\napinsp.dll
0x00007ff9562a0000 - 0x00007ff9562ba000 	C:\WINDOWS\system32\pnrpnsp.dll
0x00007ff965f80000 - 0x00007ff96604b000 	C:\WINDOWS\SYSTEM32\DNSAPI.dll
0x00007ff969b50000 - 0x00007ff969b58000 	C:\WINDOWS\System32\NSI.dll
0x00007ff965f40000 - 0x00007ff965f7a000 	C:\WINDOWS\SYSTEM32\IPHLPAPI.DLL
0x00007ff95abc0000 - 0x00007ff95abce000 	C:\WINDOWS\System32\winrnr.dll
0x00007ff962290000 - 0x00007ff9622ac000 	C:\WINDOWS\system32\NLAapi.dll
0x00007ff962630000 - 0x00007ff962645000 	C:\WINDOWS\system32\wshbth.dll
0x00007ff95e890000 - 0x00007ff95e89a000 	C:\Windows\System32\rasadhlp.dll
0x00007ff95e570000 - 0x00007ff95e5e7000 	C:\WINDOWS\System32\fwpuclnt.dll
0x00007ff967ad0000 - 0x00007ff967af6000 	C:\WINDOWS\System32\bcrypt.dll
0x00000148a83d0000 - 0x00000148a83d3000 	C:\Program Files\Java\jdk1.8.0_261\jre\bin\api-ms-win-core-console-l1-1-0.dll
0x00000148a83e0000 - 0x00000148a83e3000 	C:\Program Files\Java\jdk1.8.0_261\jre\bin\api-ms-win-core-datetime-l1-1-0.dll
0x00000148c1000000 - 0x00000148c1003000 	C:\Program Files\Java\jdk1.8.0_261\jre\bin\api-ms-win-core-debug-l1-1-0.dll
0x00000148c1010000 - 0x00000148c1013000 	C:\Program Files\Java\jdk1.8.0_261\jre\bin\api-ms-win-core-errorhandling-l1-1-0.dll
0x00000148c1020000 - 0x00000148c1024000 	C:\Program Files\Java\jdk1.8.0_261\jre\bin\api-ms-win-core-file-l1-1-0.dll
0x00000148c1030000 - 0x00000148c1033000 	C:\Program Files\Java\jdk1.8.0_261\jre\bin\api-ms-win-core-file-l1-2-0.dll
0x00000148c1040000 - 0x00000148c1043000 	C:\Program Files\Java\jdk1.8.0_261\jre\bin\api-ms-win-core-file-l2-1-0.dll
0x00000148c1050000 - 0x00000148c1053000 	C:\Program Files\Java\jdk1.8.0_261\jre\bin\api-ms-win-core-handle-l1-1-0.dll
0x00000148c1060000 - 0x00000148c1063000 	C:\Program Files\Java\jdk1.8.0_261\jre\bin\api-ms-win-core-heap-l1-1-0.dll
0x00000148c1070000 - 0x00000148c1073000 	C:\Program Files\Java\jdk1.8.0_261\jre\bin\api-ms-win-core-interlocked-l1-1-0.dll
0x00000148c1080000 - 0x00000148c1083000 	C:\Program Files\Java\jdk1.8.0_261\jre\bin\api-ms-win-core-libraryloader-l1-1-0.dll
0x00000148c1090000 - 0x00000148c1093000 	C:\Program Files\Java\jdk1.8.0_261\jre\bin\api-ms-win-core-localization-l1-2-0.dll
0x00000148c10a0000 - 0x00000148c10a3000 	C:\Program Files\Java\jdk1.8.0_261\jre\bin\api-ms-win-core-memory-l1-1-0.dll
0x00000148c10b0000 - 0x00000148c10b3000 	C:\Program Files\Java\jdk1.8.0_261\jre\bin\api-ms-win-core-namedpipe-l1-1-0.dll
0x00000148c10c0000 - 0x00000148c10c3000 	C:\Program Files\Java\jdk1.8.0_261\jre\bin\api-ms-win-core-processenvironment-l1-1-0.dll
0x00000148c10d0000 - 0x00000148c10d3000 	C:\Program Files\Java\jdk1.8.0_261\jre\bin\api-ms-win-core-processthreads-l1-1-0.dll
0x00000148c10e0000 - 0x00000148c10e3000 	C:\Program Files\Java\jdk1.8.0_261\jre\bin\api-ms-win-core-processthreads-l1-1-1.dll
0x00000148c10f0000 - 0x00000148c10f3000 	C:\Program Files\Java\jdk1.8.0_261\jre\bin\api-ms-win-core-profile-l1-1-0.dll
0x00000148c1100000 - 0x00000148c1103000 	C:\Program Files\Java\jdk1.8.0_261\jre\bin\api-ms-win-core-rtlsupport-l1-1-0.dll
0x00000148c1110000 - 0x00000148c1113000 	C:\Program Files\Java\jdk1.8.0_261\jre\bin\api-ms-win-core-string-l1-1-0.dll
0x00000148c1120000 - 0x00000148c1123000 	C:\Program Files\Java\jdk1.8.0_261\jre\bin\api-ms-win-core-synch-l1-1-0.dll
0x00000148c1130000 - 0x00000148c1133000 	C:\Program Files\Java\jdk1.8.0_261\jre\bin\api-ms-win-core-synch-l1-2-0.dll
0x00000148c1140000 - 0x00000148c1143000 	C:\Program Files\Java\jdk1.8.0_261\jre\bin\api-ms-win-core-sysinfo-l1-1-0.dll
0x00000148c1150000 - 0x00000148c1153000 	C:\Program Files\Java\jdk1.8.0_261\jre\bin\api-ms-win-core-timezone-l1-1-0.dll
0x00000148c1160000 - 0x00000148c1163000 	C:\Program Files\Java\jdk1.8.0_261\jre\bin\api-ms-win-core-util-l1-1-0.dll
0x00000148c1170000 - 0x00000148c1173000 	C:\Program Files\Java\jdk1.8.0_261\jre\bin\api-ms-win-crt-conio-l1-1-0.dll
0x00000148c1180000 - 0x00000148c1184000 	C:\Program Files\Java\jdk1.8.0_261\jre\bin\api-ms-win-crt-convert-l1-1-0.dll
0x00000148c1190000 - 0x00000148c1193000 	C:\Program Files\Java\jdk1.8.0_261\jre\bin\api-ms-win-crt-environment-l1-1-0.dll
0x00000148c11a0000 - 0x00000148c11a3000 	C:\Program Files\Java\jdk1.8.0_261\jre\bin\api-ms-win-crt-filesystem-l1-1-0.dll
0x00000148c11b0000 - 0x00000148c11b3000 	C:\Program Files\Java\jdk1.8.0_261\jre\bin\api-ms-win-crt-heap-l1-1-0.dll
0x00000148c11c0000 - 0x00000148c11c3000 	C:\Program Files\Java\jdk1.8.0_261\jre\bin\api-ms-win-crt-locale-l1-1-0.dll
0x00000148c21a0000 - 0x00000148c21a5000 	C:\Program Files\Java\jdk1.8.0_261\jre\bin\api-ms-win-crt-math-l1-1-0.dll
0x00000148c21b0000 - 0x00000148c21b5000 	C:\Program Files\Java\jdk1.8.0_261\jre\bin\api-ms-win-crt-multibyte-l1-1-0.dll
0x00000148c21c0000 - 0x00000148c21d0000 	C:\Program Files\Java\jdk1.8.0_261\jre\bin\api-ms-win-crt-private-l1-1-0.dll
0x00000148c21d0000 - 0x00000148c21d3000 	C:\Program Files\Java\jdk1.8.0_261\jre\bin\api-ms-win-crt-process-l1-1-0.dll
0x00000148c21e0000 - 0x00000148c21e4000 	C:\Program Files\Java\jdk1.8.0_261\jre\bin\api-ms-win-crt-runtime-l1-1-0.dll
0x00000148c21f0000 - 0x00000148c21f4000 	C:\Program Files\Java\jdk1.8.0_261\jre\bin\api-ms-win-crt-stdio-l1-1-0.dll
0x00000148c2200000 - 0x00000148c2204000 	C:\Program Files\Java\jdk1.8.0_261\jre\bin\api-ms-win-crt-string-l1-1-0.dll
0x00000148c2210000 - 0x00000148c2213000 	C:\Program Files\Java\jdk1.8.0_261\jre\bin\api-ms-win-crt-time-l1-1-0.dll
0x00000148c2220000 - 0x00000148c2223000 	C:\Program Files\Java\jdk1.8.0_261\jre\bin\api-ms-win-crt-utility-l1-1-0.dll
0x00007ff92f710000 - 0x00007ff92f80c000 	C:\Program Files\Java\jdk1.8.0_261\jre\bin\ucrtbase.dll
0x00007ff934610000 - 0x00007ff934661000 	C:\Program Files\Java\jdk1.8.0_261\jre\bin\concrt140.dll
0x00007ff950a50000 - 0x00007ff950a73000 	C:\Program Files\Java\jdk1.8.0_261\jre\bin\prism_d3d.dll
0x00007ff925070000 - 0x00007ff925237000 	C:\WINDOWS\system32\d3d9.dll
0x00007ff964cf0000 - 0x00007ff964d1d000 	C:\WINDOWS\SYSTEM32\dwmapi.dll
0x00007ff965660000 - 0x00007ff965680000 	C:\WINDOWS\SYSTEM32\dxcore.dll
0x00007ff964970000 - 0x00007ff964a09000 	C:\WINDOWS\system32\uxtheme.dll
0x00007ff924850000 - 0x00007ff9249b4000 	C:\WINDOWS\System32\DriverStore\FileRepository\igdlh64.inf_amd64_ec9080124e70d178\igdumdim64.dll
0x00007ff903ff0000 - 0x00007ff907fca000 	C:\WINDOWS\System32\DriverStore\FileRepository\igdlh64.inf_amd64_ec9080124e70d178\igd9dxva64.dll
0x00007ff968460000 - 0x00007ff9685b7000 	C:\WINDOWS\System32\ole32.dll
0x00007ff967ee0000 - 0x00007ff967fa5000 	C:\WINDOWS\System32\OLEAUT32.dll
0x00007ff94e1e0000 - 0x00007ff94e384000 	C:\WINDOWS\System32\DriverStore\FileRepository\igdlh64.inf_amd64_ec9080124e70d178\igdgmm64.dll
0x00007ff9406d0000 - 0x00007ff940715000 	C:\Program Files\Java\jdk1.8.0_261\jre\bin\glass.dll
0x00007ff967cf0000 - 0x00007ff967dc0000 	C:\WINDOWS\System32\COMDLG32.dll
0x00007ff969950000 - 0x00007ff969a85000 	C:\WINDOWS\System32\MSCTF.dll
0x00007ff9605e0000 - 0x00007ff960606000 	C:\WINDOWS\System32\DriverStore\FileRepository\igdlh64.inf_amd64_ec9080124e70d178\igdinfo64.dll
0x00007ff94a310000 - 0x00007ff94c7ab000 	C:\WINDOWS\System32\DriverStore\FileRepository\igdlh64.inf_amd64_ec9080124e70d178\igc64.dll
0x00007ff94db20000 - 0x00007ff94db34000 	C:\Program Files\Java\jdk1.8.0_261\jre\bin\javafx_font.dll
0x00007ff94cd20000 - 0x00007ff94d01e000 	C:\WINDOWS\SYSTEM32\dwrite.dll
0x00007ff968090000 - 0x00007ff968132000 	C:\WINDOWS\System32\clbcatq.dll
0x00007ff952c50000 - 0x00007ff952dff000 	C:\WINDOWS\SYSTEM32\WindowsCodecs.dll
0x00007ff95b5b0000 - 0x00007ff95b5ea000 	C:\WINDOWS\system32\dataexchange.dll
0x00007ff963990000 - 0x00007ff963beb000 	C:\WINDOWS\system32\d3d11.dll
0x00007ff964050000 - 0x00007ff96422d000 	C:\WINDOWS\system32\dcomp.dll
0x00007ff9656f0000 - 0x00007ff9657db000 	C:\WINDOWS\system32\dxgi.dll
0x00007ff964a60000 - 0x00007ff964cc2000 	C:\WINDOWS\system32\twinapi.appcore.dll
0x00007ff964f80000 - 0x00007ff964fa9000 	C:\WINDOWS\system32\RMCLIENT.dll
0x00007ff9510f0000 - 0x00007ff951123000 	C:\Program Files\Common Files\Microsoft Shared\Ink\rtscom.dll
0x00007ff954120000 - 0x00007ff9541be000 	C:\WINDOWS\System32\TextInputFramework.dll
0x00007ff951bd0000 - 0x00007ff951efa000 	C:\WINDOWS\System32\CoreUIComponents.dll
0x00007ff9645a0000 - 0x00007ff964674000 	C:\WINDOWS\System32\CoreMessaging.dll
0x00007ff965a60000 - 0x00007ff965a91000 	C:\WINDOWS\SYSTEM32\ntmarta.dll
0x00007ff9624d0000 - 0x00007ff962623000 	C:\WINDOWS\SYSTEM32\wintypes.dll
0x00007ff95ae40000 - 0x00007ff95b0e7000 	C:\WINDOWS\System32\iertutil.dll

VM Arguments:
jvm_args: -javaagent:C:\Program Files\eclipse_neon\configuration\org.eclipse.osgi\487\0\.cp\jacocoagent.jar=includes=*,excludes=,exclclassloader=sun.reflect.DelegatingClassLoader,output=tcpclient,port=62533 -Dfile.encoding=UTF-8 
java_command: com.gianmarco.merletti.progetto_ispw.logic.app.App
java_class_path (initial): C:\Users\giamp\git\ProgettoISPW\target\classes;C:\Users\giamp\.m2\repository\org\openjfx\javafx-controls\11.0.1\javafx-controls-11.0.1.jar;C:\Users\giamp\.m2\repository\org\openjfx\javafx-controls\11.0.1\javafx-controls-11.0.1-win.jar;C:\Users\giamp\.m2\repository\org\openjfx\javafx-graphics\11.0.1\javafx-graphics-11.0.1.jar;C:\Users\giamp\.m2\repository\org\openjfx\javafx-graphics\11.0.1\javafx-graphics-11.0.1-win.jar;C:\Users\giamp\.m2\repository\org\openjfx\javafx-base\11.0.1\javafx-base-11.0.1.jar;C:\Users\giamp\.m2\repository\org\openjfx\javafx-base\11.0.1\javafx-base-11.0.1-win.jar;C:\Users\giamp\.m2\repository\org\openjfx\javafx-fxml\11.0.1\javafx-fxml-11.0.1.jar;C:\Users\giamp\.m2\repository\org\openjfx\javafx-fxml\11.0.1\javafx-fxml-11.0.1-win.jar;C:\Users\giamp\.m2\repository\org\openjfx\javafx-web\11.0.1\javafx-web-11.0.1.jar;C:\Users\giamp\.m2\repository\org\openjfx\javafx-web\11.0.1\javafx-web-11.0.1-win.jar;C:\Users\giamp\.m2\repository\org\openjfx\javafx-media\11.0.1\javafx-media-11.0.1.jar;C:\Users\giamp\.m2\repository\org\openjfx\javafx-media\11.0.1\javafx-media-11.0.1-win.jar;C:\Users\giamp\.m2\repository\com\jfoenix\jfoenix\8.0.10\jfoenix-8.0.10.jar;C:\Users\giamp\.m2\repository\javax\servlet\jsp-api\2.0\jsp-api-2.0.jar;C:\Users\giamp\.m2\repository\javax\servlet\servlet-api\2.4\servlet-api-2.4.jar;C:\Users\giamp\.m2\repository\com\dukescript\api\leaflet4j\0.7.7\leaflet4j-0.7.7.jar;C:\Users\giamp\.m2\repository\org\netbeans\html\net.java.html.boot\1.7\net.java.html.boot-1.7.jar;C:\Users\giamp\.m2\repository\org\netbeans\html\net.java.html\1.7\net.java.html-1.7.jar;C:\Users\giamp\.m2\repository\org\netbeans\html\net.java.html.boot.fx\1.7\net.java.html.boot.fx-1.7.jar;C:\Users\giamp\.m2\repository\javax\servlet\javax.servlet-api\3.0.1\javax.servlet-api-3.0.1.jar;C:\Users\giamp\.m2\repository\commons-codec\commons-codec\1.14\commons-codec-1.14.jar;C:\Users\giamp\.m2\repository\mysql\mysql-connector-java\8.0.22\mysql-conne
Launcher Type: SUN_STANDARD

Environment Variables:
PATH=C:/Program Files/Java/jdk1.8.0_261/bin/../jre/bin/server;C:/Program Files/Java/jdk1.8.0_261/bin/../jre/bin;C:/Program Files/Java/jdk1.8.0_261/bin/../jre/lib/amd64;C:\Program Files\Intel\iCLS Client\;C:\WINDOWS\system32;C:\WINDOWS;C:\WINDOWS\System32\Wbem;C:\WINDOWS\System32\WindowsPowerShell\v1.0\;C:\Program Files\mingw-w64\x86_64-7.1.0-posix-seh-rt_v5-rev2\mingw64\bin;C:\WINDOWS\System32\OpenSSH\;C:\Program Files\Java\jdk1.8.0_261\bin;C:\MinGW\bin;C:\Program Files (x86)\Intel\Intel(R) Management Engine Components\DAL;C:\Program Files\Intel\Intel(R) Management Engine Components\DAL;C:\Users\giamp\AppData\Local\Microsoft\WindowsApps;C:\Program Files\Java\jdk1.8.0_181\bin;C:\MinGW\bin;C:\cygwin64\bin;C:\Program Files\eclipse_neon;
USERNAME=giamp
OS=Windows_NT
PROCESSOR_IDENTIFIER=Intel64 Family 6 Model 142 Stepping 10, GenuineIntel



---------------  S Y S T E M  ---------------

OS: Windows 10.0 , 64 bit Build 18362 (10.0.18362.1110)

CPU:total 8 (initial active 8) (4 cores per cpu, 2 threads per core) family 6 model 142 stepping 10, cmov, cx8, fxsr, mmx, sse, sse2, sse3, ssse3, sse4.1, sse4.2, popcnt, avx, avx2, aes, clmul, erms, 3dnowpref, lzcnt, ht, tsc, tscinvbit, bmi1, bmi2, adx

Memory: 4k page, physical 8105832k(2923228k free), swap 9437292k(1566708k free)

vm_info: Java HotSpot(TM) 64-Bit Server VM (25.261-b12) for windows-amd64 JRE (1.8.0_261-b12), built on Jun 18 2020 06:56:32 by "" with unknown MS VC++:1916

time: Sun Dec 20 17:23:16 2020
timezone: ora solare Europa occidentale
elapsed time: 18 seconds (0d 0h 0m 18s)

