#
# A fatal error has been detected by the Java Runtime Environment:
#
#  EXCEPTION_ACCESS_VIOLATION (0xc0000005) at pc=0x00007ff901593856, pid=11792, tid=0x00000000000031f8
#
# JRE version: Java(TM) SE Runtime Environment (8.0_261-b12) (build 1.8.0_261-b12)
# Java VM: Java HotSpot(TM) 64-Bit Server VM (25.261-b12 mixed mode windows-amd64 compressed oops)
# Problematic frame:
# C  0x00007ff901593856
#
# Failed to write core dump. Minidumps are not enabled by default on client versions of Windows
#
# If you would like to submit a bug report, please visit:
#   http://bugreport.java.com/bugreport/crash.jsp
# The crash happened outside the Java Virtual Machine in native code.
# See problematic frame for where to report the bug.
#

---------------  T H R E A D  ---------------

Current thread (0x0000027bedd40000):  JavaThread "JavaFX Application Thread" [_thread_in_native, id=12792, stack(0x000000d55fd00000,0x000000d55fe00000)]

siginfo: ExceptionCode=0xc0000005, reading address 0x0000027b000000da

Registers:
RAX=0x0000027b0000009a, RBX=0x0000000000000004, RCX=0x00000000000001f5, RDX=0xee00000000000000
RSP=0x000000d55fdfbbf0, RBP=0x000000d55fdfbcc9, RSI=0x0000027bf84550a0, RDI=0x0000000000000000
R8 =0x0000000000000004, R9 =0x0000027bf8a1a1c0, R10=0x000000d55fdfbc70, R11=0x0000000000000008
R12=0x0000000000000006, R13=0x0000027bf7f16ad0, R14=0x000000d55fdfbd70, R15=0x0000027bfda76f50
RIP=0x00007ff901593856, EFLAGS=0x0000000000010206

Top of Stack: (sp=0x000000d55fdfbbf0)
0x000000d55fdfbbf0:   0000027bf86b7d00 00007ff90133bf98
0x000000d55fdfbc00:   0000027bf84550a0 00000000ffffffff
0x000000d55fdfbc10:   0000027bf7d2e440 00007ff9015f53b5
0x000000d55fdfbc20:   0000027bfdb536d0 000000d55fdfbcb8
0x000000d55fdfbc30:   0000027bf8a1aa60 00002a4db57679ac
0x000000d55fdfbc40:   0000027bf86b7d00 0000027bfdc5d230
0x000000d55fdfbc50:   0000027bf84550a0 0000027bf7f1a990
0x000000d55fdfbc60:   000000045fdfbc00 0000027b00000008
0x000000d55fdfbc70:   0000027bfe1d87d0 0000027bfe3711e0
0x000000d55fdfbc80:   0000027bfe1d87e0 0000027bf8940980
0x000000d55fdfbc90:   00000000d9599898 000000d55fdfbe18
0x000000d55fdfbca0:   0000027bedd40000 000000005be66e4e
0x000000d55fdfbcb0:   000000d55fdfbc70 0000000000000000
0x000000d55fdfbcc0:   00002a4db57679ec 0000000000000030
0x000000d55fdfbcd0:   00002a4db5767e4c 00007ff9006b02d4
0x000000d55fdfbce0:   000000d55fdfbe10 0000000000000006 

Instructions: (pc=0x00007ff901593856)
0x00007ff901593836:   ff 8b ca 48 c1 e9 07 48 c1 e2 39 48 8b 80 d8 3e
0x00007ff901593846:   00 00 48 8b 80 c8 00 00 00 48 8b 04 c8 48 33 c2
0x00007ff901593856:   48 8b 40 40 48 83 c0 20 0f 84 ef 01 00 00 45 3b
0x00007ff901593866:   c3 74 22 48 8d 45 a7 4c 3b d0 74 05 4d 85 d2 75 


Register to memory mapping:

RAX=0x0000027b0000009a is an unknown value
RBX=0x0000000000000004 is an unknown value
RCX=0x00000000000001f5 is an unknown value
RDX=0xee00000000000000 is an unknown value
RSP=0x000000d55fdfbbf0 is pointing into the stack for thread: 0x0000027bedd40000
RBP=0x000000d55fdfbcc9 is pointing into the stack for thread: 0x0000027bedd40000
RSI=0x0000027bf84550a0 is an unknown value
RDI=0x0000000000000000 is an unknown value
R8 =0x0000000000000004 is an unknown value
R9 =0x0000027bf8a1a1c0 is an unknown value
R10=0x000000d55fdfbc70 is pointing into the stack for thread: 0x0000027bedd40000
R11=0x0000000000000008 is an unknown value
R12=0x0000000000000006 is an unknown value
R13=0x0000027bf7f16ad0 is an unknown value
R14=0x000000d55fdfbd70 is pointing into the stack for thread: 0x0000027bedd40000
R15=0x0000027bfda76f50 is an unknown value


Stack: [0x000000d55fd00000,0x000000d55fe00000],  sp=0x000000d55fdfbbf0,  free space=1006k
Native frames: (J=compiled Java code, j=interpreted, Vv=VM code, C=native code)
C  0x00007ff901593856
C  0x00007ff900b55b03
C  0x0000027bd8d2f22f

Java frames: (J=compiled Java code, j=interpreted, Vv=VM code)
J 2965  com.sun.webkit.dom.JSObject.callImpl(JILjava/lang/String;[Ljava/lang/Object;Ljava/security/AccessControlContext;)Ljava/lang/Object; (0 bytes) @ 0x0000027bd8d2f192 [0x0000027bd8d2f100+0x92]
J 4445 C2 com.sun.webkit.dom.JSObject.call(Ljava/lang/String;[Ljava/lang/Object;)Ljava/lang/Object; (23 bytes) @ 0x0000027bd9836bb8 [0x0000027bd9836420+0x798]
J 2987 C1 org.netbeans.html.boot.fx.AbstractFXPresenter$JSFn.invokeImpl(Ljava/lang/Object;Z[Ljava/lang/Object;)Ljava/lang/Object; (264 bytes) @ 0x0000027bd8dbd324 [0x0000027bd8dbad40+0x25e4]
J 2982 C1 org.netbeans.html.boot.fx.AbstractFXPresenter$JSFn.invoke(Ljava/lang/Object;[Ljava/lang/Object;)Ljava/lang/Object; (8 bytes) @ 0x0000027bd8fa8244 [0x0000027bd8fa8140+0x104]
j  net.java.html.leaflet.EventMethodsHelper.addMouseListenerImpl(Ljava/lang/Object;Ljava/lang/String;Lnet/java/html/leaflet/event/MouseListener;Ljava/lang/Object;)Ljava/lang/Object;+111
j  net.java.html.leaflet.EventMethodsHelper.addMouseListener(Ljava/lang/Object;Lnet/java/html/leaflet/event/MouseEvent$Type;Lnet/java/html/leaflet/event/MouseListener;)V+12
j  net.java.html.leaflet.Marker.addMouseListener(Lnet/java/html/leaflet/event/MouseEvent$Type;Lnet/java/html/leaflet/event/MouseListener;)Lnet/java/html/leaflet/Marker;+6
j  com.gianmarco.merletti.progetto_ispw.logic.view.javafx.MapController.loadMarkers(Ljava/util/List;Lnet/java/html/leaflet/MarkerOptions;)V+173
j  com.gianmarco.merletti.progetto_ispw.logic.view.javafx.MapController.addEventFromCity(Lnet/java/html/leaflet/Map;Lcom/gianmarco/merletti/progetto_ispw/logic/util/CityEnum;)V+17
j  com.gianmarco.merletti.progetto_ispw.logic.view.javafx.MapController$1.run()V+562
j  org.netbeans.html.boot.fx.InitializeWebView.run()V+20
j  net.java.html.boot.BrowserBuilder$1OnPageLoad$1CallInitMethod.run()V+33
j  net.java.html.BrwsrCtx$1Wrap.run()V+24
j  org.netbeans.html.boot.fx.AbstractFXPresenter.execute(Ljava/lang/Runnable;)V+12
j  net.java.html.BrwsrCtx.execute(Ljava/lang/Runnable;)V+33
j  net.java.html.boot.BrowserBuilder$1OnPageLoad.run()V+146
j  org.netbeans.html.boot.fx.AbstractFXPresenter.onPageLoad()V+12
j  org.netbeans.html.boot.fx.InitializeWebView$FindViewListener.changed(Ljavafx/beans/value/ObservableValue;Ljavafx/concurrent/Worker$State;Ljavafx/concurrent/Worker$State;)V+49
j  org.netbeans.html.boot.fx.InitializeWebView$FindViewListener.changed(Ljavafx/beans/value/ObservableValue;Ljava/lang/Object;Ljava/lang/Object;)V+10
j  com.sun.javafx.binding.ExpressionHelper$Generic.fireValueChangedEvent()V+167
J 2797 C1 javafx.beans.property.ReadOnlyObjectWrapper.fireValueChangedEvent()V (19 bytes) @ 0x0000027bd947e304 [0x0000027bd947df00+0x404]
J 1617 C1 javafx.beans.property.ObjectPropertyBase.set(Ljava/lang/Object;)V (110 bytes) @ 0x0000027bd90f2824 [0x0000027bd90f2060+0x7c4]
j  javafx.scene.web.WebEngine$LoadWorker.updateState(Ljavafx/concurrent/Worker$State;)V+8
j  javafx.scene.web.WebEngine$LoadWorker.dispatchLoadEvent(JILjava/lang/String;Ljava/lang/String;DI)V+309
j  javafx.scene.web.WebEngine$LoadWorker.access$1200(Ljavafx/scene/web/WebEngine$LoadWorker;JILjava/lang/String;Ljava/lang/String;DI)V+11
j  javafx.scene.web.WebEngine$PageLoadListener.dispatchLoadEvent(JILjava/lang/String;Ljava/lang/String;DI)V+32
j  com.sun.webkit.WebPage.fireLoadEvent(JILjava/lang/String;Ljava/lang/String;DI)V+45
j  com.sun.webkit.WebPage.fwkFireLoadEvent(JILjava/lang/String;Ljava/lang/String;DI)V+94
v  ~StubRoutines::call_stub
J 4143  com.sun.webkit.Timer.twkFireTimerEvent()V (0 bytes) @ 0x0000027bd971be7e [0x0000027bd971be40+0x3e]
J 4142 C1 com.sun.webkit.Timer.fireTimerEvent(J)V (65 bytes) @ 0x0000027bd971b0dc [0x0000027bd971ac80+0x45c]
J 4128 C1 com.sun.webkit.Timer.notifyTick()V (29 bytes) @ 0x0000027bd970f4b4 [0x0000027bd970f240+0x274]
J 4030 C1 javafx.scene.web.WebEngine$PulseTimer$$Lambda$305.run()V (4 bytes) @ 0x0000027bd96d72a4 [0x0000027bd96d7140+0x164]
J 3909 C1 com.sun.javafx.application.PlatformImpl$$Lambda$50.run()Ljava/lang/Object; (8 bytes) @ 0x0000027bd9641a4c [0x0000027bd9641900+0x14c]
v  ~StubRoutines::call_stub
J 1227  java.security.AccessController.doPrivileged(Ljava/security/PrivilegedAction;Ljava/security/AccessControlContext;)Ljava/lang/Object; (0 bytes) @ 0x0000027bd902e2a6 [0x0000027bd902e240+0x66]
J 3911 C1 com.sun.javafx.application.PlatformImpl.lambda$runLater$6(Ljava/lang/Runnable;Ljava/security/AccessControlContext;)V (38 bytes) @ 0x0000027bd964260c [0x0000027bd96422a0+0x36c]
J 3708 C1 com.sun.javafx.application.PlatformImpl$$Lambda$49.run()V (12 bytes) @ 0x0000027bd95aa284 [0x0000027bd95aa200+0x84]
J 1416 C1 com.sun.glass.ui.InvokeLaterDispatcher$Future.run()V (91 bytes) @ 0x0000027bd90908cc [0x0000027bd90907c0+0x10c]
v  ~StubRoutines::call_stub
j  com.sun.glass.ui.win.WinApplication._runLoop(Ljava/lang/Runnable;)V+0
j  com.sun.glass.ui.win.WinApplication.lambda$null$4(ILjava/lang/Runnable;)V+8
j  com.sun.glass.ui.win.WinApplication$$Lambda$38.run()V+12
j  java.lang.Thread.run()V+11
v  ~StubRoutines::call_stub

---------------  P R O C E S S  ---------------

Java Threads: ( => current thread )
  0x0000027befbc6000 JavaThread "URL-Loader-22" daemon [_thread_blocked, id=8952, stack(0x000000d561600000,0x000000d561700000)]
  0x0000027befbca800 JavaThread "URL-Loader-21" daemon [_thread_blocked, id=10184, stack(0x000000d560d00000,0x000000d560e00000)]
  0x0000027befbc4000 JavaThread "Thread-5" daemon [_thread_in_native, id=3896, stack(0x000000d561500000,0x000000d561600000)]
  0x0000027befbc9000 JavaThread "Disposer" daemon [_thread_blocked, id=9008, stack(0x000000d560c00000,0x000000d560d00000)]
  0x0000027befbc4800 JavaThread "mysql-cj-abandoned-connection-cleanup" daemon [_thread_blocked, id=11796, stack(0x000000d560b00000,0x000000d560c00000)]
  0x0000027befbca000 JavaThread "Prism Font Disposer" daemon [_thread_blocked, id=10236, stack(0x000000d560300000,0x000000d560400000)]
  0x0000027bedd41000 JavaThread "Thread-3" daemon [_thread_in_native, id=9600, stack(0x000000d560100000,0x000000d560200000)]
  0x0000027bedd3c800 JavaThread "JavaFX-Launcher" [_thread_blocked, id=8784, stack(0x000000d560200000,0x000000d560300000)]
=>0x0000027bedd40000 JavaThread "JavaFX Application Thread" [_thread_in_native, id=12792, stack(0x000000d55fd00000,0x000000d55fe00000)]
  0x0000027bedd3e800 JavaThread "Thread-1" daemon [_thread_blocked, id=1400, stack(0x000000d55fc00000,0x000000d55fd00000)]
  0x0000027bedd3b000 JavaThread "QuantumRenderer-0" daemon [_thread_blocked, id=1192, stack(0x000000d55fb00000,0x000000d55fc00000)]
  0x0000027bedd3f800 JavaThread "Service Thread" daemon [_thread_blocked, id=10968, stack(0x000000d55f900000,0x000000d55fa00000)]
  0x0000027bedd3a000 JavaThread "C1 CompilerThread3" daemon [_thread_blocked, id=3060, stack(0x000000d55f800000,0x000000d55f900000)]
  0x0000027bedd3b800 JavaThread "C2 CompilerThread2" daemon [_thread_blocked, id=12852, stack(0x000000d55f700000,0x000000d55f800000)]
  0x0000027bedd3d000 JavaThread "C2 CompilerThread1" daemon [_thread_blocked, id=6580, stack(0x000000d55f600000,0x000000d55f700000)]
  0x0000027bedd33800 JavaThread "C2 CompilerThread0" daemon [_thread_in_native, id=580, stack(0x000000d55f500000,0x000000d55f600000)]
  0x0000027bedd30000 JavaThread "Attach Listener" daemon [_thread_blocked, id=5700, stack(0x000000d55f400000,0x000000d55f500000)]
  0x0000027bedd2f000 JavaThread "Signal Dispatcher" daemon [_thread_blocked, id=2180, stack(0x000000d55f300000,0x000000d55f400000)]
  0x0000027bed10b800 JavaThread "Finalizer" daemon [_thread_blocked, id=12080, stack(0x000000d55f200000,0x000000d55f300000)]
  0x0000027bedcf9800 JavaThread "Reference Handler" daemon [_thread_blocked, id=13096, stack(0x000000d55f100000,0x000000d55f200000)]
  0x0000027bd7217800 JavaThread "main" [_thread_blocked, id=11832, stack(0x000000d55e700000,0x000000d55e800000)]

Other Threads:
  0x0000027bedcd3800 VMThread [stack: 0x000000d55f000000,0x000000d55f100000] [id=12256]
  0x0000027bedd7c000 WatcherThread [stack: 0x000000d55fa00000,0x000000d55fb00000] [id=8260]

VM state:not at safepoint (normal execution)

VM Mutex/Monitor currently owned by a thread: None

heap address: 0x0000000084400000, size: 1980 MB, Compressed Oops mode: 32-bit
Narrow klass base: 0x0000000000000000, Narrow klass shift: 3
Compressed class space size: 1073741824 Address: 0x0000000100000000

Heap:
 PSYoungGen      total 49664K, used 48113K [0x00000000d6c00000, 0x00000000da400000, 0x0000000100000000)
  eden space 44544K, 96% used [0x00000000d6c00000,0x00000000d95fe458,0x00000000d9780000)
  from space 5120K, 99% used [0x00000000d9c80000,0x00000000da17e1b8,0x00000000da180000)
  to   space 5120K, 0% used [0x00000000d9780000,0x00000000d9780000,0x00000000d9c80000)
 ParOldGen       total 75776K, used 22494K [0x0000000084400000, 0x0000000088e00000, 0x00000000d6c00000)
  object space 75776K, 29% used [0x0000000084400000,0x00000000859f7900,0x0000000088e00000)
 Metaspace       used 30046K, capacity 31164K, committed 31488K, reserved 1077248K
  class space    used 4050K, capacity 4315K, committed 4352K, reserved 1048576K

Card table byte_map: [0x0000027be7fd0000,0x0000027be83b0000] byte_map_base: 0x0000027be7bae000

Marking Bits: (ParMarkBitMap*) 0x000000005c504fb0
 Begin Bits: [0x0000027be8650000, 0x0000027bea540000)
 End Bits:   [0x0000027bea540000, 0x0000027bec430000)

Polling page: 0x0000027bd7360000

CodeCache: size=245760Kb used=12391Kb max_used=12391Kb free=233368Kb
 bounds [0x0000027bd8c10000, 0x0000027bd9840000, 0x0000027be7c10000]
 total_blobs=4869 nmethods=4005 adapters=776
 compilation: enabled

Compilation events (10 events):
Event: 29.705 Thread 0x0000027bedd3a000 4454       3       java.lang.String$CaseInsensitiveComparator::compare (13 bytes)
Event: 29.706 Thread 0x0000027bedd3a000 nmethod 4454 0x0000027bd9820b50 code [0x0000027bd9820cc0, 0x0000027bd9821030]
Event: 29.706 Thread 0x0000027bedd3a000 4451       3       java.util.Calendar::isExternallySet (16 bytes)
Event: 29.706 Thread 0x0000027bedd3a000 nmethod 4451 0x0000027bd9827190 code [0x0000027bd9827300, 0x0000027bd98274d8]
Event: 29.706 Thread 0x0000027bedd3a000 4450       3       java.util.Calendar::internalGet (7 bytes)
Event: 29.706 Thread 0x0000027bedd3a000 nmethod 4450 0x0000027bd9826dd0 code [0x0000027bd9826f20, 0x0000027bd9827098]
Event: 29.706 Thread 0x0000027bedd3a000 4453       1       com.mysql.cj.conf.AbstractRuntimeProperty::getInitialValue (5 bytes)
Event: 29.706 Thread 0x0000027bedd3a000 nmethod 4453 0x0000027bd9822f90 code [0x0000027bd98230e0, 0x0000027bd98231f8]
Event: 29.706 Thread 0x0000027bedd3a000 4452       1       com.mysql.cj.protocol.a.NativePacketHeader::getBuffer (5 bytes)
Event: 29.706 Thread 0x0000027bedd3a000 nmethod 4452 0x0000027bd9822cd0 code [0x0000027bd9822e20, 0x0000027bd9822f38]

GC Heap History (10 events):
Event: 1.700 GC heap before
{Heap before GC invocations=1 (full 0):
 PSYoungGen      total 36864K, used 31744K [0x00000000d6c00000, 0x00000000d9500000, 0x0000000100000000)
  eden space 31744K, 100% used [0x00000000d6c00000,0x00000000d8b00000,0x00000000d8b00000)
  from space 5120K, 0% used [0x00000000d9000000,0x00000000d9000000,0x00000000d9500000)
  to   space 5120K, 0% used [0x00000000d8b00000,0x00000000d8b00000,0x00000000d9000000)
 ParOldGen       total 84992K, used 0K [0x0000000084400000, 0x0000000089700000, 0x00000000d6c00000)
  object space 84992K, 0% used [0x0000000084400000,0x0000000084400000,0x0000000089700000)
 Metaspace       used 12694K, capacity 13098K, committed 13184K, reserved 1060864K
  class space    used 1781K, capacity 1919K, committed 1920K, reserved 1048576K
Event: 1.712 GC heap after
Heap after GC invocations=1 (full 0):
 PSYoungGen      total 36864K, used 3744K [0x00000000d6c00000, 0x00000000d9500000, 0x0000000100000000)
  eden space 31744K, 0% used [0x00000000d6c00000,0x00000000d6c00000,0x00000000d8b00000)
  from space 5120K, 73% used [0x00000000d8b00000,0x00000000d8ea8020,0x00000000d9000000)
  to   space 5120K, 0% used [0x00000000d9000000,0x00000000d9000000,0x00000000d9500000)
 ParOldGen       total 84992K, used 5840K [0x0000000084400000, 0x0000000089700000, 0x00000000d6c00000)
  object space 84992K, 6% used [0x0000000084400000,0x00000000849b4020,0x0000000089700000)
 Metaspace       used 12694K, capacity 13098K, committed 13184K, reserved 1060864K
  class space    used 1781K, capacity 1919K, committed 1920K, reserved 1048576K
}
Event: 8.112 GC heap before
{Heap before GC invocations=2 (full 0):
 PSYoungGen      total 36864K, used 27947K [0x00000000d6c00000, 0x00000000d9500000, 0x0000000100000000)
  eden space 31744K, 76% used [0x00000000d6c00000,0x00000000d83a2ed0,0x00000000d8b00000)
  from space 5120K, 73% used [0x00000000d8b00000,0x00000000d8ea8020,0x00000000d9000000)
  to   space 5120K, 0% used [0x00000000d9000000,0x00000000d9000000,0x00000000d9500000)
 ParOldGen       total 84992K, used 5840K [0x0000000084400000, 0x0000000089700000, 0x00000000d6c00000)
  object space 84992K, 6% used [0x0000000084400000,0x00000000849b4020,0x0000000089700000)
 Metaspace       used 20423K, capacity 21134K, committed 21248K, reserved 1067008K
  class space    used 2825K, capacity 3026K, committed 3072K, reserved 1048576K
Event: 8.126 GC heap after
Heap after GC invocations=2 (full 0):
 PSYoungGen      total 36864K, used 5104K [0x00000000d6c00000, 0x00000000d9500000, 0x0000000100000000)
  eden space 31744K, 0% used [0x00000000d6c00000,0x00000000d6c00000,0x00000000d8b00000)
  from space 5120K, 99% used [0x00000000d9000000,0x00000000d94fc040,0x00000000d9500000)
  to   space 5120K, 0% used [0x00000000d8b00000,0x00000000d8b00000,0x00000000d9000000)
 ParOldGen       total 84992K, used 13494K [0x0000000084400000, 0x0000000089700000, 0x00000000d6c00000)
  object space 84992K, 15% used [0x0000000084400000,0x000000008512d800,0x0000000089700000)
 Metaspace       used 20423K, capacity 21134K, committed 21248K, reserved 1067008K
  class space    used 2825K, capacity 3026K, committed 3072K, reserved 1048576K
}
Event: 8.126 GC heap before
{Heap before GC invocations=3 (full 1):
 PSYoungGen      total 36864K, used 5104K [0x00000000d6c00000, 0x00000000d9500000, 0x0000000100000000)
  eden space 31744K, 0% used [0x00000000d6c00000,0x00000000d6c00000,0x00000000d8b00000)
  from space 5120K, 99% used [0x00000000d9000000,0x00000000d94fc040,0x00000000d9500000)
  to   space 5120K, 0% used [0x00000000d8b00000,0x00000000d8b00000,0x00000000d9000000)
 ParOldGen       total 84992K, used 13494K [0x0000000084400000, 0x0000000089700000, 0x00000000d6c00000)
  object space 84992K, 15% used [0x0000000084400000,0x000000008512d800,0x0000000089700000)
 Metaspace       used 20423K, capacity 21134K, committed 21248K, reserved 1067008K
  class space    used 2825K, capacity 3026K, committed 3072K, reserved 1048576K
Event: 8.178 GC heap after
Heap after GC invocations=3 (full 1):
 PSYoungGen      total 36864K, used 0K [0x00000000d6c00000, 0x00000000d9500000, 0x0000000100000000)
  eden space 31744K, 0% used [0x00000000d6c00000,0x00000000d6c00000,0x00000000d8b00000)
  from space 5120K, 0% used [0x00000000d9000000,0x00000000d9000000,0x00000000d9500000)
  to   space 5120K, 0% used [0x00000000d8b00000,0x00000000d8b00000,0x00000000d9000000)
 ParOldGen       total 75776K, used 16557K [0x0000000084400000, 0x0000000088e00000, 0x00000000d6c00000)
  object space 75776K, 21% used [0x0000000084400000,0x000000008542b6b8,0x0000000088e00000)
 Metaspace       used 20423K, capacity 21134K, committed 21248K, reserved 1067008K
  class space    used 2825K, capacity 3026K, committed 3072K, reserved 1048576K
}
Event: 9.883 GC heap before
{Heap before GC invocations=4 (full 1):
 PSYoungGen      total 36864K, used 26882K [0x00000000d6c00000, 0x00000000d9500000, 0x0000000100000000)
  eden space 31744K, 84% used [0x00000000d6c00000,0x00000000d8640b48,0x00000000d8b00000)
  from space 5120K, 0% used [0x00000000d9000000,0x00000000d9000000,0x00000000d9500000)
  to   space 5120K, 0% used [0x00000000d8b00000,0x00000000d8b00000,0x00000000d9000000)
 ParOldGen       total 75776K, used 16557K [0x0000000084400000, 0x0000000088e00000, 0x00000000d6c00000)
  object space 75776K, 21% used [0x0000000084400000,0x000000008542b6b8,0x0000000088e00000)
 Metaspace       used 25872K, capacity 26688K, committed 26880K, reserved 1073152K
  class space    used 3567K, capacity 3781K, committed 3840K, reserved 1048576K
Event: 9.890 GC heap after
Heap after GC invocations=4 (full 1):
 PSYoungGen      total 36864K, used 4649K [0x00000000d6c00000, 0x00000000da180000, 0x0000000100000000)
  eden space 31744K, 0% used [0x00000000d6c00000,0x00000000d6c00000,0x00000000d8b00000)
  from space 5120K, 90% used [0x00000000d8b00000,0x00000000d8f8a5d0,0x00000000d9000000)
  to   space 5120K, 0% used [0x00000000d9c80000,0x00000000d9c80000,0x00000000da180000)
 ParOldGen       total 75776K, used 16565K [0x0000000084400000, 0x0000000088e00000, 0x00000000d6c00000)
  object space 75776K, 21% used [0x0000000084400000,0x000000008542d6b8,0x0000000088e00000)
 Metaspace       used 25872K, capacity 26688K, committed 26880K, reserved 1073152K
  class space    used 3567K, capacity 3781K, committed 3840K, reserved 1048576K
}
Event: 11.041 GC heap before
{Heap before GC invocations=5 (full 1):
 PSYoungGen      total 36864K, used 36393K [0x00000000d6c00000, 0x00000000da180000, 0x0000000100000000)
  eden space 31744K, 100% used [0x00000000d6c00000,0x00000000d8b00000,0x00000000d8b00000)
  from space 5120K, 90% used [0x00000000d8b00000,0x00000000d8f8a5d0,0x00000000d9000000)
  to   space 5120K, 0% used [0x00000000d9c80000,0x00000000d9c80000,0x00000000da180000)
 ParOldGen       total 75776K, used 16565K [0x0000000084400000, 0x0000000088e00000, 0x00000000d6c00000)
  object space 75776K, 21% used [0x0000000084400000,0x000000008542d6b8,0x0000000088e00000)
 Metaspace       used 28934K, capacity 30024K, committed 30208K, reserved 1075200K
  class space    used 4005K, capacity 4267K, committed 4352K, reserved 1048576K
Event: 11.053 GC heap after
Heap after GC invocations=5 (full 1):
 PSYoungGen      total 49664K, used 5112K [0x00000000d6c00000, 0x00000000da400000, 0x0000000100000000)
  eden space 44544K, 0% used [0x00000000d6c00000,0x00000000d6c00000,0x00000000d9780000)
  from space 5120K, 99% used [0x00000000d9c80000,0x00000000da17e1b8,0x00000000da180000)
  to   space 5120K, 0% used [0x00000000d9780000,0x00000000d9780000,0x00000000d9c80000)
 ParOldGen       total 75776K, used 22494K [0x0000000084400000, 0x0000000088e00000, 0x00000000d6c00000)
  object space 75776K, 29% used [0x0000000084400000,0x00000000859f7900,0x0000000088e00000)
 Metaspace       used 28934K, capacity 30024K, committed 30208K, reserved 1075200K
  class space    used 4005K, capacity 4267K, committed 4352K, reserved 1048576K
}

Deoptimization events (10 events):
Event: 11.362 Thread 0x0000027befbcf000 Uncommon trap: reason=class_check action=maybe_recompile pc=0x0000027bd91b3bf4 method=java.util.HashMap.putVal(ILjava/lang/Object;Ljava/lang/Object;ZZ)Ljava/lang/Object; @ 253
Event: 12.469 Thread 0x0000027bedd40000 Uncommon trap: reason=unstable_if action=reinterpret pc=0x0000027bd9441264 method=jdk.internal.org.objectweb.asm.Item.isEqualTo(Ljdk/internal/org/objectweb/asm/Item;)Z @ 331
Event: 26.582 Thread 0x0000027bedd40000 Uncommon trap: reason=unstable_if action=reinterpret pc=0x0000027bd8f0edc8 method=java.security.AccessControlContext.optimize()Ljava/security/AccessControlContext; @ 263
Event: 26.624 Thread 0x0000027bedd40000 Uncommon trap: reason=unstable_if action=reinterpret pc=0x0000027bd964ce7c method=java.lang.Math.round(D)J @ 48
Event: 26.641 Thread 0x0000027bedd3b000 Uncommon trap: reason=unstable_if action=reinterpret pc=0x0000027bd9728348 method=com.sun.prism.impl.GlyphCache.getCachedGlyph(II)Lcom/sun/prism/impl/GlyphCache$GlyphData; @ 43
Event: 27.501 Thread 0x0000027bedd3b000 Uncommon trap: reason=unstable_if action=reinterpret pc=0x0000027bd97518e0 method=java.lang.Math.round(F)I @ 36
Event: 27.501 Thread 0x0000027bedd3b000 Uncommon trap: reason=unstable_if action=reinterpret pc=0x0000027bd9585dc4 method=java.lang.Math.round(F)I @ 36
Event: 29.450 Thread 0x0000027bedd40000 Uncommon trap: reason=predicate action=maybe_recompile pc=0x0000027bd95871a8 method=java.util.ArrayList.remove(Ljava/lang/Object;)Z @ 49
Event: 29.542 Thread 0x0000027bedd40000 Uncommon trap: reason=unstable_if action=reinterpret pc=0x0000027bd8e40c00 method=org.netbeans.html.boot.fx.AbstractFXPresenter.toJavaScript(Ljava/lang/Object;Z)Ljava/lang/Object; @ 10
Event: 29.546 Thread 0x0000027bedd40000 Uncommon trap: reason=predicate action=maybe_recompile pc=0x0000027bd981d908 method=java.util.AbstractCollection.toArray([Ljava/lang/Object;)[Ljava/lang/Object; @ 49

Classes redefined (0 events):
No events

Internal exceptions (10 events):
Event: 9.787 Thread 0x0000027bedd40000 Exception <a 'java/io/FileNotFoundException'> (0x00000000d8300208) thrown at [C:\jenkins\workspace\8-2-build-windows-amd64-cygwin\jdk8u261\295\hotspot\src\share\vm\prims\jni.cpp, line 710]
Event: 9.882 Thread 0x0000027bedd40000 Exception <a 'java/io/FileNotFoundException'> (0x00000000d85d5dc0) thrown at [C:\jenkins\workspace\8-2-build-windows-amd64-cygwin\jdk8u261\295\hotspot\src\share\vm\prims\jni.cpp, line 710]
Event: 10.110 Thread 0x0000027bedd40000 Exception <a 'sun/nio/fs/WindowsException'> (0x00000000d77f0278) thrown at [C:\jenkins\workspace\8-2-build-windows-amd64-cygwin\jdk8u261\295\hotspot\src\share\vm\prims\jni.cpp, line 710]
Event: 10.114 Thread 0x0000027bedd40000 Exception <a 'sun/nio/fs/WindowsException'> (0x00000000d77f2a38) thrown at [C:\jenkins\workspace\8-2-build-windows-amd64-cygwin\jdk8u261\295\hotspot\src\share\vm\prims\jni.cpp, line 710]
Event: 10.280 Thread 0x0000027bedd40000 Implicit null exception at 0x0000027bd9377196 to 0x0000027bd937737a
Event: 10.360 Thread 0x0000027befbc4000 Exception <a 'sun/nio/fs/WindowsException'> (0x00000000d7c753e8) thrown at [C:\jenkins\workspace\8-2-build-windows-amd64-cygwin\jdk8u261\295\hotspot\src\share\vm\prims\jni.cpp, line 710]
Event: 10.367 Thread 0x0000027befbcd000 Exception <a 'java/io/FileNotFoundException'> (0x00000000d7cc0f78) thrown at [C:\jenkins\workspace\8-2-build-windows-amd64-cygwin\jdk8u261\295\hotspot\src\share\vm\prims\jni.cpp, line 710]
Event: 10.368 Thread 0x0000027befbcd000 Exception <a 'java/io/FileNotFoundException'> (0x00000000d7cc1928) thrown at [C:\jenkins\workspace\8-2-build-windows-amd64-cygwin\jdk8u261\295\hotspot\src\share\vm\prims\jni.cpp, line 710]
Event: 29.512 Thread 0x0000027befbc6000 Exception <a 'java/io/FileNotFoundException'> (0x00000000d9191948) thrown at [C:\jenkins\workspace\8-2-build-windows-amd64-cygwin\jdk8u261\295\hotspot\src\share\vm\prims\jni.cpp, line 710]
Event: 29.513 Thread 0x0000027befbc6000 Exception <a 'java/io/FileNotFoundException'> (0x00000000d91922f8) thrown at [C:\jenkins\workspace\8-2-build-windows-amd64-cygwin\jdk8u261\295\hotspot\src\share\vm\prims\jni.cpp, line 710]

Events (10 events):
Event: 29.530 Thread 0x0000027bedd40000 DEOPT PACKING pc=0x0000027bd91da31b sp=0x000000d55fdfb9d0
Event: 29.530 Thread 0x0000027bedd40000 DEOPT UNPACKING pc=0x0000027bd8c57898 sp=0x000000d55fdfb7e8 mode 0
Event: 29.531 Thread 0x0000027bedd40000 DEOPT PACKING pc=0x0000027bd91da31b sp=0x000000d55fdfb9d0
Event: 29.531 Thread 0x0000027bedd40000 DEOPT UNPACKING pc=0x0000027bd8c57898 sp=0x000000d55fdfb7e8 mode 0
Event: 29.542 Thread 0x0000027bedd40000 Uncommon trap: trap_request=0xffffff65 fr.pc=0x0000027bd8e40c00
Event: 29.542 Thread 0x0000027bedd40000 DEOPT PACKING pc=0x0000027bd8e40c00 sp=0x000000d55fdfbf40
Event: 29.542 Thread 0x0000027bedd40000 DEOPT UNPACKING pc=0x0000027bd8c55843 sp=0x000000d55fdfbf68 mode 2
Event: 29.546 Thread 0x0000027bedd40000 Uncommon trap: trap_request=0xffffff86 fr.pc=0x0000027bd981d908
Event: 29.546 Thread 0x0000027bedd40000 DEOPT PACKING pc=0x0000027bd981d908 sp=0x000000d55fdfc1a0
Event: 29.546 Thread 0x0000027bedd40000 DEOPT UNPACKING pc=0x0000027bd8c55843 sp=0x000000d55fdfc160 mode 2


Dynamic libraries:
0x00007ff6e7aa0000 - 0x00007ff6e7ae7000 	C:\Program Files\Java\jdk1.8.0_261\bin\javaw.exe
0x00007ff969ba0000 - 0x00007ff969d90000 	C:\WINDOWS\SYSTEM32\ntdll.dll
0x00007ff969420000 - 0x00007ff9694d2000 	C:\WINDOWS\System32\KERNEL32.DLL
0x00007ff966d40000 - 0x00007ff966fe5000 	C:\WINDOWS\System32\KERNELBASE.dll
0x00007ff967fe0000 - 0x00007ff968083000 	C:\WINDOWS\System32\ADVAPI32.dll
0x00007ff967c50000 - 0x00007ff967cee000 	C:\WINDOWS\System32\msvcrt.dll
0x00007ff968280000 - 0x00007ff968317000 	C:\WINDOWS\System32\sechost.dll
0x00007ff967dc0000 - 0x00007ff967ee0000 	C:\WINDOWS\System32\RPCRT4.dll
0x00007ff969280000 - 0x00007ff969414000 	C:\WINDOWS\System32\USER32.dll
0x00007ff967a00000 - 0x00007ff967a21000 	C:\WINDOWS\System32\win32u.dll
0x00007ff9685c0000 - 0x00007ff9685e6000 	C:\WINDOWS\System32\GDI32.dll
0x00007ff966b10000 - 0x00007ff966ca6000 	C:\WINDOWS\System32\gdi32full.dll
0x00007ff967a30000 - 0x00007ff967ace000 	C:\WINDOWS\System32\msvcp_win.dll
0x00007ff9670a0000 - 0x00007ff96719a000 	C:\WINDOWS\System32\ucrtbase.dll
0x00007ff95d060000 - 0x00007ff95d2e4000 	C:\WINDOWS\WinSxS\amd64_microsoft.windows.common-controls_6595b64144ccf1df_6.0.18362.1256_none_9e7e379be45e40e2\COMCTL32.dll
0x00007ff968e90000 - 0x00007ff9691c6000 	C:\WINDOWS\System32\combase.dll
0x00007ff966cb0000 - 0x00007ff966d31000 	C:\WINDOWS\System32\bcryptPrimitives.dll
0x00007ff967fb0000 - 0x00007ff967fde000 	C:\WINDOWS\System32\IMM32.DLL
0x00007ff961a00000 - 0x00007ff961a15000 	C:\Program Files\Java\jdk1.8.0_261\jre\bin\vcruntime140.dll
0x00007ff933380000 - 0x00007ff93341b000 	C:\Program Files\Java\jdk1.8.0_261\jre\bin\msvcp140.dll
0x000000005bd10000 - 0x000000005c57c000 	C:\Program Files\Java\jdk1.8.0_261\jre\bin\server\jvm.dll
0x00007ff9691f0000 - 0x00007ff9691f8000 	C:\WINDOWS\System32\PSAPI.DLL
0x00007ff960d70000 - 0x00007ff960d7a000 	C:\WINDOWS\SYSTEM32\VERSION.dll
0x00007ff95bef0000 - 0x00007ff95bf14000 	C:\WINDOWS\SYSTEM32\WINMM.dll
0x00007ff95aa30000 - 0x00007ff95aa39000 	C:\WINDOWS\SYSTEM32\WSOCK32.dll
0x00007ff968380000 - 0x00007ff9683ef000 	C:\WINDOWS\System32\WS2_32.dll
0x00007ff95bec0000 - 0x00007ff95beed000 	C:\WINDOWS\SYSTEM32\WINMMBASE.dll
0x00007ff9671a0000 - 0x00007ff9671ea000 	C:\WINDOWS\System32\cfgmgr32.dll
0x00007ff966a50000 - 0x00007ff966a61000 	C:\WINDOWS\System32\kernel.appcore.dll
0x00007ff961c90000 - 0x00007ff961ca0000 	C:\Program Files\Java\jdk1.8.0_261\jre\bin\verify.dll
0x00007ff9602e0000 - 0x00007ff96030b000 	C:\Program Files\Java\jdk1.8.0_261\jre\bin\java.dll
0x00007ff9605c0000 - 0x00007ff9605d8000 	C:\Program Files\Java\jdk1.8.0_261\jre\bin\zip.dll
0x00007ff9687a0000 - 0x00007ff968e87000 	C:\WINDOWS\System32\SHELL32.dll
0x00007ff9681c0000 - 0x00007ff968269000 	C:\WINDOWS\System32\shcore.dll
0x00007ff967270000 - 0x00007ff9679f1000 	C:\WINDOWS\System32\windows.storage.dll
0x00007ff966a90000 - 0x00007ff966ab3000 	C:\WINDOWS\System32\profapi.dll
0x00007ff966ac0000 - 0x00007ff966b0a000 	C:\WINDOWS\System32\powrprof.dll
0x00007ff966a40000 - 0x00007ff966a50000 	C:\WINDOWS\System32\UMPDC.dll
0x00007ff969af0000 - 0x00007ff969b42000 	C:\WINDOWS\System32\shlwapi.dll
0x00007ff967250000 - 0x00007ff967267000 	C:\WINDOWS\System32\cryptsp.dll
0x0000027bd73d0000 - 0x0000027bd73d3000 	C:\Program Files\Java\jdk1.8.0_261\jre\bin\api-ms-win-core-console-l1-1-0.dll
0x0000027bd73e0000 - 0x0000027bd73e3000 	C:\Program Files\Java\jdk1.8.0_261\jre\bin\api-ms-win-core-datetime-l1-1-0.dll
0x0000027bd73f0000 - 0x0000027bd73f3000 	C:\Program Files\Java\jdk1.8.0_261\jre\bin\api-ms-win-core-debug-l1-1-0.dll
0x0000027bd7400000 - 0x0000027bd7403000 	C:\Program Files\Java\jdk1.8.0_261\jre\bin\api-ms-win-core-errorhandling-l1-1-0.dll
0x0000027bd7410000 - 0x0000027bd7414000 	C:\Program Files\Java\jdk1.8.0_261\jre\bin\api-ms-win-core-file-l1-1-0.dll
0x0000027bd7420000 - 0x0000027bd7423000 	C:\Program Files\Java\jdk1.8.0_261\jre\bin\api-ms-win-core-file-l1-2-0.dll
0x0000027bd7430000 - 0x0000027bd7433000 	C:\Program Files\Java\jdk1.8.0_261\jre\bin\api-ms-win-core-file-l2-1-0.dll
0x0000027bd7440000 - 0x0000027bd7443000 	C:\Program Files\Java\jdk1.8.0_261\jre\bin\api-ms-win-core-handle-l1-1-0.dll
0x0000027bd7450000 - 0x0000027bd7453000 	C:\Program Files\Java\jdk1.8.0_261\jre\bin\api-ms-win-core-heap-l1-1-0.dll
0x0000027bef4e0000 - 0x0000027bef4e3000 	C:\Program Files\Java\jdk1.8.0_261\jre\bin\api-ms-win-core-interlocked-l1-1-0.dll
0x0000027bef4f0000 - 0x0000027bef4f3000 	C:\Program Files\Java\jdk1.8.0_261\jre\bin\api-ms-win-core-libraryloader-l1-1-0.dll
0x0000027bef500000 - 0x0000027bef503000 	C:\Program Files\Java\jdk1.8.0_261\jre\bin\api-ms-win-core-localization-l1-2-0.dll
0x0000027bef510000 - 0x0000027bef513000 	C:\Program Files\Java\jdk1.8.0_261\jre\bin\api-ms-win-core-memory-l1-1-0.dll
0x0000027bef520000 - 0x0000027bef523000 	C:\Program Files\Java\jdk1.8.0_261\jre\bin\api-ms-win-core-namedpipe-l1-1-0.dll
0x0000027bef530000 - 0x0000027bef533000 	C:\Program Files\Java\jdk1.8.0_261\jre\bin\api-ms-win-core-processenvironment-l1-1-0.dll
0x0000027bef540000 - 0x0000027bef543000 	C:\Program Files\Java\jdk1.8.0_261\jre\bin\api-ms-win-core-processthreads-l1-1-0.dll
0x0000027bef550000 - 0x0000027bef553000 	C:\Program Files\Java\jdk1.8.0_261\jre\bin\api-ms-win-core-processthreads-l1-1-1.dll
0x0000027bef560000 - 0x0000027bef563000 	C:\Program Files\Java\jdk1.8.0_261\jre\bin\api-ms-win-core-profile-l1-1-0.dll
0x0000027bef570000 - 0x0000027bef573000 	C:\Program Files\Java\jdk1.8.0_261\jre\bin\api-ms-win-core-rtlsupport-l1-1-0.dll
0x0000027bef580000 - 0x0000027bef583000 	C:\Program Files\Java\jdk1.8.0_261\jre\bin\api-ms-win-core-string-l1-1-0.dll
0x0000027bef590000 - 0x0000027bef593000 	C:\Program Files\Java\jdk1.8.0_261\jre\bin\api-ms-win-core-synch-l1-1-0.dll
0x0000027bef5a0000 - 0x0000027bef5a3000 	C:\Program Files\Java\jdk1.8.0_261\jre\bin\api-ms-win-core-synch-l1-2-0.dll
0x0000027bef5b0000 - 0x0000027bef5b3000 	C:\Program Files\Java\jdk1.8.0_261\jre\bin\api-ms-win-core-sysinfo-l1-1-0.dll
0x0000027bef5c0000 - 0x0000027bef5c3000 	C:\Program Files\Java\jdk1.8.0_261\jre\bin\api-ms-win-core-timezone-l1-1-0.dll
0x0000027bef5d0000 - 0x0000027bef5d3000 	C:\Program Files\Java\jdk1.8.0_261\jre\bin\api-ms-win-core-util-l1-1-0.dll
0x0000027bef5e0000 - 0x0000027bef5e3000 	C:\Program Files\Java\jdk1.8.0_261\jre\bin\api-ms-win-crt-conio-l1-1-0.dll
0x0000027bef5f0000 - 0x0000027bef5f4000 	C:\Program Files\Java\jdk1.8.0_261\jre\bin\api-ms-win-crt-convert-l1-1-0.dll
0x0000027bef600000 - 0x0000027bef603000 	C:\Program Files\Java\jdk1.8.0_261\jre\bin\api-ms-win-crt-environment-l1-1-0.dll
0x0000027bef610000 - 0x0000027bef613000 	C:\Program Files\Java\jdk1.8.0_261\jre\bin\api-ms-win-crt-filesystem-l1-1-0.dll
0x0000027bef620000 - 0x0000027bef623000 	C:\Program Files\Java\jdk1.8.0_261\jre\bin\api-ms-win-crt-heap-l1-1-0.dll
0x0000027bef630000 - 0x0000027bef633000 	C:\Program Files\Java\jdk1.8.0_261\jre\bin\api-ms-win-crt-locale-l1-1-0.dll
0x0000027bef640000 - 0x0000027bef645000 	C:\Program Files\Java\jdk1.8.0_261\jre\bin\api-ms-win-crt-math-l1-1-0.dll
0x0000027bef650000 - 0x0000027bef655000 	C:\Program Files\Java\jdk1.8.0_261\jre\bin\api-ms-win-crt-multibyte-l1-1-0.dll
0x0000027bef660000 - 0x0000027bef670000 	C:\Program Files\Java\jdk1.8.0_261\jre\bin\api-ms-win-crt-private-l1-1-0.dll
0x0000027bef670000 - 0x0000027bef673000 	C:\Program Files\Java\jdk1.8.0_261\jre\bin\api-ms-win-crt-process-l1-1-0.dll
0x0000027bef680000 - 0x0000027bef684000 	C:\Program Files\Java\jdk1.8.0_261\jre\bin\api-ms-win-crt-runtime-l1-1-0.dll
0x0000027bef690000 - 0x0000027bef694000 	C:\Program Files\Java\jdk1.8.0_261\jre\bin\api-ms-win-crt-stdio-l1-1-0.dll
0x0000027bef6a0000 - 0x0000027bef6a4000 	C:\Program Files\Java\jdk1.8.0_261\jre\bin\api-ms-win-crt-string-l1-1-0.dll
0x0000027bef6b0000 - 0x0000027bef6b3000 	C:\Program Files\Java\jdk1.8.0_261\jre\bin\api-ms-win-crt-time-l1-1-0.dll
0x0000027bef6c0000 - 0x0000027bef6c3000 	C:\Program Files\Java\jdk1.8.0_261\jre\bin\api-ms-win-crt-utility-l1-1-0.dll
0x00007ff928bb0000 - 0x00007ff928cac000 	C:\Program Files\Java\jdk1.8.0_261\jre\bin\ucrtbase.dll
0x00007ff934610000 - 0x00007ff934661000 	C:\Program Files\Java\jdk1.8.0_261\jre\bin\concrt140.dll
0x00007ff950d20000 - 0x00007ff950d43000 	C:\Program Files\Java\jdk1.8.0_261\jre\bin\prism_d3d.dll
0x00007ff925070000 - 0x00007ff925237000 	C:\WINDOWS\system32\d3d9.dll
0x00007ff964cf0000 - 0x00007ff964d1d000 	C:\WINDOWS\SYSTEM32\dwmapi.dll
0x00007ff965660000 - 0x00007ff965680000 	C:\WINDOWS\SYSTEM32\dxcore.dll
0x00007ff964970000 - 0x00007ff964a09000 	C:\WINDOWS\system32\uxtheme.dll
0x00007ff924850000 - 0x00007ff9249b4000 	C:\WINDOWS\System32\DriverStore\FileRepository\igdlh64.inf_amd64_ec9080124e70d178\igdumdim64.dll
0x00007ff903ff0000 - 0x00007ff907fca000 	C:\WINDOWS\System32\DriverStore\FileRepository\igdlh64.inf_amd64_ec9080124e70d178\igd9dxva64.dll
0x00007ff968460000 - 0x00007ff9685b7000 	C:\WINDOWS\System32\ole32.dll
0x00007ff967ee0000 - 0x00007ff967fa5000 	C:\WINDOWS\System32\OLEAUT32.dll
0x00007ff94e1e0000 - 0x00007ff94e384000 	C:\WINDOWS\System32\DriverStore\FileRepository\igdlh64.inf_amd64_ec9080124e70d178\igdgmm64.dll
0x00007ff9406d0000 - 0x00007ff940715000 	C:\Program Files\Java\jdk1.8.0_261\jre\bin\glass.dll
0x00007ff967cf0000 - 0x00007ff967dc0000 	C:\WINDOWS\System32\COMDLG32.dll
0x00007ff969950000 - 0x00007ff969a85000 	C:\WINDOWS\System32\MSCTF.dll
0x00007ff9605e0000 - 0x00007ff960606000 	C:\WINDOWS\System32\DriverStore\FileRepository\igdlh64.inf_amd64_ec9080124e70d178\igdinfo64.dll
0x00007ff94a310000 - 0x00007ff94c7ab000 	C:\WINDOWS\System32\DriverStore\FileRepository\igdlh64.inf_amd64_ec9080124e70d178\igc64.dll
0x00007ff950a60000 - 0x00007ff950a74000 	C:\Program Files\Java\jdk1.8.0_261\jre\bin\javafx_font.dll
0x00007ff94cd20000 - 0x00007ff94d01e000 	C:\WINDOWS\SYSTEM32\dwrite.dll
0x00007ff968090000 - 0x00007ff968132000 	C:\WINDOWS\System32\clbcatq.dll
0x00007ff952c50000 - 0x00007ff952dff000 	C:\WINDOWS\SYSTEM32\WindowsCodecs.dll
0x00007ff95b5b0000 - 0x00007ff95b5ea000 	C:\WINDOWS\system32\dataexchange.dll
0x00007ff964050000 - 0x00007ff96422d000 	C:\WINDOWS\system32\dcomp.dll
0x00007ff963990000 - 0x00007ff963beb000 	C:\WINDOWS\system32\d3d11.dll
0x00007ff9656f0000 - 0x00007ff9657db000 	C:\WINDOWS\system32\dxgi.dll
0x00007ff964a60000 - 0x00007ff964cc2000 	C:\WINDOWS\system32\twinapi.appcore.dll
0x00007ff964f80000 - 0x00007ff964fa9000 	C:\WINDOWS\system32\RMCLIENT.dll
0x00007ff9510f0000 - 0x00007ff951123000 	C:\Program Files\Common Files\Microsoft Shared\Ink\rtscom.dll
0x00007ff954120000 - 0x00007ff9541be000 	C:\WINDOWS\System32\TextInputFramework.dll
0x00007ff951bd0000 - 0x00007ff951efa000 	C:\WINDOWS\System32\CoreUIComponents.dll
0x00007ff9645a0000 - 0x00007ff964674000 	C:\WINDOWS\System32\CoreMessaging.dll
0x00007ff965a60000 - 0x00007ff965a91000 	C:\WINDOWS\SYSTEM32\ntmarta.dll
0x00007ff9624d0000 - 0x00007ff962623000 	C:\WINDOWS\SYSTEM32\wintypes.dll
0x00007ff95ae40000 - 0x00007ff95b0e7000 	C:\WINDOWS\System32\iertutil.dll
0x00007ff9633d0000 - 0x00007ff963990000 	C:\WINDOWS\SYSTEM32\d2d1.dll
0x00007ff946e50000 - 0x00007ff947591000 	C:\WINDOWS\SYSTEM32\D3D10Warp.dll
0x00007ff950a40000 - 0x00007ff950a52000 	C:\Program Files\Java\jdk1.8.0_261\jre\bin\prism_common.dll
0x00007ff9604e0000 - 0x00007ff9604fc000 	C:\Program Files\Java\jdk1.8.0_261\jre\bin\net.dll
0x00007ff966230000 - 0x00007ff966297000 	C:\WINDOWS\system32\mswsock.dll
0x00007ff965f80000 - 0x00007ff96604b000 	C:\WINDOWS\SYSTEM32\DNSAPI.dll
0x00007ff969b50000 - 0x00007ff969b58000 	C:\WINDOWS\System32\NSI.dll
0x00007ff965f40000 - 0x00007ff965f7a000 	C:\WINDOWS\SYSTEM32\IPHLPAPI.DLL
0x00007ff95e890000 - 0x00007ff95e89a000 	C:\Windows\System32\rasadhlp.dll
0x00007ff95e570000 - 0x00007ff95e5e7000 	C:\WINDOWS\System32\fwpuclnt.dll
0x00007ff967ad0000 - 0x00007ff967af6000 	C:\WINDOWS\System32\bcrypt.dll
0x00007ff9512d0000 - 0x00007ff9512f4000 	C:\Program Files\Java\jdk1.8.0_261\jre\bin\sunec.dll
0x00007ff95eb80000 - 0x00007ff95eb96000 	C:\WINDOWS\SYSTEM32\dhcpcsvc6.DLL
0x00007ff95f4b0000 - 0x00007ff95f4cc000 	C:\WINDOWS\SYSTEM32\dhcpcsvc.DLL

VM Arguments:
jvm_args: -Dfile.encoding=UTF-8 
java_command: com.gianmarco.merletti.progetto_ispw.logic.app.App
java_class_path (initial): C:\Users\giamp\git\ProgettoISPW\target\classes;C:\Users\giamp\.m2\repository\org\openjfx\javafx-controls\11.0.1\javafx-controls-11.0.1.jar;C:\Users\giamp\.m2\repository\org\openjfx\javafx-controls\11.0.1\javafx-controls-11.0.1-win.jar;C:\Users\giamp\.m2\repository\org\openjfx\javafx-graphics\11.0.1\javafx-graphics-11.0.1.jar;C:\Users\giamp\.m2\repository\org\openjfx\javafx-graphics\11.0.1\javafx-graphics-11.0.1-win.jar;C:\Users\giamp\.m2\repository\org\openjfx\javafx-base\11.0.1\javafx-base-11.0.1.jar;C:\Users\giamp\.m2\repository\org\openjfx\javafx-base\11.0.1\javafx-base-11.0.1-win.jar;C:\Users\giamp\.m2\repository\org\openjfx\javafx-fxml\11.0.1\javafx-fxml-11.0.1.jar;C:\Users\giamp\.m2\repository\org\openjfx\javafx-fxml\11.0.1\javafx-fxml-11.0.1-win.jar;C:\Users\giamp\.m2\repository\org\openjfx\javafx-web\11.0.1\javafx-web-11.0.1.jar;C:\Users\giamp\.m2\repository\org\openjfx\javafx-web\11.0.1\javafx-web-11.0.1-win.jar;C:\Users\giamp\.m2\repository\org\openjfx\javafx-media\11.0.1\javafx-media-11.0.1.jar;C:\Users\giamp\.m2\repository\org\openjfx\javafx-media\11.0.1\javafx-media-11.0.1-win.jar;C:\Users\giamp\.m2\repository\com\jfoenix\jfoenix\8.0.10\jfoenix-8.0.10.jar;C:\Users\giamp\.m2\repository\javax\servlet\jsp-api\2.0\jsp-api-2.0.jar;C:\Users\giamp\.m2\repository\javax\servlet\servlet-api\2.4\servlet-api-2.4.jar;C:\Users\giamp\.m2\repository\com\dukescript\api\leaflet4j\0.7.7\leaflet4j-0.7.7.jar;C:\Users\giamp\.m2\repository\org\netbeans\html\net.java.html.boot\1.7\net.java.html.boot-1.7.jar;C:\Users\giamp\.m2\repository\org\netbeans\html\net.java.html\1.7\net.java.html-1.7.jar;C:\Users\giamp\.m2\repository\org\netbeans\html\net.java.html.boot.fx\1.7\net.java.html.boot.fx-1.7.jar;C:\Users\giamp\.m2\repository\javax\servlet\javax.servlet-api\3.0.1\javax.servlet-api-3.0.1.jar;C:\Users\giamp\.m2\repository\commons-codec\commons-codec\1.14\commons-codec-1.14.jar;C:\Users\giamp\.m2\repository\mysql\mysql-connector-java\8.0.22\mysql-conne
Launcher Type: SUN_STANDARD

Environment Variables:
PATH=C:/Program Files/Java/jdk1.8.0_261/bin/../jre/bin/server;C:/Program Files/Java/jdk1.8.0_261/bin/../jre/bin;C:/Program Files/Java/jdk1.8.0_261/bin/../jre/lib/amd64;C:\Program Files\Intel\iCLS Client\;C:\WINDOWS\system32;C:\WINDOWS;C:\WINDOWS\System32\Wbem;C:\WINDOWS\System32\WindowsPowerShell\v1.0\;C:\Program Files\mingw-w64\x86_64-7.1.0-posix-seh-rt_v5-rev2\mingw64\bin;C:\WINDOWS\System32\OpenSSH\;C:\Program Files\Java\jdk1.8.0_261\bin;C:\MinGW\bin;C:\Program Files (x86)\Intel\Intel(R) Management Engine Components\DAL;C:\Program Files\Intel\Intel(R) Management Engine Components\DAL;C:\Users\giamp\AppData\Local\Microsoft\WindowsApps;C:\Program Files\Java\jdk1.8.0_181\bin;C:\MinGW\bin;C:\cygwin64\bin;C:\Program Files\eclipse_neon;
USERNAME=giamp
OS=Windows_NT
PROCESSOR_IDENTIFIER=Intel64 Family 6 Model 142 Stepping 10, GenuineIntel



---------------  S Y S T E M  ---------------

OS: Windows 10.0 , 64 bit Build 18362 (10.0.18362.1110)

CPU:total 8 (initial active 8) (4 cores per cpu, 2 threads per core) family 6 model 142 stepping 10, cmov, cx8, fxsr, mmx, sse, sse2, sse3, ssse3, sse4.1, sse4.2, popcnt, avx, avx2, aes, clmul, erms, 3dnowpref, lzcnt, ht, tsc, tscinvbit, bmi1, bmi2, adx

Memory: 4k page, physical 8105832k(3020680k free), swap 9437292k(1833264k free)

vm_info: Java HotSpot(TM) 64-Bit Server VM (25.261-b12) for windows-amd64 JRE (1.8.0_261-b12), built on Jun 18 2020 06:56:32 by "" with unknown MS VC++:1916

time: Sun Dec 20 17:19:33 2020
timezone: ora solare Europa occidentale
elapsed time: 29 seconds (0d 0h 0m 29s)

