#
# A fatal error has been detected by the Java Runtime Environment:
#
#  EXCEPTION_ACCESS_VIOLATION (0xc0000005) at pc=0x00007ff901593856, pid=13892, tid=0x0000000000003234
#
# JRE version: Java(TM) SE Runtime Environment (8.0_261-b12) (build 1.8.0_261-b12)
# Java VM: Java HotSpot(TM) 64-Bit Server VM (25.261-b12 mixed mode windows-amd64 compressed oops)
# Problematic frame:
# C  0x00007ff901593856
#
# Failed to write core dump. Minidumps are not enabled by default on client versions of Windows
#
# If you would like to submit a bug report, please visit:
#   http://bugreport.java.com/bugreport/crash.jsp
# The crash happened outside the Java Virtual Machine in native code.
# See problematic frame for where to report the bug.
#

---------------  T H R E A D  ---------------

Current thread (0x000002251032d000):  JavaThread "JavaFX Application Thread" [_thread_in_native, id=12852, stack(0x00000048dc900000,0x00000048dca00000)]

siginfo: ExceptionCode=0xc0000005, reading address 0xffffffffffffffff

Registers:
RAX=0x7200022518e8bc60, RBX=0x0000000000000004, RCX=0x00000000000001db, RDX=0x1400000000000000
RSP=0x00000048dc9fbcc0, RBP=0x00000048dc9fbd99, RSI=0x0000022518937f60, RDI=0x0000000000000000
R8 =0x0000000000000004, R9 =0x000002255e5ba1c0, R10=0x00000048dc9fbd40, R11=0x0000000000000008
R12=0x0000000000000006, R13=0x000002255f1607a0, R14=0x00000048dc9fbe40, R15=0x0000022519506f50
RIP=0x00007ff901593856, EFLAGS=0x0000000000010206

Top of Stack: (sp=0x00000048dc9fbcc0)
0x00000048dc9fbcc0:   000002255ec7bd00 00007ff90133bf98
0x00000048dc9fbcd0:   0000022518937f60 00000000ffffffff
0x00000048dc9fbce0:   0000022518d2d1f0 00007ff9015f53b5
0x00000048dc9fbcf0:   000002251908b820 00000048dc9fbd88
0x00000048dc9fbd00:   000002255e5bbe40 0000e3b2f28df0b3
0x00000048dc9fbd10:   000002255ec7bd00 000002255ea6d230
0x00000048dc9fbd20:   0000022518937f60 000002255f164b60
0x00000048dc9fbd30:   00000004dc9fbd00 0000022500000008
0x00000048dc9fbd40:   000002255edf8060 000002255efaecc0
0x00000048dc9fbd50:   000002255edf8050 000002255eb00980
0x00000048dc9fbd60:   000000000000000c 00000048dc9fbee8
0x00000048dc9fbd70:   000002251032d000 000000005be66e4e
0x00000048dc9fbd80:   00000048dc9fbd40 0000000000000000
0x00000048dc9fbd90:   0000e3b2f28df173 0000000000000030
0x00000048dc9fbda0:   0000e3b2f28df093 00007ff9006b02d4
0x00000048dc9fbdb0:   00000048dc9fbee0 0000000000000006 

Instructions: (pc=0x00007ff901593856)
0x00007ff901593836:   ff 8b ca 48 c1 e9 07 48 c1 e2 39 48 8b 80 d8 3e
0x00007ff901593846:   00 00 48 8b 80 c8 00 00 00 48 8b 04 c8 48 33 c2
0x00007ff901593856:   48 8b 40 40 48 83 c0 20 0f 84 ef 01 00 00 45 3b
0x00007ff901593866:   c3 74 22 48 8d 45 a7 4c 3b d0 74 05 4d 85 d2 75 


Register to memory mapping:

RAX=0x7200022518e8bc60 is an unknown value
RBX=0x0000000000000004 is an unknown value
RCX=0x00000000000001db is an unknown value
RDX=0x1400000000000000 is an unknown value
RSP=0x00000048dc9fbcc0 is pointing into the stack for thread: 0x000002251032d000
RBP=0x00000048dc9fbd99 is pointing into the stack for thread: 0x000002251032d000
RSI=0x0000022518937f60 is an unknown value
RDI=0x0000000000000000 is an unknown value
R8 =0x0000000000000004 is an unknown value
R9 =0x000002255e5ba1c0 is an unknown value
R10=0x00000048dc9fbd40 is pointing into the stack for thread: 0x000002251032d000
R11=0x0000000000000008 is an unknown value
R12=0x0000000000000006 is an unknown value
R13=0x000002255f1607a0 is an unknown value
R14=0x00000048dc9fbe40 is pointing into the stack for thread: 0x000002251032d000
R15=0x0000022519506f50 is an unknown value


Stack: [0x00000048dc900000,0x00000048dca00000],  sp=0x00000048dc9fbcc0,  free space=1007k
Native frames: (J=compiled Java code, j=interpreted, Vv=VM code, C=native code)
C  0x00007ff901593856
C  0x00007ff900b55b03
C  0x00000225002fd7af

Java frames: (J=compiled Java code, j=interpreted, Vv=VM code)
J 2921  com.sun.webkit.dom.JSObject.callImpl(JILjava/lang/String;[Ljava/lang/Object;Ljava/security/AccessControlContext;)Ljava/lang/Object; (0 bytes) @ 0x00000225002fd712 [0x00000225002fd680+0x92]
J 3795 C2 com.sun.webkit.dom.JSObject.call(Ljava/lang/String;[Ljava/lang/Object;)Ljava/lang/Object; (23 bytes) @ 0x0000022500a06ba0 [0x0000022500a064c0+0x6e0]
J 2933 C1 org.netbeans.html.boot.fx.AbstractFXPresenter$JSFn.invokeImpl(Ljava/lang/Object;Z[Ljava/lang/Object;)Ljava/lang/Object; (264 bytes) @ 0x00000225001af064 [0x00000225001aca80+0x25e4]
J 2935 C1 org.netbeans.html.boot.fx.AbstractFXPresenter$JSFn.invoke(Ljava/lang/Object;[Ljava/lang/Object;)Ljava/lang/Object; (8 bytes) @ 0x00000225003d2f84 [0x00000225003d2e80+0x104]
j  net.java.html.leaflet.EventMethodsHelper.addMouseListenerImpl(Ljava/lang/Object;Ljava/lang/String;Lnet/java/html/leaflet/event/MouseListener;Ljava/lang/Object;)Ljava/lang/Object;+111
j  net.java.html.leaflet.EventMethodsHelper.addMouseListener(Ljava/lang/Object;Lnet/java/html/leaflet/event/MouseEvent$Type;Lnet/java/html/leaflet/event/MouseListener;)V+12
j  net.java.html.leaflet.Marker.addMouseListener(Lnet/java/html/leaflet/event/MouseEvent$Type;Lnet/java/html/leaflet/event/MouseListener;)Lnet/java/html/leaflet/Marker;+6
j  com.gianmarco.merletti.progetto_ispw.logic.view.javafx.MapController.loadMarkers(Ljava/util/List;Lnet/java/html/leaflet/MarkerOptions;)V+173
j  com.gianmarco.merletti.progetto_ispw.logic.view.javafx.MapController.addEventFromCity(Lnet/java/html/leaflet/Map;Lcom/gianmarco/merletti/progetto_ispw/logic/util/CityEnum;)V+17
j  com.gianmarco.merletti.progetto_ispw.logic.view.javafx.MapController$1.run()V+562
j  org.netbeans.html.boot.fx.InitializeWebView.run()V+20
j  net.java.html.boot.BrowserBuilder$1OnPageLoad$1CallInitMethod.run()V+33
j  net.java.html.BrwsrCtx$1Wrap.run()V+24
j  org.netbeans.html.boot.fx.AbstractFXPresenter.execute(Ljava/lang/Runnable;)V+12
j  net.java.html.BrwsrCtx.execute(Ljava/lang/Runnable;)V+33
j  net.java.html.boot.BrowserBuilder$1OnPageLoad.run()V+146
j  org.netbeans.html.boot.fx.AbstractFXPresenter.onPageLoad()V+12
j  org.netbeans.html.boot.fx.InitializeWebView$FindViewListener.changed(Ljavafx/beans/value/ObservableValue;Ljavafx/concurrent/Worker$State;Ljavafx/concurrent/Worker$State;)V+49
j  org.netbeans.html.boot.fx.InitializeWebView$FindViewListener.changed(Ljavafx/beans/value/ObservableValue;Ljava/lang/Object;Ljava/lang/Object;)V+10
j  com.sun.javafx.binding.ExpressionHelper$Generic.fireValueChangedEvent()V+167
J 2749 C1 javafx.beans.property.ReadOnlyObjectWrapper.fireValueChangedEvent()V (19 bytes) @ 0x00000225008417c4 [0x00000225008413c0+0x404]
J 1539 C1 javafx.beans.property.ObjectPropertyBase.set(Ljava/lang/Object;)V (110 bytes) @ 0x00000225004bf4e4 [0x00000225004bed20+0x7c4]
j  javafx.scene.web.WebEngine$LoadWorker.updateState(Ljavafx/concurrent/Worker$State;)V+8
j  javafx.scene.web.WebEngine$LoadWorker.dispatchLoadEvent(JILjava/lang/String;Ljava/lang/String;DI)V+309
j  javafx.scene.web.WebEngine$LoadWorker.access$1200(Ljavafx/scene/web/WebEngine$LoadWorker;JILjava/lang/String;Ljava/lang/String;DI)V+11
j  javafx.scene.web.WebEngine$PageLoadListener.dispatchLoadEvent(JILjava/lang/String;Ljava/lang/String;DI)V+32
j  com.sun.webkit.WebPage.fireLoadEvent(JILjava/lang/String;Ljava/lang/String;DI)V+45
j  com.sun.webkit.WebPage.fwkFireLoadEvent(JILjava/lang/String;Ljava/lang/String;DI)V+94
v  ~StubRoutines::call_stub
j  com.sun.webkit.Timer.twkFireTimerEvent()V+0
j  com.sun.webkit.Timer.fireTimerEvent(J)V+45
j  com.sun.webkit.Timer.notifyTick()V+25
j  javafx.scene.web.WebEngine$PulseTimer.lambda$null$0()V+3
j  javafx.scene.web.WebEngine$PulseTimer$$Lambda$305.run()V+0
j  com.sun.javafx.application.PlatformImpl.lambda$null$5(Ljava/lang/Runnable;)Ljava/lang/Void;+1
j  com.sun.javafx.application.PlatformImpl$$Lambda$50.run()Ljava/lang/Object;+4
v  ~StubRoutines::call_stub
J 1242  java.security.AccessController.doPrivileged(Ljava/security/PrivilegedAction;Ljava/security/AccessControlContext;)Ljava/lang/Object; (0 bytes) @ 0x0000022500424726 [0x00000225004246c0+0x66]
j  com.sun.javafx.application.PlatformImpl.lambda$runLater$6(Ljava/lang/Runnable;Ljava/security/AccessControlContext;)V+7
J 3734 C1 com.sun.javafx.application.PlatformImpl$$Lambda$48.run()V (12 bytes) @ 0x00000225009d97c4 [0x00000225009d9740+0x84]
J 1423 C1 com.sun.glass.ui.InvokeLaterDispatcher$Future.run()V (91 bytes) @ 0x000002250047a80c [0x000002250047a700+0x10c]
v  ~StubRoutines::call_stub
j  com.sun.glass.ui.win.WinApplication._runLoop(Ljava/lang/Runnable;)V+0
j  com.sun.glass.ui.win.WinApplication.lambda$null$4(ILjava/lang/Runnable;)V+8
j  com.sun.glass.ui.win.WinApplication$$Lambda$38.run()V+12
j  java.lang.Thread.run()V+11
v  ~StubRoutines::call_stub

---------------  P R O C E S S  ---------------

Java Threads: ( => current thread )
  0x000002255ea5b800 JavaThread "URL-Loader-20" daemon [_thread_blocked, id=12724, stack(0x00000048dfa00000,0x00000048dfb00000)]
  0x000002255ea62800 JavaThread "URL-Loader-19" daemon [_thread_blocked, id=512, stack(0x00000048df900000,0x00000048dfa00000)]
  0x000002255ea61000 JavaThread "URL-Loader-18" daemon [_thread_blocked, id=13340, stack(0x00000048df800000,0x00000048df900000)]
  0x000002255ea60800 JavaThread "URL-Loader-17" daemon [_thread_blocked, id=14188, stack(0x00000048df700000,0x00000048df800000)]
  0x000002255ea62000 JavaThread "URL-Loader-16" daemon [_thread_blocked, id=10396, stack(0x00000048df600000,0x00000048df700000)]
  0x000002255ea5e000 JavaThread "URL-Loader-15" daemon [_thread_blocked, id=9808, stack(0x00000048df500000,0x00000048df600000)]
  0x000002255ea5f000 JavaThread "URL-Loader-14" daemon [_thread_blocked, id=6288, stack(0x00000048df400000,0x00000048df500000)]
  0x000002255ea5f800 JavaThread "URL-Loader-13" daemon [_thread_blocked, id=11852, stack(0x00000048df300000,0x00000048df400000)]
  0x000002255ea5c800 JavaThread "URL-Loader-12" daemon [_thread_blocked, id=812, stack(0x00000048df200000,0x00000048df300000)]
  0x000002255ea5d000 JavaThread "URL-Loader-11" daemon [_thread_blocked, id=6296, stack(0x00000048df100000,0x00000048df200000)]
  0x000002255ea54000 JavaThread "URL-Loader-10" daemon [_thread_blocked, id=12668, stack(0x00000048df000000,0x00000048df100000)]
  0x000002255ea5b000 JavaThread "Keep-Alive-Timer" daemon [_thread_blocked, id=11780, stack(0x00000048def00000,0x00000048df000000)]
  0x000002255ea55000 JavaThread "URL-Loader-9" daemon [_thread_blocked, id=12072, stack(0x00000048dee00000,0x00000048def00000)]
  0x000002255ea5a000 JavaThread "URL-Loader-8" daemon [_thread_blocked, id=12032, stack(0x00000048ded00000,0x00000048dee00000)]
  0x000002255ea56800 JavaThread "URL-Loader-7" daemon [_thread_blocked, id=5760, stack(0x00000048dec00000,0x00000048ded00000)]
  0x000002255ea58800 JavaThread "URL-Loader-6" daemon [_thread_blocked, id=1580, stack(0x00000048deb00000,0x00000048dec00000)]
  0x000002255ea55800 JavaThread "URL-Loader-5" daemon [_thread_blocked, id=14444, stack(0x00000048dea00000,0x00000048deb00000)]
  0x000002255ea59800 JavaThread "URL-Loader-4" daemon [_thread_blocked, id=12792, stack(0x00000048de700000,0x00000048de800000)]
  0x000002257f87b800 JavaThread "URL-Loader-3" daemon [_thread_blocked, id=8484, stack(0x00000048de200000,0x00000048de300000)]
  0x000002257f87b000 JavaThread "URL-Loader-2" daemon [_thread_blocked, id=10184, stack(0x00000048de100000,0x00000048de200000)]
  0x000002257f878000 JavaThread "Thread-5" daemon [_thread_in_native, id=2760, stack(0x00000048de000000,0x00000048de100000)]
  0x000002257f876000 JavaThread "URL-Loader-1" daemon [_thread_blocked, id=3896, stack(0x00000048dd800000,0x00000048dd900000)]
  0x00000225188da000 JavaThread "Disposer" daemon [_thread_blocked, id=9008, stack(0x00000048dd700000,0x00000048dd800000)]
  0x0000022518b05800 JavaThread "mysql-cj-abandoned-connection-cleanup" daemon [_thread_blocked, id=1420, stack(0x00000048dd600000,0x00000048dd700000)]
  0x0000022510798800 JavaThread "Prism Font Disposer" daemon [_thread_blocked, id=3656, stack(0x00000048dcf00000,0x00000048dd000000)]
  0x00000225104af800 JavaThread "Thread-3" daemon [_thread_in_native, id=1400, stack(0x00000048dcd00000,0x00000048dce00000)]
  0x000002251055e000 JavaThread "JavaFX-Launcher" [_thread_blocked, id=1192, stack(0x00000048dce00000,0x00000048dcf00000)]
=>0x000002251032d000 JavaThread "JavaFX Application Thread" [_thread_in_native, id=12852, stack(0x00000048dc900000,0x00000048dca00000)]
  0x0000022510317000 JavaThread "Thread-1" daemon [_thread_blocked, id=6580, stack(0x00000048dc800000,0x00000048dc900000)]
  0x0000022510095000 JavaThread "QuantumRenderer-0" daemon [_thread_blocked, id=580, stack(0x00000048dc700000,0x00000048dc800000)]
  0x000002250fd00800 JavaThread "Service Thread" daemon [_thread_blocked, id=2180, stack(0x00000048dc500000,0x00000048dc600000)]
  0x000002257f87a000 JavaThread "C1 CompilerThread3" daemon [_thread_blocked, id=12080, stack(0x00000048dc400000,0x00000048dc500000)]
  0x000002257f878800 JavaThread "C2 CompilerThread2" daemon [_thread_blocked, id=13096, stack(0x00000048dc300000,0x00000048dc400000)]
  0x000002257f871000 JavaThread "C2 CompilerThread1" daemon [_thread_blocked, id=12256, stack(0x00000048dc200000,0x00000048dc300000)]
  0x000002257f86a800 JavaThread "C2 CompilerThread0" daemon [_thread_blocked, id=4960, stack(0x00000048dc100000,0x00000048dc200000)]
  0x000002257f864000 JavaThread "Attach Listener" daemon [_thread_blocked, id=15308, stack(0x00000048dc000000,0x00000048dc100000)]
  0x000002257f863000 JavaThread "Signal Dispatcher" daemon [_thread_blocked, id=13916, stack(0x00000048dbf00000,0x00000048dc000000)]
  0x000002257ec3a800 JavaThread "Finalizer" daemon [_thread_blocked, id=9064, stack(0x00000048dbe00000,0x00000048dbf00000)]
  0x000002257f83a800 JavaThread "Reference Handler" daemon [_thread_blocked, id=11832, stack(0x00000048dbd00000,0x00000048dbe00000)]
  0x0000022577ea9800 JavaThread "main" [_thread_blocked, id=9704, stack(0x00000048db300000,0x00000048db400000)]

Other Threads:
  0x000002257f812800 VMThread [stack: 0x00000048dbc00000,0x00000048dbd00000] [id=5324]
  0x000002257f8de000 WatcherThread [stack: 0x00000048dc600000,0x00000048dc700000] [id=5700]

VM state:not at safepoint (normal execution)

VM Mutex/Monitor currently owned by a thread: None

heap address: 0x0000000084400000, size: 1980 MB, Compressed Oops mode: 32-bit
Narrow klass base: 0x0000000000000000, Narrow klass shift: 3
Compressed class space size: 1073741824 Address: 0x0000000100000000

Heap:
 PSYoungGen      total 52736K, used 31082K [0x00000000d6c00000, 0x00000000da600000, 0x0000000100000000)
  eden space 47616K, 54% used [0x00000000d6c00000,0x00000000d85629a8,0x00000000d9a80000)
  from space 5120K, 99% used [0x00000000d9f80000,0x00000000da4780c0,0x00000000da480000)
  to   space 5120K, 0% used [0x00000000d9a80000,0x00000000d9a80000,0x00000000d9f80000)
 ParOldGen       total 57344K, used 23866K [0x0000000084400000, 0x0000000087c00000, 0x00000000d6c00000)
  object space 57344K, 41% used [0x0000000084400000,0x0000000085b4eb20,0x0000000087c00000)
 Metaspace       used 29616K, capacity 30744K, committed 30976K, reserved 1075200K
  class space    used 4040K, capacity 4305K, committed 4352K, reserved 1048576K

Card table byte_map: [0x0000022579ad0000,0x0000022579eb0000] byte_map_base: 0x00000225796ae000

Marking Bits: (ParMarkBitMap*) 0x000000005c504fb0
 Begin Bits: [0x000002257a150000, 0x000002257c040000)
 End Bits:   [0x000002257c040000, 0x000002257df30000)

Polling page: 0x0000022577e20000

CodeCache: size=245760Kb used=10213Kb max_used=10231Kb free=235546Kb
 bounds [0x0000022500000000, 0x0000022500a10000, 0x000002250f000000]
 total_blobs=4244 nmethods=3384 adapters=772
 compilation: enabled

Compilation events (10 events):
Event: 14.679 Thread 0x000002257f87a000 3802       3       java.util.Calendar::isExternallySet (16 bytes)
Event: 14.679 Thread 0x000002257f87a000 nmethod 3802 0x00000225005da5d0 code [0x00000225005da740, 0x00000225005da918]
Event: 14.679 Thread 0x000002257f87a000 3801       3       java.util.Calendar::internalGet (7 bytes)
Event: 14.680 Thread 0x000002257f87a000 nmethod 3801 0x00000225005ba9d0 code [0x00000225005bab20, 0x00000225005bac98]
Event: 14.680 Thread 0x000002257f87a000 3803       3       com.mysql.cj.protocol.AbstractSocketConnection::getMysqlInput (25 bytes)
Event: 14.681 Thread 0x000002257f87a000 nmethod 3803 0x0000022500a002d0 code [0x0000022500a00460, 0x0000022500a00760]
Event: 14.681 Thread 0x000002257f87a000 3804       1       com.mysql.cj.protocol.a.NativePacketHeader::getBuffer (5 bytes)
Event: 14.681 Thread 0x000002257f87a000 nmethod 3804 0x00000225005ba710 code [0x00000225005ba860, 0x00000225005ba978]
Event: 14.681 Thread 0x000002257f87a000 3805       1       com.mysql.cj.conf.AbstractRuntimeProperty::getInitialValue (5 bytes)
Event: 14.681 Thread 0x000002257f87a000 nmethod 3805 0x0000022500a00010 code [0x0000022500a00160, 0x0000022500a00278]

GC Heap History (10 events):
Event: 2.368 GC heap before
{Heap before GC invocations=1 (full 0):
 PSYoungGen      total 36864K, used 31744K [0x00000000d6c00000, 0x00000000d9500000, 0x0000000100000000)
  eden space 31744K, 100% used [0x00000000d6c00000,0x00000000d8b00000,0x00000000d8b00000)
  from space 5120K, 0% used [0x00000000d9000000,0x00000000d9000000,0x00000000d9500000)
  to   space 5120K, 0% used [0x00000000d8b00000,0x00000000d8b00000,0x00000000d9000000)
 ParOldGen       total 84992K, used 0K [0x0000000084400000, 0x0000000089700000, 0x00000000d6c00000)
  object space 84992K, 0% used [0x0000000084400000,0x0000000084400000,0x0000000089700000)
 Metaspace       used 12734K, capacity 13162K, committed 13184K, reserved 1060864K
  class space    used 1782K, capacity 1919K, committed 1920K, reserved 1048576K
Event: 2.384 GC heap after
Heap after GC invocations=1 (full 0):
 PSYoungGen      total 36864K, used 3667K [0x00000000d6c00000, 0x00000000d9500000, 0x0000000100000000)
  eden space 31744K, 0% used [0x00000000d6c00000,0x00000000d6c00000,0x00000000d8b00000)
  from space 5120K, 71% used [0x00000000d8b00000,0x00000000d8e94df0,0x00000000d9000000)
  to   space 5120K, 0% used [0x00000000d9000000,0x00000000d9000000,0x00000000d9500000)
 ParOldGen       total 84992K, used 5832K [0x0000000084400000, 0x0000000089700000, 0x00000000d6c00000)
  object space 84992K, 6% used [0x0000000084400000,0x00000000849b2020,0x0000000089700000)
 Metaspace       used 12734K, capacity 13162K, committed 13184K, reserved 1060864K
  class space    used 1782K, capacity 1919K, committed 1920K, reserved 1048576K
}
Event: 9.161 GC heap before
{Heap before GC invocations=2 (full 0):
 PSYoungGen      total 36864K, used 28571K [0x00000000d6c00000, 0x00000000d9500000, 0x0000000100000000)
  eden space 31744K, 78% used [0x00000000d6c00000,0x00000000d8451fd0,0x00000000d8b00000)
  from space 5120K, 71% used [0x00000000d8b00000,0x00000000d8e94df0,0x00000000d9000000)
  to   space 5120K, 0% used [0x00000000d9000000,0x00000000d9000000,0x00000000d9500000)
 ParOldGen       total 84992K, used 5832K [0x0000000084400000, 0x0000000089700000, 0x00000000d6c00000)
  object space 84992K, 6% used [0x0000000084400000,0x00000000849b2020,0x0000000089700000)
 Metaspace       used 20414K, capacity 21134K, committed 21248K, reserved 1067008K
  class space    used 2828K, capacity 3026K, committed 3072K, reserved 1048576K
Event: 9.174 GC heap after
Heap after GC invocations=2 (full 0):
 PSYoungGen      total 36864K, used 5088K [0x00000000d6c00000, 0x00000000d9500000, 0x0000000100000000)
  eden space 31744K, 0% used [0x00000000d6c00000,0x00000000d6c00000,0x00000000d8b00000)
  from space 5120K, 99% used [0x00000000d9000000,0x00000000d94f8050,0x00000000d9500000)
  to   space 5120K, 0% used [0x00000000d8b00000,0x00000000d8b00000,0x00000000d9000000)
 ParOldGen       total 84992K, used 13657K [0x0000000084400000, 0x0000000089700000, 0x00000000d6c00000)
  object space 84992K, 16% used [0x0000000084400000,0x0000000085156710,0x0000000089700000)
 Metaspace       used 20414K, capacity 21134K, committed 21248K, reserved 1067008K
  class space    used 2828K, capacity 3026K, committed 3072K, reserved 1048576K
}
Event: 9.174 GC heap before
{Heap before GC invocations=3 (full 1):
 PSYoungGen      total 36864K, used 5088K [0x00000000d6c00000, 0x00000000d9500000, 0x0000000100000000)
  eden space 31744K, 0% used [0x00000000d6c00000,0x00000000d6c00000,0x00000000d8b00000)
  from space 5120K, 99% used [0x00000000d9000000,0x00000000d94f8050,0x00000000d9500000)
  to   space 5120K, 0% used [0x00000000d8b00000,0x00000000d8b00000,0x00000000d9000000)
 ParOldGen       total 84992K, used 13657K [0x0000000084400000, 0x0000000089700000, 0x00000000d6c00000)
  object space 84992K, 16% used [0x0000000084400000,0x0000000085156710,0x0000000089700000)
 Metaspace       used 20414K, capacity 21134K, committed 21248K, reserved 1067008K
  class space    used 2828K, capacity 3026K, committed 3072K, reserved 1048576K
Event: 9.223 GC heap after
Heap after GC invocations=3 (full 1):
 PSYoungGen      total 36864K, used 0K [0x00000000d6c00000, 0x00000000d9500000, 0x0000000100000000)
  eden space 31744K, 0% used [0x00000000d6c00000,0x00000000d6c00000,0x00000000d8b00000)
  from space 5120K, 0% used [0x00000000d9000000,0x00000000d9000000,0x00000000d9500000)
  to   space 5120K, 0% used [0x00000000d8b00000,0x00000000d8b00000,0x00000000d9000000)
 ParOldGen       total 57344K, used 16780K [0x0000000084400000, 0x0000000087c00000, 0x00000000d6c00000)
  object space 57344K, 29% used [0x0000000084400000,0x00000000854632f8,0x0000000087c00000)
 Metaspace       used 20414K, capacity 21134K, committed 21248K, reserved 1067008K
  class space    used 2828K, capacity 3026K, committed 3072K, reserved 1048576K
}
Event: 11.019 GC heap before
{Heap before GC invocations=4 (full 1):
 PSYoungGen      total 36864K, used 31744K [0x00000000d6c00000, 0x00000000d9500000, 0x0000000100000000)
  eden space 31744K, 100% used [0x00000000d6c00000,0x00000000d8b00000,0x00000000d8b00000)
  from space 5120K, 0% used [0x00000000d9000000,0x00000000d9000000,0x00000000d9500000)
  to   space 5120K, 0% used [0x00000000d8b00000,0x00000000d8b00000,0x00000000d9000000)
 ParOldGen       total 57344K, used 16780K [0x0000000084400000, 0x0000000087c00000, 0x00000000d6c00000)
  object space 57344K, 29% used [0x0000000084400000,0x00000000854632f8,0x0000000087c00000)
 Metaspace       used 25857K, capacity 26630K, committed 26880K, reserved 1073152K
  class space    used 3570K, capacity 3782K, committed 3840K, reserved 1048576K
Event: 11.033 GC heap after
Heap after GC invocations=4 (full 1):
 PSYoungGen      total 36864K, used 4416K [0x00000000d6c00000, 0x00000000da480000, 0x0000000100000000)
  eden space 31744K, 0% used [0x00000000d6c00000,0x00000000d6c00000,0x00000000d8b00000)
  from space 5120K, 86% used [0x00000000d8b00000,0x00000000d8f503a0,0x00000000d9000000)
  to   space 5120K, 0% used [0x00000000d9f80000,0x00000000d9f80000,0x00000000da480000)
 ParOldGen       total 57344K, used 22548K [0x0000000084400000, 0x0000000087c00000, 0x00000000d6c00000)
  object space 57344K, 39% used [0x0000000084400000,0x0000000085a05308,0x0000000087c00000)
 Metaspace       used 25857K, capacity 26630K, committed 26880K, reserved 1073152K
  class space    used 3570K, capacity 3782K, committed 3840K, reserved 1048576K
}
Event: 12.125 GC heap before
{Heap before GC invocations=5 (full 1):
 PSYoungGen      total 36864K, used 36160K [0x00000000d6c00000, 0x00000000da480000, 0x0000000100000000)
  eden space 31744K, 100% used [0x00000000d6c00000,0x00000000d8b00000,0x00000000d8b00000)
  from space 5120K, 86% used [0x00000000d8b00000,0x00000000d8f503a0,0x00000000d9000000)
  to   space 5120K, 0% used [0x00000000d9f80000,0x00000000d9f80000,0x00000000da480000)
 ParOldGen       total 57344K, used 22548K [0x0000000084400000, 0x0000000087c00000, 0x00000000d6c00000)
  object space 57344K, 39% used [0x0000000084400000,0x0000000085a05308,0x0000000087c00000)
 Metaspace       used 28999K, capacity 30088K, committed 30208K, reserved 1075200K
  class space    used 4015K, capacity 4267K, committed 4352K, reserved 1048576K
Event: 12.135 GC heap after
Heap after GC invocations=5 (full 1):
 PSYoungGen      total 52736K, used 5088K [0x00000000d6c00000, 0x00000000da600000, 0x0000000100000000)
  eden space 47616K, 0% used [0x00000000d6c00000,0x00000000d6c00000,0x00000000d9a80000)
  from space 5120K, 99% used [0x00000000d9f80000,0x00000000da4780c0,0x00000000da480000)
  to   space 5120K, 0% used [0x00000000d9a80000,0x00000000d9a80000,0x00000000d9f80000)
 ParOldGen       total 57344K, used 23866K [0x0000000084400000, 0x0000000087c00000, 0x00000000d6c00000)
  object space 57344K, 41% used [0x0000000084400000,0x0000000085b4eb20,0x0000000087c00000)
 Metaspace       used 28999K, capacity 30088K, committed 30208K, reserved 1075200K
  class space    used 4015K, capacity 4267K, committed 4352K, reserved 1048576K
}

Deoptimization events (10 events):
Event: 11.772 Thread 0x000002251032d000 Uncommon trap: reason=unstable_if action=reinterpret pc=0x00000225007fc8cc method=sun.misc.FloatingDecimal$ASCIIToBinaryBuffer.doubleValue()D @ 68
Event: 11.787 Thread 0x000002251032d000 Uncommon trap: reason=unstable_if action=reinterpret pc=0x00000225003c79f0 method=java.security.AccessControlContext.combine([Ljava/security/ProtectionDomain;[Ljava/security/ProtectionDomain;)[Ljava/security/ProtectionDomain; @ 39
Event: 11.837 Thread 0x000002255ea59800 Uncommon trap: reason=unstable_if action=reinterpret pc=0x00000225008905a4 method=java.util.Arrays.equals([B[B)Z @ 23
Event: 11.860 Thread 0x000002255ea59800 Uncommon trap: reason=unstable_if action=reinterpret pc=0x00000225004fc540 method=java.lang.String.indexOf([CII[CIII)I @ 27
Event: 11.970 Thread 0x000002255ea55000 Uncommon trap: reason=class_check action=maybe_recompile pc=0x0000022500586874 method=java.util.HashMap.putVal(ILjava/lang/Object;Ljava/lang/Object;ZZ)Ljava/lang/Object; @ 253
Event: 11.983 Thread 0x000002255ea5a000 Uncommon trap: reason=class_check action=maybe_recompile pc=0x0000022500586874 method=java.util.HashMap.putVal(ILjava/lang/Object;Ljava/lang/Object;ZZ)Ljava/lang/Object; @ 253
Event: 12.001 Thread 0x000002255ea58800 Uncommon trap: reason=class_check action=maybe_recompile pc=0x0000022500586874 method=java.util.HashMap.putVal(ILjava/lang/Object;Ljava/lang/Object;ZZ)Ljava/lang/Object; @ 253
Event: 12.001 Thread 0x000002255ea56800 Uncommon trap: reason=class_check action=maybe_recompile pc=0x0000022500586874 method=java.util.HashMap.putVal(ILjava/lang/Object;Ljava/lang/Object;ZZ)Ljava/lang/Object; @ 253
Event: 14.489 Thread 0x000002255ea55800 Uncommon trap: reason=predicate action=maybe_recompile pc=0x0000022500539308 method=java.util.AbstractCollection.toArray([Ljava/lang/Object;)[Ljava/lang/Object; @ 49
Event: 14.519 Thread 0x000002251032d000 Uncommon trap: reason=unstable_if action=reinterpret pc=0x00000225001fdfcc method=org.netbeans.html.boot.fx.AbstractFXPresenter.toJavaScript(Ljava/lang/Object;Z)Ljava/lang/Object; @ 10

Classes redefined (0 events):
No events

Internal exceptions (10 events):
Event: 10.835 Thread 0x000002251032d000 Exception <a 'java/io/FileNotFoundException'> (0x00000000d8238f88) thrown at [C:\jenkins\workspace\8-2-build-windows-amd64-cygwin\jdk8u261\295\hotspot\src\share\vm\prims\jni.cpp, line 710]
Event: 10.935 Thread 0x000002251032d000 Exception <a 'java/io/FileNotFoundException'> (0x00000000d850e9c8) thrown at [C:\jenkins\workspace\8-2-build-windows-amd64-cygwin\jdk8u261\295\hotspot\src\share\vm\prims\jni.cpp, line 710]
Event: 11.158 Thread 0x000002251032d000 Exception <a 'sun/nio/fs/WindowsException'> (0x00000000d7201160) thrown at [C:\jenkins\workspace\8-2-build-windows-amd64-cygwin\jdk8u261\295\hotspot\src\share\vm\prims\jni.cpp, line 710]
Event: 11.161 Thread 0x000002251032d000 Exception <a 'sun/nio/fs/WindowsException'> (0x00000000d7203920) thrown at [C:\jenkins\workspace\8-2-build-windows-amd64-cygwin\jdk8u261\295\hotspot\src\share\vm\prims\jni.cpp, line 710]
Event: 11.330 Thread 0x000002251032d000 Implicit null exception at 0x000002250074b816 to 0x000002250074b9fa
Event: 11.411 Thread 0x000002257f878000 Exception <a 'sun/nio/fs/WindowsException'> (0x00000000d76b0a38) thrown at [C:\jenkins\workspace\8-2-build-windows-amd64-cygwin\jdk8u261\295\hotspot\src\share\vm\prims\jni.cpp, line 710]
Event: 11.417 Thread 0x000002257f87b800 Exception <a 'java/io/FileNotFoundException'> (0x00000000d76fc5b0) thrown at [C:\jenkins\workspace\8-2-build-windows-amd64-cygwin\jdk8u261\295\hotspot\src\share\vm\prims\jni.cpp, line 710]
Event: 11.417 Thread 0x000002257f87b800 Exception <a 'java/io/FileNotFoundException'> (0x00000000d76fcf60) thrown at [C:\jenkins\workspace\8-2-build-windows-amd64-cygwin\jdk8u261\295\hotspot\src\share\vm\prims\jni.cpp, line 710]
Event: 14.490 Thread 0x000002255ea55800 Exception <a 'java/io/FileNotFoundException'> (0x00000000d814e670) thrown at [C:\jenkins\workspace\8-2-build-windows-amd64-cygwin\jdk8u261\295\hotspot\src\share\vm\prims\jni.cpp, line 710]
Event: 14.490 Thread 0x000002255ea55800 Exception <a 'java/io/FileNotFoundException'> (0x00000000d814f020) thrown at [C:\jenkins\workspace\8-2-build-windows-amd64-cygwin\jdk8u261\295\hotspot\src\share\vm\prims\jni.cpp, line 710]

Events (10 events):
Event: 14.508 Thread 0x000002251032d000 DEOPT UNPACKING pc=0x0000022500047898 sp=0x00000048dc9fb848 mode 0
Event: 14.508 Thread 0x000002251032d000 DEOPT PACKING pc=0x000002250011766c sp=0x00000048dc9fbf60
Event: 14.508 Thread 0x000002251032d000 DEOPT UNPACKING pc=0x0000022500047898 sp=0x00000048dc9fbcd8 mode 0
Event: 14.509 Thread 0x000002251032d000 DEOPT PACKING pc=0x00000225005aba9b sp=0x00000048dc9fba80
Event: 14.509 Thread 0x000002251032d000 DEOPT UNPACKING pc=0x0000022500047898 sp=0x00000048dc9fb898 mode 0
Event: 14.509 Thread 0x000002251032d000 DEOPT PACKING pc=0x00000225005aba9b sp=0x00000048dc9fba80
Event: 14.509 Thread 0x000002251032d000 DEOPT UNPACKING pc=0x0000022500047898 sp=0x00000048dc9fb898 mode 0
Event: 14.519 Thread 0x000002251032d000 Uncommon trap: trap_request=0xffffff65 fr.pc=0x00000225001fdfcc
Event: 14.519 Thread 0x000002251032d000 DEOPT PACKING pc=0x00000225001fdfcc sp=0x00000048dc9fbff0
Event: 14.519 Thread 0x000002251032d000 DEOPT UNPACKING pc=0x0000022500045843 sp=0x00000048dc9fc028 mode 2


Dynamic libraries:
0x00007ff6e7aa0000 - 0x00007ff6e7ae7000 	C:\Program Files\Java\jdk1.8.0_261\bin\javaw.exe
0x00007ff969ba0000 - 0x00007ff969d90000 	C:\WINDOWS\SYSTEM32\ntdll.dll
0x00007ff969420000 - 0x00007ff9694d2000 	C:\WINDOWS\System32\KERNEL32.DLL
0x00007ff966d40000 - 0x00007ff966fe5000 	C:\WINDOWS\System32\KERNELBASE.dll
0x00007ff967fe0000 - 0x00007ff968083000 	C:\WINDOWS\System32\ADVAPI32.dll
0x00007ff967c50000 - 0x00007ff967cee000 	C:\WINDOWS\System32\msvcrt.dll
0x00007ff968280000 - 0x00007ff968317000 	C:\WINDOWS\System32\sechost.dll
0x00007ff967dc0000 - 0x00007ff967ee0000 	C:\WINDOWS\System32\RPCRT4.dll
0x00007ff969280000 - 0x00007ff969414000 	C:\WINDOWS\System32\USER32.dll
0x00007ff967a00000 - 0x00007ff967a21000 	C:\WINDOWS\System32\win32u.dll
0x00007ff9685c0000 - 0x00007ff9685e6000 	C:\WINDOWS\System32\GDI32.dll
0x00007ff966b10000 - 0x00007ff966ca6000 	C:\WINDOWS\System32\gdi32full.dll
0x00007ff967a30000 - 0x00007ff967ace000 	C:\WINDOWS\System32\msvcp_win.dll
0x00007ff9670a0000 - 0x00007ff96719a000 	C:\WINDOWS\System32\ucrtbase.dll
0x00007ff95d060000 - 0x00007ff95d2e4000 	C:\WINDOWS\WinSxS\amd64_microsoft.windows.common-controls_6595b64144ccf1df_6.0.18362.1256_none_9e7e379be45e40e2\COMCTL32.dll
0x00007ff968e90000 - 0x00007ff9691c6000 	C:\WINDOWS\System32\combase.dll
0x00007ff966cb0000 - 0x00007ff966d31000 	C:\WINDOWS\System32\bcryptPrimitives.dll
0x00007ff967fb0000 - 0x00007ff967fde000 	C:\WINDOWS\System32\IMM32.DLL
0x00007ff951280000 - 0x00007ff951295000 	C:\Program Files\Java\jdk1.8.0_261\jre\bin\vcruntime140.dll
0x00007ff94d0c0000 - 0x00007ff94d15b000 	C:\Program Files\Java\jdk1.8.0_261\jre\bin\msvcp140.dll
0x000000005bd10000 - 0x000000005c57c000 	C:\Program Files\Java\jdk1.8.0_261\jre\bin\server\jvm.dll
0x00007ff9691f0000 - 0x00007ff9691f8000 	C:\WINDOWS\System32\PSAPI.DLL
0x00007ff960d70000 - 0x00007ff960d7a000 	C:\WINDOWS\SYSTEM32\VERSION.dll
0x00007ff95bef0000 - 0x00007ff95bf14000 	C:\WINDOWS\SYSTEM32\WINMM.dll
0x00007ff95aa30000 - 0x00007ff95aa39000 	C:\WINDOWS\SYSTEM32\WSOCK32.dll
0x00007ff968380000 - 0x00007ff9683ef000 	C:\WINDOWS\System32\WS2_32.dll
0x00007ff95bec0000 - 0x00007ff95beed000 	C:\WINDOWS\SYSTEM32\winmmbase.dll
0x00007ff9671a0000 - 0x00007ff9671ea000 	C:\WINDOWS\System32\cfgmgr32.dll
0x00007ff966a50000 - 0x00007ff966a61000 	C:\WINDOWS\System32\kernel.appcore.dll
0x00007ff961c90000 - 0x00007ff961ca0000 	C:\Program Files\Java\jdk1.8.0_261\jre\bin\verify.dll
0x00007ff9602e0000 - 0x00007ff96030b000 	C:\Program Files\Java\jdk1.8.0_261\jre\bin\java.dll
0x00007ff9605c0000 - 0x00007ff9605d8000 	C:\Program Files\Java\jdk1.8.0_261\jre\bin\zip.dll
0x00007ff9687a0000 - 0x00007ff968e87000 	C:\WINDOWS\System32\SHELL32.dll
0x00007ff9681c0000 - 0x00007ff968269000 	C:\WINDOWS\System32\shcore.dll
0x00007ff967270000 - 0x00007ff9679f1000 	C:\WINDOWS\System32\windows.storage.dll
0x00007ff966a90000 - 0x00007ff966ab3000 	C:\WINDOWS\System32\profapi.dll
0x00007ff966ac0000 - 0x00007ff966b0a000 	C:\WINDOWS\System32\powrprof.dll
0x00007ff966a40000 - 0x00007ff966a50000 	C:\WINDOWS\System32\UMPDC.dll
0x00007ff969af0000 - 0x00007ff969b42000 	C:\WINDOWS\System32\shlwapi.dll
0x00007ff967250000 - 0x00007ff967267000 	C:\WINDOWS\System32\cryptsp.dll
0x000002257ff60000 - 0x000002257ff63000 	C:\Program Files\Java\jdk1.8.0_261\jre\bin\api-ms-win-core-console-l1-1-0.dll
0x000002257ff70000 - 0x000002257ff73000 	C:\Program Files\Java\jdk1.8.0_261\jre\bin\api-ms-win-core-datetime-l1-1-0.dll
0x000002257ff80000 - 0x000002257ff83000 	C:\Program Files\Java\jdk1.8.0_261\jre\bin\api-ms-win-core-debug-l1-1-0.dll
0x000002257ff90000 - 0x000002257ff93000 	C:\Program Files\Java\jdk1.8.0_261\jre\bin\api-ms-win-core-errorhandling-l1-1-0.dll
0x000002257ffa0000 - 0x000002257ffa4000 	C:\Program Files\Java\jdk1.8.0_261\jre\bin\api-ms-win-core-file-l1-1-0.dll
0x000002257ffb0000 - 0x000002257ffb3000 	C:\Program Files\Java\jdk1.8.0_261\jre\bin\api-ms-win-core-file-l1-2-0.dll
0x000002257ffc0000 - 0x000002257ffc3000 	C:\Program Files\Java\jdk1.8.0_261\jre\bin\api-ms-win-core-file-l2-1-0.dll
0x000002257ffd0000 - 0x000002257ffd3000 	C:\Program Files\Java\jdk1.8.0_261\jre\bin\api-ms-win-core-handle-l1-1-0.dll
0x000002257ffe0000 - 0x000002257ffe3000 	C:\Program Files\Java\jdk1.8.0_261\jre\bin\api-ms-win-core-heap-l1-1-0.dll
0x000002257fff0000 - 0x000002257fff3000 	C:\Program Files\Java\jdk1.8.0_261\jre\bin\api-ms-win-core-interlocked-l1-1-0.dll
0x00000225100e0000 - 0x00000225100e3000 	C:\Program Files\Java\jdk1.8.0_261\jre\bin\api-ms-win-core-libraryloader-l1-1-0.dll
0x00000225100f0000 - 0x00000225100f3000 	C:\Program Files\Java\jdk1.8.0_261\jre\bin\api-ms-win-core-localization-l1-2-0.dll
0x0000022510100000 - 0x0000022510103000 	C:\Program Files\Java\jdk1.8.0_261\jre\bin\api-ms-win-core-memory-l1-1-0.dll
0x0000022510110000 - 0x0000022510113000 	C:\Program Files\Java\jdk1.8.0_261\jre\bin\api-ms-win-core-namedpipe-l1-1-0.dll
0x0000022510120000 - 0x0000022510123000 	C:\Program Files\Java\jdk1.8.0_261\jre\bin\api-ms-win-core-processenvironment-l1-1-0.dll
0x0000022510130000 - 0x0000022510133000 	C:\Program Files\Java\jdk1.8.0_261\jre\bin\api-ms-win-core-processthreads-l1-1-0.dll
0x0000022510140000 - 0x0000022510143000 	C:\Program Files\Java\jdk1.8.0_261\jre\bin\api-ms-win-core-processthreads-l1-1-1.dll
0x0000022510150000 - 0x0000022510153000 	C:\Program Files\Java\jdk1.8.0_261\jre\bin\api-ms-win-core-profile-l1-1-0.dll
0x0000022510160000 - 0x0000022510163000 	C:\Program Files\Java\jdk1.8.0_261\jre\bin\api-ms-win-core-rtlsupport-l1-1-0.dll
0x0000022510170000 - 0x0000022510173000 	C:\Program Files\Java\jdk1.8.0_261\jre\bin\api-ms-win-core-string-l1-1-0.dll
0x0000022510180000 - 0x0000022510183000 	C:\Program Files\Java\jdk1.8.0_261\jre\bin\api-ms-win-core-synch-l1-1-0.dll
0x0000022510190000 - 0x0000022510193000 	C:\Program Files\Java\jdk1.8.0_261\jre\bin\api-ms-win-core-synch-l1-2-0.dll
0x00000225101a0000 - 0x00000225101a3000 	C:\Program Files\Java\jdk1.8.0_261\jre\bin\api-ms-win-core-sysinfo-l1-1-0.dll
0x00000225101b0000 - 0x00000225101b3000 	C:\Program Files\Java\jdk1.8.0_261\jre\bin\api-ms-win-core-timezone-l1-1-0.dll
0x00000225101c0000 - 0x00000225101c3000 	C:\Program Files\Java\jdk1.8.0_261\jre\bin\api-ms-win-core-util-l1-1-0.dll
0x00000225101d0000 - 0x00000225101d3000 	C:\Program Files\Java\jdk1.8.0_261\jre\bin\api-ms-win-crt-conio-l1-1-0.dll
0x00000225101e0000 - 0x00000225101e4000 	C:\Program Files\Java\jdk1.8.0_261\jre\bin\api-ms-win-crt-convert-l1-1-0.dll
0x00000225101f0000 - 0x00000225101f3000 	C:\Program Files\Java\jdk1.8.0_261\jre\bin\api-ms-win-crt-environment-l1-1-0.dll
0x0000022510200000 - 0x0000022510203000 	C:\Program Files\Java\jdk1.8.0_261\jre\bin\api-ms-win-crt-filesystem-l1-1-0.dll
0x0000022510210000 - 0x0000022510213000 	C:\Program Files\Java\jdk1.8.0_261\jre\bin\api-ms-win-crt-heap-l1-1-0.dll
0x0000022510220000 - 0x0000022510223000 	C:\Program Files\Java\jdk1.8.0_261\jre\bin\api-ms-win-crt-locale-l1-1-0.dll
0x0000022510230000 - 0x0000022510235000 	C:\Program Files\Java\jdk1.8.0_261\jre\bin\api-ms-win-crt-math-l1-1-0.dll
0x0000022510240000 - 0x0000022510245000 	C:\Program Files\Java\jdk1.8.0_261\jre\bin\api-ms-win-crt-multibyte-l1-1-0.dll
0x0000022510250000 - 0x0000022510260000 	C:\Program Files\Java\jdk1.8.0_261\jre\bin\api-ms-win-crt-private-l1-1-0.dll
0x0000022510260000 - 0x0000022510263000 	C:\Program Files\Java\jdk1.8.0_261\jre\bin\api-ms-win-crt-process-l1-1-0.dll
0x0000022510270000 - 0x0000022510274000 	C:\Program Files\Java\jdk1.8.0_261\jre\bin\api-ms-win-crt-runtime-l1-1-0.dll
0x0000022510280000 - 0x0000022510284000 	C:\Program Files\Java\jdk1.8.0_261\jre\bin\api-ms-win-crt-stdio-l1-1-0.dll
0x0000022510290000 - 0x0000022510294000 	C:\Program Files\Java\jdk1.8.0_261\jre\bin\api-ms-win-crt-string-l1-1-0.dll
0x00000225102a0000 - 0x00000225102a3000 	C:\Program Files\Java\jdk1.8.0_261\jre\bin\api-ms-win-crt-time-l1-1-0.dll
0x00000225102b0000 - 0x00000225102b3000 	C:\Program Files\Java\jdk1.8.0_261\jre\bin\api-ms-win-crt-utility-l1-1-0.dll
0x00007ff934f60000 - 0x00007ff93505c000 	C:\Program Files\Java\jdk1.8.0_261\jre\bin\ucrtbase.dll
0x00007ff94d370000 - 0x00007ff94d3c1000 	C:\Program Files\Java\jdk1.8.0_261\jre\bin\concrt140.dll
0x00007ff951250000 - 0x00007ff951273000 	C:\Program Files\Java\jdk1.8.0_261\jre\bin\prism_d3d.dll
0x00007ff9300a0000 - 0x00007ff930267000 	C:\WINDOWS\system32\d3d9.dll
0x00007ff964cf0000 - 0x00007ff964d1d000 	C:\WINDOWS\SYSTEM32\dwmapi.dll
0x00007ff965660000 - 0x00007ff965680000 	C:\WINDOWS\SYSTEM32\dxcore.dll
0x00007ff964970000 - 0x00007ff964a09000 	C:\WINDOWS\system32\uxtheme.dll
0x00007ff92ff30000 - 0x00007ff930094000 	C:\WINDOWS\System32\DriverStore\FileRepository\igdlh64.inf_amd64_ec9080124e70d178\igdumdim64.dll
0x00007ff903ff0000 - 0x00007ff907fca000 	C:\WINDOWS\System32\DriverStore\FileRepository\igdlh64.inf_amd64_ec9080124e70d178\igd9dxva64.dll
0x00007ff968460000 - 0x00007ff9685b7000 	C:\WINDOWS\System32\ole32.dll
0x00007ff967ee0000 - 0x00007ff967fa5000 	C:\WINDOWS\System32\OLEAUT32.dll
0x00007ff94e1e0000 - 0x00007ff94e384000 	C:\WINDOWS\System32\DriverStore\FileRepository\igdlh64.inf_amd64_ec9080124e70d178\igdgmm64.dll
0x00007ff9406d0000 - 0x00007ff940715000 	C:\Program Files\Java\jdk1.8.0_261\jre\bin\glass.dll
0x00007ff967cf0000 - 0x00007ff967dc0000 	C:\WINDOWS\System32\COMDLG32.dll
0x00007ff969950000 - 0x00007ff969a85000 	C:\WINDOWS\System32\MSCTF.dll
0x00007ff9605e0000 - 0x00007ff960606000 	C:\WINDOWS\System32\DriverStore\FileRepository\igdlh64.inf_amd64_ec9080124e70d178\igdinfo64.dll
0x00007ff94a310000 - 0x00007ff94c7ab000 	C:\WINDOWS\System32\DriverStore\FileRepository\igdlh64.inf_amd64_ec9080124e70d178\igc64.dll
0x00007ff951110000 - 0x00007ff951124000 	C:\Program Files\Java\jdk1.8.0_261\jre\bin\javafx_font.dll
0x00007ff94cd20000 - 0x00007ff94d01e000 	C:\WINDOWS\SYSTEM32\dwrite.dll
0x00007ff968090000 - 0x00007ff968132000 	C:\WINDOWS\System32\clbcatq.dll
0x00007ff952c50000 - 0x00007ff952dff000 	C:\WINDOWS\SYSTEM32\WindowsCodecs.dll
0x00007ff95b5b0000 - 0x00007ff95b5ea000 	C:\WINDOWS\system32\dataexchange.dll
0x00007ff964050000 - 0x00007ff96422d000 	C:\WINDOWS\system32\dcomp.dll
0x00007ff963990000 - 0x00007ff963beb000 	C:\WINDOWS\system32\d3d11.dll
0x00007ff9656f0000 - 0x00007ff9657db000 	C:\WINDOWS\system32\dxgi.dll
0x00007ff964a60000 - 0x00007ff964cc2000 	C:\WINDOWS\system32\twinapi.appcore.dll
0x00007ff964f80000 - 0x00007ff964fa9000 	C:\WINDOWS\system32\RMCLIENT.dll
0x00007ff950d10000 - 0x00007ff950d43000 	C:\Program Files\Common Files\Microsoft Shared\Ink\rtscom.dll
0x00007ff954120000 - 0x00007ff9541be000 	C:\WINDOWS\System32\TextInputFramework.dll
0x00007ff9645a0000 - 0x00007ff964674000 	C:\WINDOWS\System32\CoreMessaging.dll
0x00007ff951bd0000 - 0x00007ff951efa000 	C:\WINDOWS\System32\CoreUIComponents.dll
0x00007ff965a60000 - 0x00007ff965a91000 	C:\WINDOWS\SYSTEM32\ntmarta.dll
0x00007ff9624d0000 - 0x00007ff962623000 	C:\WINDOWS\SYSTEM32\wintypes.dll
0x00007ff95ae40000 - 0x00007ff95b0e7000 	C:\WINDOWS\System32\iertutil.dll
0x00007ff9633d0000 - 0x00007ff963990000 	C:\WINDOWS\SYSTEM32\d2d1.dll
0x00007ff946e50000 - 0x00007ff947591000 	C:\WINDOWS\SYSTEM32\D3D10Warp.dll
0x00007ff9510f0000 - 0x00007ff951102000 	C:\Program Files\Java\jdk1.8.0_261\jre\bin\prism_common.dll
0x00007ff9604e0000 - 0x00007ff9604fc000 	C:\Program Files\Java\jdk1.8.0_261\jre\bin\net.dll
0x00007ff966230000 - 0x00007ff966297000 	C:\WINDOWS\system32\mswsock.dll
0x00007ff965f80000 - 0x00007ff96604b000 	C:\WINDOWS\SYSTEM32\DNSAPI.dll
0x00007ff969b50000 - 0x00007ff969b58000 	C:\WINDOWS\System32\NSI.dll
0x00007ff965f40000 - 0x00007ff965f7a000 	C:\WINDOWS\SYSTEM32\IPHLPAPI.DLL
0x00007ff95e890000 - 0x00007ff95e89a000 	C:\Windows\System32\rasadhlp.dll
0x00007ff95e570000 - 0x00007ff95e5e7000 	C:\WINDOWS\System32\fwpuclnt.dll
0x00007ff967ad0000 - 0x00007ff967af6000 	C:\WINDOWS\System32\bcrypt.dll
0x00007ff950a50000 - 0x00007ff950a74000 	C:\Program Files\Java\jdk1.8.0_261\jre\bin\sunec.dll
0x00007ff95eb80000 - 0x00007ff95eb96000 	C:\WINDOWS\SYSTEM32\dhcpcsvc6.DLL
0x00007ff95f4b0000 - 0x00007ff95f4cc000 	C:\WINDOWS\SYSTEM32\dhcpcsvc.DLL

VM Arguments:
jvm_args: -Dfile.encoding=UTF-8 
java_command: com.gianmarco.merletti.progetto_ispw.logic.app.App
java_class_path (initial): C:\Users\giamp\git\ProgettoISPW\target\classes;C:\Users\giamp\.m2\repository\org\openjfx\javafx-controls\11.0.1\javafx-controls-11.0.1.jar;C:\Users\giamp\.m2\repository\org\openjfx\javafx-controls\11.0.1\javafx-controls-11.0.1-win.jar;C:\Users\giamp\.m2\repository\org\openjfx\javafx-graphics\11.0.1\javafx-graphics-11.0.1.jar;C:\Users\giamp\.m2\repository\org\openjfx\javafx-graphics\11.0.1\javafx-graphics-11.0.1-win.jar;C:\Users\giamp\.m2\repository\org\openjfx\javafx-base\11.0.1\javafx-base-11.0.1.jar;C:\Users\giamp\.m2\repository\org\openjfx\javafx-base\11.0.1\javafx-base-11.0.1-win.jar;C:\Users\giamp\.m2\repository\org\openjfx\javafx-fxml\11.0.1\javafx-fxml-11.0.1.jar;C:\Users\giamp\.m2\repository\org\openjfx\javafx-fxml\11.0.1\javafx-fxml-11.0.1-win.jar;C:\Users\giamp\.m2\repository\org\openjfx\javafx-web\11.0.1\javafx-web-11.0.1.jar;C:\Users\giamp\.m2\repository\org\openjfx\javafx-web\11.0.1\javafx-web-11.0.1-win.jar;C:\Users\giamp\.m2\repository\org\openjfx\javafx-media\11.0.1\javafx-media-11.0.1.jar;C:\Users\giamp\.m2\repository\org\openjfx\javafx-media\11.0.1\javafx-media-11.0.1-win.jar;C:\Users\giamp\.m2\repository\com\jfoenix\jfoenix\8.0.10\jfoenix-8.0.10.jar;C:\Users\giamp\.m2\repository\javax\servlet\jsp-api\2.0\jsp-api-2.0.jar;C:\Users\giamp\.m2\repository\javax\servlet\servlet-api\2.4\servlet-api-2.4.jar;C:\Users\giamp\.m2\repository\com\dukescript\api\leaflet4j\0.7.7\leaflet4j-0.7.7.jar;C:\Users\giamp\.m2\repository\org\netbeans\html\net.java.html.boot\1.7\net.java.html.boot-1.7.jar;C:\Users\giamp\.m2\repository\org\netbeans\html\net.java.html\1.7\net.java.html-1.7.jar;C:\Users\giamp\.m2\repository\org\netbeans\html\net.java.html.boot.fx\1.7\net.java.html.boot.fx-1.7.jar;C:\Users\giamp\.m2\repository\javax\servlet\javax.servlet-api\3.0.1\javax.servlet-api-3.0.1.jar;C:\Users\giamp\.m2\repository\commons-codec\commons-codec\1.14\commons-codec-1.14.jar;C:\Users\giamp\.m2\repository\mysql\mysql-connector-java\8.0.22\mysql-conne
Launcher Type: SUN_STANDARD

Environment Variables:
PATH=C:/Program Files/Java/jdk1.8.0_261/bin/../jre/bin/server;C:/Program Files/Java/jdk1.8.0_261/bin/../jre/bin;C:/Program Files/Java/jdk1.8.0_261/bin/../jre/lib/amd64;C:\Program Files\Intel\iCLS Client\;C:\WINDOWS\system32;C:\WINDOWS;C:\WINDOWS\System32\Wbem;C:\WINDOWS\System32\WindowsPowerShell\v1.0\;C:\Program Files\mingw-w64\x86_64-7.1.0-posix-seh-rt_v5-rev2\mingw64\bin;C:\WINDOWS\System32\OpenSSH\;C:\Program Files\Java\jdk1.8.0_261\bin;C:\MinGW\bin;C:\Program Files (x86)\Intel\Intel(R) Management Engine Components\DAL;C:\Program Files\Intel\Intel(R) Management Engine Components\DAL;C:\Users\giamp\AppData\Local\Microsoft\WindowsApps;C:\Program Files\Java\jdk1.8.0_181\bin;C:\MinGW\bin;C:\cygwin64\bin;C:\Program Files\eclipse_neon;
USERNAME=giamp
OS=Windows_NT
PROCESSOR_IDENTIFIER=Intel64 Family 6 Model 142 Stepping 10, GenuineIntel



---------------  S Y S T E M  ---------------

OS: Windows 10.0 , 64 bit Build 18362 (10.0.18362.1110)

CPU:total 8 (initial active 8) (4 cores per cpu, 2 threads per core) family 6 model 142 stepping 10, cmov, cx8, fxsr, mmx, sse, sse2, sse3, ssse3, sse4.1, sse4.2, popcnt, avx, avx2, aes, clmul, erms, 3dnowpref, lzcnt, ht, tsc, tscinvbit, bmi1, bmi2, adx

Memory: 4k page, physical 8105832k(3635960k free), swap 9437292k(2660492k free)

vm_info: Java HotSpot(TM) 64-Bit Server VM (25.261-b12) for windows-amd64 JRE (1.8.0_261-b12), built on Jun 18 2020 06:56:32 by "" with unknown MS VC++:1916

time: Sun Dec 20 17:25:43 2020
timezone: ora solare Europa occidentale
elapsed time: 14 seconds (0d 0h 0m 14s)

